{"/Users/lucavisconti/BP-Academy/bitcoin-academy/apps/web/src/middleware.ts": {"path":"/Users/lucavisconti/BP-Academy/bitcoin-academy/apps/web/src/middleware.ts","statementMap":{"0":{"start":{"line":5,"column":36},"end":{"line":5,"column":50}},"1":{"start":{"line":5,"column":9},"end":{"line":5,"column":27}},"2":{"start":{"line":5,"column":50},"end":{"line":5,"column":null}}},"fnMap":{},"branchMap":{},"s":{"0":0,"1":0,"2":0},"f":{},"b":{}}
,"/Users/lucavisconti/BP-Academy/bitcoin-academy/apps/web/src/app/layout.tsx": {"path":"/Users/lucavisconti/BP-Academy/bitcoin-academy/apps/web/src/app/layout.tsx","statementMap":{"0":{"start":{"line":11,"column":24},"end":{"line":11,"column":35}},"1":{"start":{"line":5,"column":13},"end":{"line":5,"column":21}},"2":{"start":{"line":2,"column":7},"end":{"line":2,"column":null}},"3":{"start":{"line":3,"column":29},"end":{"line":3,"column":null}},"4":{"start":{"line":5,"column":34},"end":{"line":9,"column":null}}},"fnMap":{"0":{"name":"RootLayout","decl":{"start":{"line":11,"column":24},"end":{"line":11,"column":35}},"loc":{"start":{"line":11,"column":78},"end":{"line":19,"column":1}}}},"branchMap":{},"s":{"0":0,"1":0,"2":0,"3":0,"4":0},"f":{"0":0},"b":{}}
,"/Users/lucavisconti/BP-Academy/bitcoin-academy/apps/web/src/app/page.tsx": {"path":"/Users/lucavisconti/BP-Academy/bitcoin-academy/apps/web/src/app/page.tsx","statementMap":{"0":{"start":{"line":7,"column":24},"end":{"line":7,"column":null}},"1":{"start":{"line":3,"column":26},"end":{"line":3,"column":null}},"2":{"start":{"line":4,"column":26},"end":{"line":4,"column":null}},"3":{"start":{"line":5,"column":27},"end":{"line":5,"column":null}},"4":{"start":{"line":8,"column":17},"end":{"line":8,"column":null}},"5":{"start":{"line":9,"column":21},"end":{"line":9,"column":null}},"6":{"start":{"line":11,"column":2},"end":{"line":17,"column":null}},"7":{"start":{"line":12,"column":4},"end":{"line":16,"column":null}},"8":{"start":{"line":13,"column":6},"end":{"line":13,"column":null}},"9":{"start":{"line":14,"column":11},"end":{"line":16,"column":null}},"10":{"start":{"line":15,"column":6},"end":{"line":15,"column":null}},"11":{"start":{"line":19,"column":2},"end":{"line":27,"column":null}},"12":{"start":{"line":29,"column":2},"end":{"line":29,"column":null}}},"fnMap":{"0":{"name":"Home","decl":{"start":{"line":7,"column":24},"end":{"line":7,"column":null}},"loc":{"start":{"line":7,"column":24},"end":{"line":30,"column":null}}},"1":{"name":"(anonymous_2)","decl":{"start":{"line":11,"column":12},"end":{"line":11,"column":null}},"loc":{"start":{"line":11,"column":12},"end":{"line":17,"column":5}}}},"branchMap":{"0":{"loc":{"start":{"line":12,"column":4},"end":{"line":16,"column":null}},"type":"if","locations":[{"start":{"line":12,"column":4},"end":{"line":16,"column":null}},{"start":{"line":14,"column":11},"end":{"line":16,"column":null}}]},"1":{"loc":{"start":{"line":14,"column":11},"end":{"line":16,"column":null}},"type":"if","locations":[{"start":{"line":14,"column":11},"end":{"line":16,"column":null}}]},"2":{"loc":{"start":{"line":19,"column":2},"end":{"line":27,"column":null}},"type":"if","locations":[{"start":{"line":19,"column":2},"end":{"line":27,"column":null}}]},"3":{"loc":{"start":{"line":19,"column":6},"end":{"line":19,"column":60}},"type":"binary-expr","locations":[{"start":{"line":19,"column":6},"end":{"line":19,"column":30}},{"start":{"line":19,"column":30},"end":{"line":19,"column":60}}]}},"s":{"0":0,"1":0,"2":0,"3":0,"4":0,"5":0,"6":0,"7":0,"8":0,"9":0,"10":0,"11":0,"12":0},"f":{"0":0,"1":0},"b":{"0":[0,0],"1":[0],"2":[0],"3":[0,0]}}
,"/Users/lucavisconti/BP-Academy/bitcoin-academy/apps/web/src/app/(auth)/layout.tsx": {"path":"/Users/lucavisconti/BP-Academy/bitcoin-academy/apps/web/src/app/(auth)/layout.tsx","statementMap":{"0":{"start":{"line":11,"column":24},"end":{"line":11,"column":35}}},"fnMap":{"0":{"name":"AuthLayout","decl":{"start":{"line":11,"column":24},"end":{"line":11,"column":35}},"loc":{"start":{"line":11,"column":64},"end":{"line":23,"column":null}}}},"branchMap":{},"s":{"0":0},"f":{"0":0},"b":{}}
,"/Users/lucavisconti/BP-Academy/bitcoin-academy/apps/web/src/app/(auth)/login/page.tsx": {"path":"/Users/lucavisconti/BP-Academy/bitcoin-academy/apps/web/src/app/(auth)/login/page.tsx","statementMap":{"0":{"start":{"line":18,"column":24},"end":{"line":18,"column":null}},"1":{"start":{"line":7,"column":23},"end":{"line":7,"column":null}},"2":{"start":{"line":8,"column":17},"end":{"line":8,"column":null}},"3":{"start":{"line":9,"column":43},"end":{"line":9,"column":null}},"4":{"start":{"line":10,"column":36},"end":{"line":10,"column":null}},"5":{"start":{"line":19,"column":17},"end":{"line":19,"column":null}},"6":{"start":{"line":20,"column":23},"end":{"line":20,"column":null}},"7":{"start":{"line":21,"column":22},"end":{"line":21,"column":null}},"8":{"start":{"line":22,"column":21},"end":{"line":22,"column":null}},"9":{"start":{"line":24,"column":28},"end":{"line":24,"column":null}},"10":{"start":{"line":25,"column":34},"end":{"line":25,"column":null}},"11":{"start":{"line":26,"column":36},"end":{"line":26,"column":null}},"12":{"start":{"line":27,"column":30},"end":{"line":27,"column":null}},"13":{"start":{"line":31,"column":4},"end":{"line":31,"column":null}},"14":{"start":{"line":36,"column":23},"end":{"line":53,"column":null}},"15":{"start":{"line":37,"column":34},"end":{"line":37,"column":null}},"16":{"start":{"line":40,"column":4},"end":{"line":44,"column":null}},"17":{"start":{"line":41,"column":6},"end":{"line":41,"column":null}},"18":{"start":{"line":42,"column":11},"end":{"line":44,"column":null}},"19":{"start":{"line":43,"column":6},"end":{"line":43,"column":null}},"20":{"start":{"line":47,"column":4},"end":{"line":49,"column":null}},"21":{"start":{"line":48,"column":6},"end":{"line":48,"column":null}},"22":{"start":{"line":51,"column":4},"end":{"line":51,"column":null}},"23":{"start":{"line":52,"column":4},"end":{"line":52,"column":null}},"24":{"start":{"line":58,"column":23},"end":{"line":90,"column":null}},"25":{"start":{"line":59,"column":4},"end":{"line":59,"column":null}},"26":{"start":{"line":62,"column":4},"end":{"line":62,"column":null}},"27":{"start":{"line":65,"column":4},"end":{"line":67,"column":null}},"28":{"start":{"line":66,"column":6},"end":{"line":66,"column":null}},"29":{"start":{"line":69,"column":4},"end":{"line":69,"column":null}},"30":{"start":{"line":71,"column":4},"end":{"line":89,"column":null}},"31":{"start":{"line":72,"column":21},"end":{"line":77,"column":null}},"32":{"start":{"line":79,"column":6},"end":{"line":84,"column":null}},"33":{"start":{"line":80,"column":8},"end":{"line":80,"column":null}},"34":{"start":{"line":81,"column":13},"end":{"line":84,"column":null}},"35":{"start":{"line":82,"column":8},"end":{"line":82,"column":null}},"36":{"start":{"line":83,"column":8},"end":{"line":83,"column":null}},"37":{"start":{"line":86,"column":6},"end":{"line":86,"column":null}},"38":{"start":{"line":88,"column":6},"end":{"line":88,"column":null}},"39":{"start":{"line":124,"column":31},"end":{"line":124,"column":null}},"40":{"start":{"line":153,"column":31},"end":{"line":153,"column":null}}},"fnMap":{"0":{"name":"LoginPage","decl":{"start":{"line":18,"column":24},"end":{"line":18,"column":null}},"loc":{"start":{"line":18,"column":24},"end":{"line":229,"column":null}}},"1":{"name":"(anonymous_3)","decl":{"start":{"line":36,"column":23},"end":{"line":36,"column":null}},"loc":{"start":{"line":36,"column":23},"end":{"line":53,"column":null}}},"2":{"name":"(anonymous_4)","decl":{"start":{"line":58,"column":23},"end":{"line":58,"column":30}},"loc":{"start":{"line":58,"column":30},"end":{"line":90,"column":null}}},"3":{"name":"(anonymous_5)","decl":{"start":{"line":124,"column":24},"end":{"line":124,"column":25}},"loc":{"start":{"line":124,"column":31},"end":{"line":124,"column":null}}},"4":{"name":"(anonymous_6)","decl":{"start":{"line":153,"column":24},"end":{"line":153,"column":25}},"loc":{"start":{"line":153,"column":31},"end":{"line":153,"column":null}}}},"branchMap":{"0":{"loc":{"start":{"line":21,"column":22},"end":{"line":21,"column":null}},"type":"binary-expr","locations":[{"start":{"line":21,"column":22},"end":{"line":21,"column":57}},{"start":{"line":21,"column":57},"end":{"line":21,"column":null}}]},"1":{"loc":{"start":{"line":31,"column":4},"end":{"line":31,"column":null}},"type":"cond-expr","locations":[{"start":{"line":31,"column":38},"end":{"line":31,"column":89}},{"start":{"line":31,"column":89},"end":{"line":31,"column":null}}]},"2":{"loc":{"start":{"line":40,"column":4},"end":{"line":44,"column":null}},"type":"if","locations":[{"start":{"line":40,"column":4},"end":{"line":44,"column":null}},{"start":{"line":42,"column":11},"end":{"line":44,"column":null}}]},"3":{"loc":{"start":{"line":42,"column":11},"end":{"line":44,"column":null}},"type":"if","locations":[{"start":{"line":42,"column":11},"end":{"line":44,"column":null}}]},"4":{"loc":{"start":{"line":47,"column":4},"end":{"line":49,"column":null}},"type":"if","locations":[{"start":{"line":47,"column":4},"end":{"line":49,"column":null}}]},"5":{"loc":{"start":{"line":65,"column":4},"end":{"line":67,"column":null}},"type":"if","locations":[{"start":{"line":65,"column":4},"end":{"line":67,"column":null}}]},"6":{"loc":{"start":{"line":79,"column":6},"end":{"line":84,"column":null}},"type":"if","locations":[{"start":{"line":79,"column":6},"end":{"line":84,"column":null}},{"start":{"line":81,"column":13},"end":{"line":84,"column":null}}]},"7":{"loc":{"start":{"line":81,"column":13},"end":{"line":84,"column":null}},"type":"if","locations":[{"start":{"line":81,"column":13},"end":{"line":84,"column":null}}]},"8":{"loc":{"start":{"line":97,"column":7},"end":{"line":97,"column":null}},"type":"binary-expr","locations":[{"start":{"line":97,"column":7},"end":{"line":97,"column":null}}]},"9":{"loc":{"start":{"line":104,"column":7},"end":{"line":104,"column":21}},"type":"binary-expr","locations":[{"start":{"line":104,"column":7},"end":{"line":104,"column":21}}]},"10":{"loc":{"start":{"line":126,"column":16},"end":{"line":126,"column":null}},"type":"cond-expr","locations":[{"start":{"line":126,"column":31},"end":{"line":126,"column":50}},{"start":{"line":126,"column":50},"end":{"line":126,"column":null}}]},"11":{"loc":{"start":{"line":129,"column":28},"end":{"line":129,"column":null}},"type":"cond-expr","locations":[{"start":{"line":129,"column":43},"end":{"line":129,"column":52}},{"start":{"line":129,"column":52},"end":{"line":129,"column":null}}]},"12":{"loc":{"start":{"line":130,"column":32},"end":{"line":130,"column":null}},"type":"cond-expr","locations":[{"start":{"line":130,"column":47},"end":{"line":130,"column":63}},{"start":{"line":130,"column":63},"end":{"line":130,"column":null}}]},"13":{"loc":{"start":{"line":133,"column":11},"end":{"line":133,"column":23}},"type":"binary-expr","locations":[{"start":{"line":133,"column":11},"end":{"line":133,"column":23}}]},"14":{"loc":{"start":{"line":155,"column":16},"end":{"line":155,"column":null}},"type":"cond-expr","locations":[{"start":{"line":155,"column":34},"end":{"line":155,"column":53}},{"start":{"line":155,"column":53},"end":{"line":155,"column":null}}]},"15":{"loc":{"start":{"line":158,"column":28},"end":{"line":158,"column":null}},"type":"cond-expr","locations":[{"start":{"line":158,"column":46},"end":{"line":158,"column":55}},{"start":{"line":158,"column":55},"end":{"line":158,"column":null}}]},"16":{"loc":{"start":{"line":159,"column":32},"end":{"line":159,"column":null}},"type":"cond-expr","locations":[{"start":{"line":159,"column":50},"end":{"line":159,"column":69}},{"start":{"line":159,"column":69},"end":{"line":159,"column":null}}]},"17":{"loc":{"start":{"line":162,"column":11},"end":{"line":162,"column":26}},"type":"binary-expr","locations":[{"start":{"line":162,"column":11},"end":{"line":162,"column":26}}]},"18":{"loc":{"start":{"line":176,"column":13},"end":{"line":201,"column":null}},"type":"cond-expr","locations":[{"start":{"line":177,"column":14},"end":{"line":201,"column":null}},{"start":{"line":201,"column":14},"end":{"line":201,"column":null}}]}},"s":{"0":2,"1":2,"2":2,"3":2,"4":2,"5":327,"6":327,"7":327,"8":327,"9":327,"10":325,"11":325,"12":325,"13":325,"14":325,"15":15,"16":15,"17":3,"18":12,"19":2,"20":15,"21":6,"22":15,"23":15,"24":325,"25":15,"26":15,"27":15,"28":6,"29":9,"30":9,"31":9,"32":8,"33":2,"34":6,"35":6,"36":6,"37":0,"38":8,"39":179,"40":106},"f":{"0":327,"1":15,"2":15,"3":179,"4":106},"b":{"0":[327,262],"1":[36,289],"2":[3,12],"3":[2],"4":[6],"5":[6],"6":[2,6],"7":[6],"8":[325],"9":[325],"10":[6,319],"11":[6,319],"12":[6,319],"13":[325],"14":[7,318],"15":[7,318],"16":[7,318],"17":[325],"18":[9,316]}}
,"/Users/lucavisconti/BP-Academy/bitcoin-academy/apps/web/src/app/(auth)/signup/page.tsx": {"path":"/Users/lucavisconti/BP-Academy/bitcoin-academy/apps/web/src/app/(auth)/signup/page.tsx","statementMap":{"0":{"start":{"line":23,"column":24},"end":{"line":23,"column":null}},"1":{"start":{"line":7,"column":17},"end":{"line":7,"column":null}},"2":{"start":{"line":8,"column":26},"end":{"line":8,"column":null}},"3":{"start":{"line":9,"column":23},"end":{"line":9,"column":null}},"4":{"start":{"line":10,"column":36},"end":{"line":10,"column":null}},"5":{"start":{"line":13,"column":16},"end":{"line":13,"column":null}},"6":{"start":{"line":24,"column":17},"end":{"line":24,"column":null}},"7":{"start":{"line":26,"column":28},"end":{"line":26,"column":null}},"8":{"start":{"line":27,"column":34},"end":{"line":27,"column":null}},"9":{"start":{"line":28,"column":48},"end":{"line":28,"column":null}},"10":{"start":{"line":29,"column":40},"end":{"line":29,"column":null}},"11":{"start":{"line":30,"column":36},"end":{"line":30,"column":null}},"12":{"start":{"line":31,"column":30},"end":{"line":31,"column":null}},"13":{"start":{"line":36,"column":23},"end":{"line":73,"column":null}},"14":{"start":{"line":37,"column":34},"end":{"line":37,"column":null}},"15":{"start":{"line":40,"column":4},"end":{"line":44,"column":null}},"16":{"start":{"line":41,"column":6},"end":{"line":41,"column":null}},"17":{"start":{"line":42,"column":11},"end":{"line":44,"column":null}},"18":{"start":{"line":43,"column":6},"end":{"line":43,"column":null}},"19":{"start":{"line":47,"column":4},"end":{"line":57,"column":null}},"20":{"start":{"line":48,"column":6},"end":{"line":48,"column":null}},"21":{"start":{"line":49,"column":11},"end":{"line":57,"column":null}},"22":{"start":{"line":50,"column":6},"end":{"line":50,"column":null}},"23":{"start":{"line":51,"column":11},"end":{"line":57,"column":null}},"24":{"start":{"line":52,"column":6},"end":{"line":52,"column":null}},"25":{"start":{"line":53,"column":11},"end":{"line":57,"column":null}},"26":{"start":{"line":54,"column":6},"end":{"line":54,"column":null}},"27":{"start":{"line":55,"column":11},"end":{"line":57,"column":null}},"28":{"start":{"line":56,"column":6},"end":{"line":56,"column":null}},"29":{"start":{"line":60,"column":4},"end":{"line":64,"column":null}},"30":{"start":{"line":61,"column":6},"end":{"line":61,"column":null}},"31":{"start":{"line":62,"column":11},"end":{"line":64,"column":null}},"32":{"start":{"line":63,"column":6},"end":{"line":63,"column":null}},"33":{"start":{"line":67,"column":4},"end":{"line":69,"column":null}},"34":{"start":{"line":68,"column":6},"end":{"line":68,"column":null}},"35":{"start":{"line":71,"column":4},"end":{"line":71,"column":null}},"36":{"start":{"line":72,"column":4},"end":{"line":72,"column":null}},"37":{"start":{"line":78,"column":23},"end":{"line":138,"column":null}},"38":{"start":{"line":79,"column":4},"end":{"line":79,"column":null}},"39":{"start":{"line":82,"column":4},"end":{"line":82,"column":null}},"40":{"start":{"line":85,"column":4},"end":{"line":87,"column":null}},"41":{"start":{"line":86,"column":6},"end":{"line":86,"column":null}},"42":{"start":{"line":89,"column":4},"end":{"line":89,"column":null}},"43":{"start":{"line":91,"column":4},"end":{"line":137,"column":null}},"44":{"start":{"line":93,"column":31},"end":{"line":103,"column":null}},"45":{"start":{"line":105,"column":6},"end":{"line":116,"column":null}},"46":{"start":{"line":106,"column":22},"end":{"line":106,"column":null}},"47":{"start":{"line":108,"column":8},"end":{"line":114,"column":null}},"48":{"start":{"line":109,"column":10},"end":{"line":109,"column":null}},"49":{"start":{"line":110,"column":15},"end":{"line":114,"column":null}},"50":{"start":{"line":111,"column":10},"end":{"line":111,"column":null}},"51":{"start":{"line":113,"column":10},"end":{"line":113,"column":null}},"52":{"start":{"line":115,"column":8},"end":{"line":115,"column":null}},"53":{"start":{"line":119,"column":21},"end":{"line":124,"column":null}},"54":{"start":{"line":126,"column":6},"end":{"line":132,"column":null}},"55":{"start":{"line":128,"column":8},"end":{"line":128,"column":null}},"56":{"start":{"line":129,"column":13},"end":{"line":132,"column":null}},"57":{"start":{"line":130,"column":8},"end":{"line":130,"column":null}},"58":{"start":{"line":131,"column":8},"end":{"line":131,"column":null}},"59":{"start":{"line":134,"column":6},"end":{"line":134,"column":null}},"60":{"start":{"line":136,"column":6},"end":{"line":136,"column":null}},"61":{"start":{"line":164,"column":31},"end":{"line":164,"column":null}},"62":{"start":{"line":193,"column":31},"end":{"line":193,"column":null}},"63":{"start":{"line":222,"column":31},"end":{"line":222,"column":null}},"64":{"start":{"line":255,"column":31},"end":{"line":255,"column":null}}},"fnMap":{"0":{"name":"SignupPage","decl":{"start":{"line":23,"column":24},"end":{"line":23,"column":null}},"loc":{"start":{"line":23,"column":24},"end":{"line":331,"column":null}}},"1":{"name":"(anonymous_3)","decl":{"start":{"line":36,"column":23},"end":{"line":36,"column":null}},"loc":{"start":{"line":36,"column":23},"end":{"line":73,"column":null}}},"2":{"name":"(anonymous_4)","decl":{"start":{"line":78,"column":23},"end":{"line":78,"column":30}},"loc":{"start":{"line":78,"column":30},"end":{"line":138,"column":null}}},"3":{"name":"(anonymous_5)","decl":{"start":{"line":164,"column":24},"end":{"line":164,"column":25}},"loc":{"start":{"line":164,"column":31},"end":{"line":164,"column":null}}},"4":{"name":"(anonymous_6)","decl":{"start":{"line":193,"column":24},"end":{"line":193,"column":25}},"loc":{"start":{"line":193,"column":31},"end":{"line":193,"column":null}}},"5":{"name":"(anonymous_7)","decl":{"start":{"line":222,"column":24},"end":{"line":222,"column":25}},"loc":{"start":{"line":222,"column":31},"end":{"line":222,"column":null}}},"6":{"name":"(anonymous_8)","decl":{"start":{"line":255,"column":24},"end":{"line":255,"column":25}},"loc":{"start":{"line":255,"column":31},"end":{"line":255,"column":null}}}},"branchMap":{"0":{"loc":{"start":{"line":13,"column":16},"end":{"line":13,"column":null}},"type":"binary-expr","locations":[{"start":{"line":13,"column":16},"end":{"line":13,"column":47}},{"start":{"line":13,"column":51},"end":{"line":13,"column":null}}]},"1":{"loc":{"start":{"line":40,"column":4},"end":{"line":44,"column":null}},"type":"if","locations":[{"start":{"line":40,"column":4},"end":{"line":44,"column":null}},{"start":{"line":42,"column":11},"end":{"line":44,"column":null}}]},"2":{"loc":{"start":{"line":42,"column":11},"end":{"line":44,"column":null}},"type":"if","locations":[{"start":{"line":42,"column":11},"end":{"line":44,"column":null}}]},"3":{"loc":{"start":{"line":47,"column":4},"end":{"line":57,"column":null}},"type":"if","locations":[{"start":{"line":47,"column":4},"end":{"line":57,"column":null}},{"start":{"line":49,"column":11},"end":{"line":57,"column":null}}]},"4":{"loc":{"start":{"line":49,"column":11},"end":{"line":57,"column":null}},"type":"if","locations":[{"start":{"line":49,"column":11},"end":{"line":57,"column":null}},{"start":{"line":51,"column":11},"end":{"line":57,"column":null}}]},"5":{"loc":{"start":{"line":51,"column":11},"end":{"line":57,"column":null}},"type":"if","locations":[{"start":{"line":51,"column":11},"end":{"line":57,"column":null}},{"start":{"line":53,"column":11},"end":{"line":57,"column":null}}]},"6":{"loc":{"start":{"line":53,"column":11},"end":{"line":57,"column":null}},"type":"if","locations":[{"start":{"line":53,"column":11},"end":{"line":57,"column":null}},{"start":{"line":55,"column":11},"end":{"line":57,"column":null}}]},"7":{"loc":{"start":{"line":55,"column":11},"end":{"line":57,"column":null}},"type":"if","locations":[{"start":{"line":55,"column":11},"end":{"line":57,"column":null}}]},"8":{"loc":{"start":{"line":60,"column":4},"end":{"line":64,"column":null}},"type":"if","locations":[{"start":{"line":60,"column":4},"end":{"line":64,"column":null}},{"start":{"line":62,"column":11},"end":{"line":64,"column":null}}]},"9":{"loc":{"start":{"line":62,"column":11},"end":{"line":64,"column":null}},"type":"if","locations":[{"start":{"line":62,"column":11},"end":{"line":64,"column":null}}]},"10":{"loc":{"start":{"line":67,"column":4},"end":{"line":69,"column":null}},"type":"if","locations":[{"start":{"line":67,"column":4},"end":{"line":69,"column":null}}]},"11":{"loc":{"start":{"line":67,"column":8},"end":{"line":67,"column":47}},"type":"binary-expr","locations":[{"start":{"line":67,"column":8},"end":{"line":67,"column":23}},{"start":{"line":67,"column":23},"end":{"line":67,"column":47}}]},"12":{"loc":{"start":{"line":85,"column":4},"end":{"line":87,"column":null}},"type":"if","locations":[{"start":{"line":85,"column":4},"end":{"line":87,"column":null}}]},"13":{"loc":{"start":{"line":101,"column":24},"end":{"line":101,"column":null}},"type":"binary-expr","locations":[{"start":{"line":101,"column":24},"end":{"line":101,"column":39}},{"start":{"line":101,"column":39},"end":{"line":101,"column":null}}]},"14":{"loc":{"start":{"line":105,"column":6},"end":{"line":116,"column":null}},"type":"if","locations":[{"start":{"line":105,"column":6},"end":{"line":116,"column":null}}]},"15":{"loc":{"start":{"line":108,"column":8},"end":{"line":114,"column":null}},"type":"if","locations":[{"start":{"line":108,"column":8},"end":{"line":114,"column":null}},{"start":{"line":110,"column":15},"end":{"line":114,"column":null}}]},"16":{"loc":{"start":{"line":110,"column":15},"end":{"line":114,"column":null}},"type":"if","locations":[{"start":{"line":110,"column":15},"end":{"line":114,"column":null}},{"start":{"line":112,"column":15},"end":{"line":114,"column":null}}]},"17":{"loc":{"start":{"line":111,"column":31},"end":{"line":111,"column":68}},"type":"binary-expr","locations":[{"start":{"line":111,"column":31},"end":{"line":111,"column":43}},{"start":{"line":111,"column":47},"end":{"line":111,"column":68}}]},"18":{"loc":{"start":{"line":113,"column":31},"end":{"line":113,"column":69}},"type":"binary-expr","locations":[{"start":{"line":113,"column":31},"end":{"line":113,"column":43}},{"start":{"line":113,"column":47},"end":{"line":113,"column":69}}]},"19":{"loc":{"start":{"line":126,"column":6},"end":{"line":132,"column":null}},"type":"if","locations":[{"start":{"line":126,"column":6},"end":{"line":132,"column":null}},{"start":{"line":129,"column":13},"end":{"line":132,"column":null}}]},"20":{"loc":{"start":{"line":129,"column":13},"end":{"line":132,"column":null}},"type":"if","locations":[{"start":{"line":129,"column":13},"end":{"line":132,"column":null}}]},"21":{"loc":{"start":{"line":145,"column":7},"end":{"line":145,"column":21}},"type":"binary-expr","locations":[{"start":{"line":145,"column":7},"end":{"line":145,"column":21}}]},"22":{"loc":{"start":{"line":166,"column":16},"end":{"line":166,"column":null}},"type":"cond-expr","locations":[{"start":{"line":166,"column":37},"end":{"line":166,"column":56}},{"start":{"line":166,"column":56},"end":{"line":166,"column":null}}]},"23":{"loc":{"start":{"line":169,"column":28},"end":{"line":169,"column":null}},"type":"cond-expr","locations":[{"start":{"line":169,"column":49},"end":{"line":169,"column":58}},{"start":{"line":169,"column":58},"end":{"line":169,"column":null}}]},"24":{"loc":{"start":{"line":170,"column":32},"end":{"line":170,"column":null}},"type":"cond-expr","locations":[{"start":{"line":170,"column":53},"end":{"line":170,"column":75}},{"start":{"line":170,"column":75},"end":{"line":170,"column":null}}]},"25":{"loc":{"start":{"line":173,"column":11},"end":{"line":173,"column":29}},"type":"binary-expr","locations":[{"start":{"line":173,"column":11},"end":{"line":173,"column":29}}]},"26":{"loc":{"start":{"line":195,"column":16},"end":{"line":195,"column":null}},"type":"cond-expr","locations":[{"start":{"line":195,"column":31},"end":{"line":195,"column":50}},{"start":{"line":195,"column":50},"end":{"line":195,"column":null}}]},"27":{"loc":{"start":{"line":198,"column":28},"end":{"line":198,"column":null}},"type":"cond-expr","locations":[{"start":{"line":198,"column":43},"end":{"line":198,"column":52}},{"start":{"line":198,"column":52},"end":{"line":198,"column":null}}]},"28":{"loc":{"start":{"line":199,"column":32},"end":{"line":199,"column":null}},"type":"cond-expr","locations":[{"start":{"line":199,"column":47},"end":{"line":199,"column":63}},{"start":{"line":199,"column":63},"end":{"line":199,"column":null}}]},"29":{"loc":{"start":{"line":202,"column":11},"end":{"line":202,"column":23}},"type":"binary-expr","locations":[{"start":{"line":202,"column":11},"end":{"line":202,"column":23}}]},"30":{"loc":{"start":{"line":224,"column":16},"end":{"line":224,"column":null}},"type":"cond-expr","locations":[{"start":{"line":224,"column":34},"end":{"line":224,"column":53}},{"start":{"line":224,"column":53},"end":{"line":224,"column":null}}]},"31":{"loc":{"start":{"line":227,"column":28},"end":{"line":227,"column":null}},"type":"cond-expr","locations":[{"start":{"line":227,"column":46},"end":{"line":227,"column":55}},{"start":{"line":227,"column":55},"end":{"line":227,"column":null}}]},"32":{"loc":{"start":{"line":228,"column":32},"end":{"line":228,"column":null}},"type":"cond-expr","locations":[{"start":{"line":228,"column":50},"end":{"line":228,"column":69}},{"start":{"line":228,"column":69},"end":{"line":228,"column":null}}]},"33":{"loc":{"start":{"line":232,"column":12},"end":{"line":236,"column":13}},"type":"cond-expr","locations":[{"start":{"line":232,"column":12},"end":{"line":236,"column":13}}]},"34":{"loc":{"start":{"line":257,"column":16},"end":{"line":257,"column":null}},"type":"cond-expr","locations":[{"start":{"line":257,"column":41},"end":{"line":257,"column":60}},{"start":{"line":257,"column":60},"end":{"line":257,"column":null}}]},"35":{"loc":{"start":{"line":260,"column":28},"end":{"line":260,"column":null}},"type":"cond-expr","locations":[{"start":{"line":260,"column":53},"end":{"line":260,"column":62}},{"start":{"line":260,"column":62},"end":{"line":260,"column":null}}]},"36":{"loc":{"start":{"line":261,"column":32},"end":{"line":261,"column":null}},"type":"cond-expr","locations":[{"start":{"line":261,"column":57},"end":{"line":261,"column":83}},{"start":{"line":261,"column":83},"end":{"line":261,"column":null}}]},"37":{"loc":{"start":{"line":264,"column":11},"end":{"line":264,"column":33}},"type":"binary-expr","locations":[{"start":{"line":264,"column":11},"end":{"line":264,"column":33}}]},"38":{"loc":{"start":{"line":278,"column":13},"end":{"line":303,"column":null}},"type":"cond-expr","locations":[{"start":{"line":279,"column":14},"end":{"line":303,"column":null}},{"start":{"line":303,"column":14},"end":{"line":303,"column":null}}]}},"s":{"0":2,"1":2,"2":2,"3":2,"4":2,"5":2,"6":774,"7":774,"8":772,"9":772,"10":772,"11":772,"12":772,"13":772,"14":18,"15":18,"16":1,"17":17,"18":1,"19":18,"20":0,"21":18,"22":1,"23":17,"24":1,"25":16,"26":1,"27":15,"28":1,"29":18,"30":1,"31":17,"32":1,"33":18,"34":0,"35":18,"36":18,"37":772,"38":18,"39":18,"40":18,"41":8,"42":10,"43":10,"44":10,"45":8,"46":3,"47":3,"48":2,"49":1,"50":0,"51":1,"52":3,"53":5,"54":5,"55":0,"56":5,"57":5,"58":5,"59":1,"60":9,"61":17,"62":281,"63":217,"64":209},"f":{"0":774,"1":18,"2":18,"3":17,"4":281,"5":217,"6":209},"b":{"0":[2,2],"1":[1,17],"2":[1],"3":[0,18],"4":[1,17],"5":[1,16],"6":[1,15],"7":[1],"8":[1,17],"9":[1],"10":[0],"11":[18,2],"12":[8],"13":[10,8],"14":[3],"15":[2,1],"16":[0,1],"17":[0,0],"18":[1,0],"19":[0,5],"20":[5],"21":[772],"22":[0,772],"23":[0,772],"24":[0,772],"25":[772],"26":[4,768],"27":[4,768],"28":[4,768],"29":[772],"30":[4,768],"31":[4,768],"32":[4,768],"33":[4],"34":[2,770],"35":[2,770],"36":[2,770],"37":[772],"38":[10,762]}}
,"/Users/lucavisconti/BP-Academy/bitcoin-academy/apps/web/src/app/api/auth/[...nextauth]/route.ts": {"path":"/Users/lucavisconti/BP-Academy/bitcoin-academy/apps/web/src/app/api/auth/[...nextauth]/route.ts","statementMap":{"0":{"start":{"line":9,"column":9},"end":{"line":9,"column":20}},"1":{"start":{"line":9,"column":25},"end":{"line":9,"column":36}},"2":{"start":{"line":4,"column":21},"end":{"line":4,"column":null}},"3":{"start":{"line":5,"column":28},"end":{"line":5,"column":null}},"4":{"start":{"line":7,"column":16},"end":{"line":7,"column":null}}},"fnMap":{},"branchMap":{},"s":{"0":0,"1":0,"2":0,"3":0,"4":0},"f":{},"b":{}}
,"/Users/lucavisconti/BP-Academy/bitcoin-academy/apps/web/src/app/courses/page.tsx": {"path":"/Users/lucavisconti/BP-Academy/bitcoin-academy/apps/web/src/app/courses/page.tsx","statementMap":{"0":{"start":{"line":10,"column":24},"end":{"line":10,"column":null}},"1":{"start":{"line":3,"column":36},"end":{"line":3,"column":null}},"2":{"start":{"line":4,"column":27},"end":{"line":4,"column":null}},"3":{"start":{"line":5,"column":26},"end":{"line":5,"column":null}},"4":{"start":{"line":6,"column":17},"end":{"line":6,"column":null}},"5":{"start":{"line":7,"column":40},"end":{"line":7,"column":null}},"6":{"start":{"line":8,"column":27},"end":{"line":8,"column":null}},"7":{"start":{"line":11,"column":36},"end":{"line":11,"column":null}},"8":{"start":{"line":12,"column":17},"end":{"line":12,"column":null}},"9":{"start":{"line":13,"column":32},"end":{"line":13,"column":null}},"10":{"start":{"line":14,"column":32},"end":{"line":14,"column":null}},"11":{"start":{"line":15,"column":28},"end":{"line":15,"column":null}},"12":{"start":{"line":17,"column":2},"end":{"line":36,"column":null}},"13":{"start":{"line":18,"column":4},"end":{"line":21,"column":null}},"14":{"start":{"line":19,"column":6},"end":{"line":19,"column":null}},"15":{"start":{"line":20,"column":6},"end":{"line":20,"column":null}},"16":{"start":{"line":22,"column":4},"end":{"line":22,"column":null}},"17":{"start":{"line":22,"column":36},"end":{"line":22,"column":null}},"18":{"start":{"line":25,"column":6},"end":{"line":32,"column":null}},"19":{"start":{"line":26,"column":21},"end":{"line":26,"column":null}},"20":{"start":{"line":27,"column":8},"end":{"line":27,"column":null}},"21":{"start":{"line":29,"column":8},"end":{"line":29,"column":null}},"22":{"start":{"line":31,"column":8},"end":{"line":31,"column":null}},"23":{"start":{"line":35,"column":4},"end":{"line":35,"column":null}},"24":{"start":{"line":38,"column":2},"end":{"line":60,"column":null}},"25":{"start":{"line":49,"column":14},"end":{"line":49,"column":27}},"26":{"start":{"line":80,"column":29},"end":{"line":80,"column":null}},"27":{"start":{"line":97,"column":14},"end":{"line":97,"column":42}}},"fnMap":{"0":{"name":"CoursesPage","decl":{"start":{"line":10,"column":24},"end":{"line":10,"column":null}},"loc":{"start":{"line":10,"column":24},"end":{"line":104,"column":null}}},"1":{"name":"(anonymous_3)","decl":{"start":{"line":17,"column":12},"end":{"line":17,"column":null}},"loc":{"start":{"line":17,"column":12},"end":{"line":36,"column":5}}},"2":{"name":"fetchCourses","decl":{"start":{"line":24,"column":19},"end":{"line":24,"column":null}},"loc":{"start":{"line":24,"column":19},"end":{"line":33,"column":null}}},"3":{"name":"(anonymous_5)","decl":{"start":{"line":48,"column":27},"end":{"line":48,"column":28}},"loc":{"start":{"line":49,"column":14},"end":{"line":49,"column":27}}},"4":{"name":"(anonymous_6)","decl":{"start":{"line":80,"column":23},"end":{"line":80,"column":29}},"loc":{"start":{"line":80,"column":29},"end":{"line":80,"column":null}}},"5":{"name":"(anonymous_7)","decl":{"start":{"line":96,"column":25},"end":{"line":96,"column":26}},"loc":{"start":{"line":97,"column":14},"end":{"line":97,"column":42}}}},"branchMap":{"0":{"loc":{"start":{"line":18,"column":4},"end":{"line":21,"column":null}},"type":"if","locations":[{"start":{"line":18,"column":4},"end":{"line":21,"column":null}}]},"1":{"loc":{"start":{"line":22,"column":4},"end":{"line":22,"column":null}},"type":"if","locations":[{"start":{"line":22,"column":4},"end":{"line":22,"column":null}}]},"2":{"loc":{"start":{"line":29,"column":17},"end":{"line":29,"column":null}},"type":"cond-expr","locations":[{"start":{"line":29,"column":40},"end":{"line":29,"column":51}},{"start":{"line":29,"column":54},"end":{"line":29,"column":null}}]},"3":{"loc":{"start":{"line":38,"column":2},"end":{"line":60,"column":null}},"type":"if","locations":[{"start":{"line":38,"column":2},"end":{"line":60,"column":null}}]},"4":{"loc":{"start":{"line":38,"column":6},"end":{"line":38,"column":71}},"type":"binary-expr","locations":[{"start":{"line":38,"column":6},"end":{"line":38,"column":31}},{"start":{"line":38,"column":31},"end":{"line":38,"column":61}},{"start":{"line":38,"column":61},"end":{"line":38,"column":71}}]},"5":{"loc":{"start":{"line":77,"column":10},"end":{"line":86,"column":20}},"type":"cond-expr","locations":[{"start":{"line":77,"column":10},"end":{"line":86,"column":20}}]},"6":{"loc":{"start":{"line":87,"column":10},"end":{"line":95,"column":11}},"type":"cond-expr","locations":[{"start":{"line":87,"column":10},"end":{"line":95,"column":11}}]}},"s":{"0":0,"1":0,"2":0,"3":0,"4":0,"5":0,"6":0,"7":0,"8":0,"9":0,"10":0,"11":0,"12":0,"13":0,"14":0,"15":0,"16":0,"17":0,"18":0,"19":0,"20":0,"21":0,"22":0,"23":0,"24":0,"25":0,"26":0,"27":0},"f":{"0":0,"1":0,"2":0,"3":0,"4":0,"5":0},"b":{"0":[0],"1":[0],"2":[0,0],"3":[0],"4":[0,0,0],"5":[0],"6":[0]}}
,"/Users/lucavisconti/BP-Academy/bitcoin-academy/apps/web/src/app/courses/[courseId]/layout.tsx": {"path":"/Users/lucavisconti/BP-Academy/bitcoin-academy/apps/web/src/app/courses/[courseId]/layout.tsx","statementMap":{"0":{"start":{"line":11,"column":24},"end":{"line":11,"column":37}},"1":{"start":{"line":3,"column":17},"end":{"line":3,"column":null}},"2":{"start":{"line":4,"column":39},"end":{"line":4,"column":null}},"3":{"start":{"line":12,"column":17},"end":{"line":12,"column":null}},"4":{"start":{"line":13,"column":19},"end":{"line":13,"column":null}},"5":{"start":{"line":14,"column":19},"end":{"line":14,"column":34}},"6":{"start":{"line":16,"column":19},"end":{"line":19,"column":null}},"7":{"start":{"line":22,"column":4},"end":{"line":22,"column":null}},"8":{"start":{"line":44,"column":14},"end":{"line":45,"column":null}}},"fnMap":{"0":{"name":"CourseLayout","decl":{"start":{"line":11,"column":24},"end":{"line":11,"column":37}},"loc":{"start":{"line":11,"column":68},"end":{"line":62,"column":null}}},"1":{"name":"isActive","decl":{"start":{"line":21,"column":11},"end":{"line":21,"column":20}},"loc":{"start":{"line":21,"column":49},"end":{"line":23,"column":null}}},"2":{"name":"(anonymous_4)","decl":{"start":{"line":43,"column":26},"end":{"line":43,"column":27}},"loc":{"start":{"line":44,"column":14},"end":{"line":45,"column":null}}}},"branchMap":{"0":{"loc":{"start":{"line":22,"column":11},"end":{"line":22,"column":null}},"type":"cond-expr","locations":[{"start":{"line":22,"column":19},"end":{"line":22,"column":39}},{"start":{"line":22,"column":39},"end":{"line":22,"column":null}}]},"1":{"loc":{"start":{"line":48,"column":18},"end":{"line":50,"column":null}},"type":"cond-expr","locations":[{"start":{"line":49,"column":22},"end":{"line":49,"column":null}},{"start":{"line":50,"column":22},"end":{"line":50,"column":null}}]}},"s":{"0":0,"1":0,"2":0,"3":0,"4":0,"5":0,"6":0,"7":0,"8":0},"f":{"0":0,"1":0,"2":0},"b":{"0":[0,0],"1":[0,0]}}
,"/Users/lucavisconti/BP-Academy/bitcoin-academy/apps/web/src/app/courses/[courseId]/page.tsx": {"path":"/Users/lucavisconti/BP-Academy/bitcoin-academy/apps/web/src/app/courses/[courseId]/page.tsx","statementMap":{"0":{"start":{"line":10,"column":24},"end":{"line":10,"column":null}},"1":{"start":{"line":3,"column":49},"end":{"line":3,"column":null}},"2":{"start":{"line":4,"column":37},"end":{"line":4,"column":null}},"3":{"start":{"line":5,"column":27},"end":{"line":5,"column":null}},"4":{"start":{"line":6,"column":70},"end":{"line":6,"column":null}},"5":{"start":{"line":7,"column":29},"end":{"line":7,"column":null}},"6":{"start":{"line":8,"column":31},"end":{"line":8,"column":null}},"7":{"start":{"line":11,"column":17},"end":{"line":11,"column":null}},"8":{"start":{"line":12,"column":17},"end":{"line":12,"column":null}},"9":{"start":{"line":13,"column":19},"end":{"line":13,"column":34}},"10":{"start":{"line":14,"column":28},"end":{"line":14,"column":null}},"11":{"start":{"line":15,"column":23},"end":{"line":15,"column":null}},"12":{"start":{"line":17,"column":30},"end":{"line":17,"column":null}},"13":{"start":{"line":18,"column":32},"end":{"line":18,"column":null}},"14":{"start":{"line":19,"column":32},"end":{"line":19,"column":null}},"15":{"start":{"line":20,"column":28},"end":{"line":20,"column":null}},"16":{"start":{"line":21,"column":44},"end":{"line":21,"column":null}},"17":{"start":{"line":23,"column":27},"end":{"line":25,"column":null}},"18":{"start":{"line":24,"column":4},"end":{"line":24,"column":null}},"19":{"start":{"line":24,"column":28},"end":{"line":24,"column":null}},"20":{"start":{"line":28,"column":4},"end":{"line":28,"column":null}},"21":{"start":{"line":31,"column":2},"end":{"line":48,"column":null}},"22":{"start":{"line":33,"column":6},"end":{"line":44,"column":null}},"23":{"start":{"line":34,"column":42},"end":{"line":37,"column":null}},"24":{"start":{"line":38,"column":8},"end":{"line":38,"column":null}},"25":{"start":{"line":39,"column":8},"end":{"line":39,"column":null}},"26":{"start":{"line":41,"column":8},"end":{"line":41,"column":null}},"27":{"start":{"line":43,"column":8},"end":{"line":43,"column":null}},"28":{"start":{"line":47,"column":4},"end":{"line":47,"column":null}},"29":{"start":{"line":47,"column":18},"end":{"line":47,"column":null}},"30":{"start":{"line":50,"column":2},"end":{"line":71,"column":null}},"31":{"start":{"line":60,"column":16},"end":{"line":60,"column":29}},"32":{"start":{"line":73,"column":2},"end":{"line":87,"column":null}},"33":{"start":{"line":79,"column":27},"end":{"line":79,"column":null}},"34":{"start":{"line":116,"column":20},"end":{"line":116,"column":40}}},"fnMap":{"0":{"name":"CourseWorkspacePage","decl":{"start":{"line":10,"column":24},"end":{"line":10,"column":null}},"loc":{"start":{"line":10,"column":24},"end":{"line":157,"column":null}}},"1":{"name":"(anonymous_2)","decl":{"start":{"line":23,"column":39},"end":{"line":23,"column":null}},"loc":{"start":{"line":23,"column":39},"end":{"line":25,"column":5}}},"2":{"name":"(anonymous_3)","decl":{"start":{"line":24,"column":21},"end":{"line":24,"column":22}},"loc":{"start":{"line":24,"column":28},"end":{"line":24,"column":null}}},"3":{"name":"handleViewPreview","decl":{"start":{"line":27,"column":11},"end":{"line":27,"column":29}},"loc":{"start":{"line":27,"column":47},"end":{"line":29,"column":null}}},"4":{"name":"(anonymous_5)","decl":{"start":{"line":31,"column":12},"end":{"line":31,"column":null}},"loc":{"start":{"line":31,"column":12},"end":{"line":48,"column":5}}},"5":{"name":"load","decl":{"start":{"line":32,"column":19},"end":{"line":32,"column":null}},"loc":{"start":{"line":32,"column":19},"end":{"line":45,"column":null}}},"6":{"name":"(anonymous_7)","decl":{"start":{"line":59,"column":29},"end":{"line":59,"column":30}},"loc":{"start":{"line":60,"column":16},"end":{"line":60,"column":29}}},"7":{"name":"(anonymous_8)","decl":{"start":{"line":79,"column":21},"end":{"line":79,"column":27}},"loc":{"start":{"line":79,"column":27},"end":{"line":79,"column":null}}},"8":{"name":"(anonymous_9)","decl":{"start":{"line":115,"column":31},"end":{"line":115,"column":32}},"loc":{"start":{"line":116,"column":20},"end":{"line":116,"column":40}}}},"branchMap":{"0":{"loc":{"start":{"line":41,"column":17},"end":{"line":41,"column":null}},"type":"cond-expr","locations":[{"start":{"line":41,"column":40},"end":{"line":41,"column":51}},{"start":{"line":41,"column":54},"end":{"line":41,"column":null}}]},"1":{"loc":{"start":{"line":47,"column":4},"end":{"line":47,"column":null}},"type":"if","locations":[{"start":{"line":47,"column":4},"end":{"line":47,"column":null}}]},"2":{"loc":{"start":{"line":50,"column":2},"end":{"line":71,"column":null}},"type":"if","locations":[{"start":{"line":50,"column":2},"end":{"line":71,"column":null}}]},"3":{"loc":{"start":{"line":73,"column":2},"end":{"line":87,"column":null}},"type":"if","locations":[{"start":{"line":73,"column":2},"end":{"line":87,"column":null}}]},"4":{"loc":{"start":{"line":73,"column":6},"end":{"line":73,"column":24}},"type":"binary-expr","locations":[{"start":{"line":73,"column":6},"end":{"line":73,"column":15}},{"start":{"line":73,"column":15},"end":{"line":73,"column":24}}]},"5":{"loc":{"start":{"line":77,"column":47},"end":{"line":77,"column":null}},"type":"binary-expr","locations":[{"start":{"line":77,"column":47},"end":{"line":77,"column":56}},{"start":{"line":77,"column":56},"end":{"line":77,"column":null}}]},"6":{"loc":{"start":{"line":93,"column":9},"end":{"line":93,"column":27}},"type":"binary-expr","locations":[{"start":{"line":93,"column":9},"end":{"line":93,"column":27}}]},"7":{"loc":{"start":{"line":107,"column":16},"end":{"line":114,"column":17}},"type":"cond-expr","locations":[{"start":{"line":107,"column":16},"end":{"line":114,"column":17}}]}},"s":{"0":0,"1":0,"2":0,"3":0,"4":0,"5":0,"6":0,"7":0,"8":0,"9":0,"10":0,"11":0,"12":0,"13":0,"14":0,"15":0,"16":0,"17":0,"18":0,"19":0,"20":0,"21":0,"22":0,"23":0,"24":0,"25":0,"26":0,"27":0,"28":0,"29":0,"30":0,"31":0,"32":0,"33":0,"34":0},"f":{"0":0,"1":0,"2":0,"3":0,"4":0,"5":0,"6":0,"7":0,"8":0},"b":{"0":[0,0],"1":[0],"2":[0],"3":[0],"4":[0,0],"5":[0,0],"6":[0],"7":[0]}}
,"/Users/lucavisconti/BP-Academy/bitcoin-academy/apps/web/src/app/courses/[courseId]/documents/[documentId]/preview/page.tsx": {"path":"/Users/lucavisconti/BP-Academy/bitcoin-academy/apps/web/src/app/courses/[courseId]/documents/[documentId]/preview/page.tsx","statementMap":{"0":{"start":{"line":9,"column":24},"end":{"line":9,"column":null}},"1":{"start":{"line":3,"column":49},"end":{"line":3,"column":null}},"2":{"start":{"line":4,"column":37},"end":{"line":4,"column":null}},"3":{"start":{"line":5,"column":27},"end":{"line":5,"column":null}},"4":{"start":{"line":6,"column":39},"end":{"line":6,"column":null}},"5":{"start":{"line":10,"column":17},"end":{"line":10,"column":null}},"6":{"start":{"line":11,"column":17},"end":{"line":11,"column":null}},"7":{"start":{"line":12,"column":19},"end":{"line":12,"column":34}},"8":{"start":{"line":13,"column":21},"end":{"line":13,"column":38}},"9":{"start":{"line":14,"column":28},"end":{"line":14,"column":null}},"10":{"start":{"line":15,"column":23},"end":{"line":15,"column":null}},"11":{"start":{"line":17,"column":32},"end":{"line":17,"column":null}},"12":{"start":{"line":18,"column":32},"end":{"line":18,"column":null}},"13":{"start":{"line":19,"column":28},"end":{"line":19,"column":null}},"14":{"start":{"line":21,"column":15},"end":{"line":31,"column":null}},"15":{"start":{"line":22,"column":4},"end":{"line":30,"column":null}},"16":{"start":{"line":23,"column":6},"end":{"line":23,"column":null}},"17":{"start":{"line":24,"column":19},"end":{"line":24,"column":null}},"18":{"start":{"line":25,"column":6},"end":{"line":25,"column":null}},"19":{"start":{"line":27,"column":6},"end":{"line":27,"column":null}},"20":{"start":{"line":29,"column":6},"end":{"line":29,"column":null}},"21":{"start":{"line":33,"column":2},"end":{"line":35,"column":null}},"22":{"start":{"line":34,"column":4},"end":{"line":34,"column":null}},"23":{"start":{"line":37,"column":2},"end":{"line":47,"column":null}},"24":{"start":{"line":49,"column":2},"end":{"line":71,"column":null}},"25":{"start":{"line":62,"column":29},"end":{"line":62,"column":null}},"26":{"start":{"line":78,"column":25},"end":{"line":78,"column":null}},"27":{"start":{"line":120,"column":18},"end":{"line":120,"column":31}},"28":{"start":{"line":143,"column":18},"end":{"line":143,"column":31}}},"fnMap":{"0":{"name":"DocumentPreviewPage","decl":{"start":{"line":9,"column":24},"end":{"line":9,"column":null}},"loc":{"start":{"line":9,"column":24},"end":{"line":159,"column":null}}},"1":{"name":"(anonymous_2)","decl":{"start":{"line":21,"column":27},"end":{"line":21,"column":null}},"loc":{"start":{"line":21,"column":27},"end":{"line":31,"column":5}}},"2":{"name":"(anonymous_3)","decl":{"start":{"line":33,"column":12},"end":{"line":33,"column":null}},"loc":{"start":{"line":33,"column":12},"end":{"line":35,"column":5}}},"3":{"name":"(anonymous_4)","decl":{"start":{"line":62,"column":23},"end":{"line":62,"column":29}},"loc":{"start":{"line":62,"column":29},"end":{"line":62,"column":null}}},"4":{"name":"(anonymous_5)","decl":{"start":{"line":78,"column":19},"end":{"line":78,"column":25}},"loc":{"start":{"line":78,"column":25},"end":{"line":78,"column":null}}},"5":{"name":"(anonymous_6)","decl":{"start":{"line":119,"column":38},"end":{"line":119,"column":39}},"loc":{"start":{"line":120,"column":18},"end":{"line":120,"column":31}}},"6":{"name":"(anonymous_7)","decl":{"start":{"line":142,"column":42},"end":{"line":142,"column":43}},"loc":{"start":{"line":143,"column":18},"end":{"line":143,"column":31}}}},"branchMap":{"0":{"loc":{"start":{"line":27,"column":15},"end":{"line":27,"column":null}},"type":"cond-expr","locations":[{"start":{"line":27,"column":38},"end":{"line":27,"column":49}},{"start":{"line":27,"column":52},"end":{"line":27,"column":null}}]},"1":{"loc":{"start":{"line":37,"column":2},"end":{"line":47,"column":null}},"type":"if","locations":[{"start":{"line":37,"column":2},"end":{"line":47,"column":null}}]},"2":{"loc":{"start":{"line":49,"column":2},"end":{"line":71,"column":null}},"type":"if","locations":[{"start":{"line":49,"column":2},"end":{"line":71,"column":null}}]},"3":{"loc":{"start":{"line":49,"column":6},"end":{"line":49,"column":25}},"type":"binary-expr","locations":[{"start":{"line":49,"column":6},"end":{"line":49,"column":15}},{"start":{"line":49,"column":15},"end":{"line":49,"column":25}}]},"4":{"loc":{"start":{"line":53,"column":47},"end":{"line":53,"column":null}},"type":"binary-expr","locations":[{"start":{"line":53,"column":47},"end":{"line":53,"column":56}},{"start":{"line":53,"column":56},"end":{"line":53,"column":null}}]},"5":{"loc":{"start":{"line":88,"column":11},"end":{"line":88,"column":null}},"type":"binary-expr","locations":[{"start":{"line":88,"column":11},"end":{"line":88,"column":null}}]},"6":{"loc":{"start":{"line":89,"column":74},"end":{"line":89,"column":null}},"type":"cond-expr","locations":[{"start":{"line":89,"column":100},"end":{"line":89,"column":106}},{"start":{"line":89,"column":106},"end":{"line":89,"column":null}}]},"7":{"loc":{"start":{"line":102,"column":14},"end":{"line":106,"column":15}},"type":"cond-expr","locations":[{"start":{"line":102,"column":14},"end":{"line":106,"column":15}}]},"8":{"loc":{"start":{"line":118,"column":14},"end":{"line":129,"column":15}},"type":"cond-expr","locations":[{"start":{"line":118,"column":14},"end":{"line":129,"column":15}}]},"9":{"loc":{"start":{"line":117,"column":13},"end":{"line":117,"column":null}},"type":"binary-expr","locations":[{"start":{"line":117,"column":13},"end":{"line":117,"column":29}},{"start":{"line":117,"column":33},"end":{"line":117,"column":null}}]},"10":{"loc":{"start":{"line":141,"column":14},"end":{"line":152,"column":15}},"type":"cond-expr","locations":[{"start":{"line":141,"column":14},"end":{"line":152,"column":15}}]},"11":{"loc":{"start":{"line":140,"column":13},"end":{"line":140,"column":null}},"type":"binary-expr","locations":[{"start":{"line":140,"column":13},"end":{"line":140,"column":33}},{"start":{"line":140,"column":37},"end":{"line":140,"column":null}}]},"12":{"loc":{"start":{"line":146,"column":23},"end":{"line":146,"column":null}},"type":"cond-expr","locations":[{"start":{"line":146,"column":51},"end":{"line":146,"column":59}},{"start":{"line":146,"column":59},"end":{"line":146,"column":null}}]}},"s":{"0":0,"1":0,"2":0,"3":0,"4":0,"5":0,"6":0,"7":0,"8":0,"9":0,"10":0,"11":0,"12":0,"13":0,"14":0,"15":0,"16":0,"17":0,"18":0,"19":0,"20":0,"21":0,"22":0,"23":0,"24":0,"25":0,"26":0,"27":0,"28":0},"f":{"0":0,"1":0,"2":0,"3":0,"4":0,"5":0,"6":0},"b":{"0":[0,0],"1":[0],"2":[0],"3":[0,0],"4":[0,0],"5":[0],"6":[0,0],"7":[0],"8":[0],"9":[0,0],"10":[0],"11":[0,0],"12":[0,0]}}
,"/Users/lucavisconti/BP-Academy/bitcoin-academy/apps/web/src/app/courses/[courseId]/study/page.tsx": {"path":"/Users/lucavisconti/BP-Academy/bitcoin-academy/apps/web/src/app/courses/[courseId]/study/page.tsx","statementMap":{"0":{"start":{"line":11,"column":24},"end":{"line":11,"column":null}},"1":{"start":{"line":3,"column":36},"end":{"line":3,"column":null}},"2":{"start":{"line":4,"column":26},"end":{"line":4,"column":null}},"3":{"start":{"line":5,"column":27},"end":{"line":5,"column":null}},"4":{"start":{"line":6,"column":39},"end":{"line":6,"column":null}},"5":{"start":{"line":7,"column":26},"end":{"line":7,"column":null}},"6":{"start":{"line":8,"column":27},"end":{"line":8,"column":null}},"7":{"start":{"line":9,"column":27},"end":{"line":9,"column":null}},"8":{"start":{"line":12,"column":17},"end":{"line":12,"column":null}},"9":{"start":{"line":13,"column":19},"end":{"line":13,"column":34}},"10":{"start":{"line":14,"column":28},"end":{"line":14,"column":null}},"11":{"start":{"line":15,"column":23},"end":{"line":15,"column":null}},"12":{"start":{"line":17,"column":30},"end":{"line":17,"column":null}},"13":{"start":{"line":18,"column":32},"end":{"line":18,"column":null}},"14":{"start":{"line":20,"column":2},"end":{"line":32,"column":null}},"15":{"start":{"line":22,"column":6},"end":{"line":29,"column":null}},"16":{"start":{"line":23,"column":21},"end":{"line":23,"column":null}},"17":{"start":{"line":24,"column":8},"end":{"line":24,"column":null}},"18":{"start":{"line":28,"column":8},"end":{"line":28,"column":null}},"19":{"start":{"line":31,"column":4},"end":{"line":31,"column":null}},"20":{"start":{"line":31,"column":18},"end":{"line":31,"column":null}},"21":{"start":{"line":34,"column":2},"end":{"line":40,"column":null}}},"fnMap":{"0":{"name":"StudyPage","decl":{"start":{"line":11,"column":24},"end":{"line":11,"column":null}},"loc":{"start":{"line":11,"column":24},"end":{"line":51,"column":null}}},"1":{"name":"(anonymous_2)","decl":{"start":{"line":20,"column":12},"end":{"line":20,"column":null}},"loc":{"start":{"line":20,"column":12},"end":{"line":32,"column":5}}},"2":{"name":"load","decl":{"start":{"line":21,"column":19},"end":{"line":21,"column":null}},"loc":{"start":{"line":21,"column":19},"end":{"line":30,"column":null}}}},"branchMap":{"0":{"loc":{"start":{"line":31,"column":4},"end":{"line":31,"column":null}},"type":"if","locations":[{"start":{"line":31,"column":4},"end":{"line":31,"column":null}}]},"1":{"loc":{"start":{"line":34,"column":2},"end":{"line":40,"column":null}},"type":"if","locations":[{"start":{"line":34,"column":2},"end":{"line":40,"column":null}}]}},"s":{"0":0,"1":0,"2":0,"3":0,"4":0,"5":0,"6":0,"7":0,"8":0,"9":0,"10":0,"11":0,"12":0,"13":0,"14":0,"15":0,"16":0,"17":0,"18":0,"19":0,"20":0,"21":0},"f":{"0":0,"1":0,"2":0},"b":{"0":[0],"1":[0]}}
,"/Users/lucavisconti/BP-Academy/bitcoin-academy/apps/web/src/app/dashboard/page.tsx": {"path":"/Users/lucavisconti/BP-Academy/bitcoin-academy/apps/web/src/app/dashboard/page.tsx","statementMap":{"0":{"start":{"line":9,"column":24},"end":{"line":9,"column":null}},"1":{"start":{"line":3,"column":36},"end":{"line":3,"column":null}},"2":{"start":{"line":4,"column":36},"end":{"line":4,"column":null}},"3":{"start":{"line":5,"column":26},"end":{"line":5,"column":null}},"4":{"start":{"line":6,"column":17},"end":{"line":6,"column":null}},"5":{"start":{"line":7,"column":40},"end":{"line":7,"column":null}},"6":{"start":{"line":10,"column":36},"end":{"line":10,"column":null}},"7":{"start":{"line":11,"column":17},"end":{"line":11,"column":null}},"8":{"start":{"line":12,"column":32},"end":{"line":12,"column":null}},"9":{"start":{"line":13,"column":46},"end":{"line":13,"column":null}},"10":{"start":{"line":15,"column":2},"end":{"line":30,"column":null}},"11":{"start":{"line":16,"column":4},"end":{"line":16,"column":null}},"12":{"start":{"line":16,"column":36},"end":{"line":16,"column":null}},"13":{"start":{"line":19,"column":6},"end":{"line":26,"column":null}},"14":{"start":{"line":20,"column":21},"end":{"line":20,"column":null}},"15":{"start":{"line":21,"column":8},"end":{"line":21,"column":null}},"16":{"start":{"line":25,"column":8},"end":{"line":25,"column":null}},"17":{"start":{"line":29,"column":4},"end":{"line":29,"column":null}},"18":{"start":{"line":32,"column":2},"end":{"line":41,"column":null}},"19":{"start":{"line":43,"column":2},"end":{"line":46,"column":null}},"20":{"start":{"line":44,"column":4},"end":{"line":44,"column":null}},"21":{"start":{"line":45,"column":4},"end":{"line":45,"column":null}},"22":{"start":{"line":48,"column":24},"end":{"line":50,"column":null}},"23":{"start":{"line":49,"column":4},"end":{"line":49,"column":null}}},"fnMap":{"0":{"name":"DashboardPage","decl":{"start":{"line":9,"column":24},"end":{"line":9,"column":null}},"loc":{"start":{"line":9,"column":24},"end":{"line":141,"column":null}}},"1":{"name":"(anonymous_3)","decl":{"start":{"line":15,"column":12},"end":{"line":15,"column":null}},"loc":{"start":{"line":15,"column":12},"end":{"line":30,"column":5}}},"2":{"name":"fetchCourses","decl":{"start":{"line":18,"column":19},"end":{"line":18,"column":null}},"loc":{"start":{"line":18,"column":19},"end":{"line":27,"column":null}}},"3":{"name":"(anonymous_5)","decl":{"start":{"line":48,"column":24},"end":{"line":48,"column":null}},"loc":{"start":{"line":48,"column":24},"end":{"line":50,"column":null}}}},"branchMap":{"0":{"loc":{"start":{"line":16,"column":4},"end":{"line":16,"column":null}},"type":"if","locations":[{"start":{"line":16,"column":4},"end":{"line":16,"column":null}}]},"1":{"loc":{"start":{"line":32,"column":2},"end":{"line":41,"column":null}},"type":"if","locations":[{"start":{"line":32,"column":2},"end":{"line":41,"column":null}}]},"2":{"loc":{"start":{"line":43,"column":2},"end":{"line":46,"column":null}},"type":"if","locations":[{"start":{"line":43,"column":2},"end":{"line":46,"column":null}}]},"3":{"loc":{"start":{"line":72,"column":23},"end":{"line":72,"column":82}},"type":"binary-expr","locations":[{"start":{"line":72,"column":23},"end":{"line":72,"column":61}},{"start":{"line":72,"column":61},"end":{"line":72,"column":82}}]},"4":{"loc":{"start":{"line":87,"column":21},"end":{"line":87,"column":null}},"type":"binary-expr","locations":[{"start":{"line":87,"column":21},"end":{"line":87,"column":60}},{"start":{"line":87,"column":60},"end":{"line":87,"column":null}}]},"5":{"loc":{"start":{"line":93,"column":21},"end":{"line":93,"column":null}},"type":"binary-expr","locations":[{"start":{"line":93,"column":21},"end":{"line":93,"column":53}},{"start":{"line":93,"column":53},"end":{"line":93,"column":null}}]},"6":{"loc":{"start":{"line":106,"column":21},"end":{"line":109,"column":36}},"type":"cond-expr","locations":[{"start":{"line":107,"column":22},"end":{"line":109,"column":30}},{"start":{"line":109,"column":22},"end":{"line":109,"column":36}}]}},"s":{"0":0,"1":0,"2":0,"3":0,"4":0,"5":0,"6":0,"7":0,"8":0,"9":0,"10":0,"11":0,"12":0,"13":0,"14":0,"15":0,"16":0,"17":0,"18":0,"19":0,"20":0,"21":0,"22":0,"23":0},"f":{"0":0,"1":0,"2":0,"3":0},"b":{"0":[0],"1":[0],"2":[0],"3":[0,0],"4":[0,0],"5":[0,0],"6":[0,0]}}
,"/Users/lucavisconti/BP-Academy/bitcoin-academy/apps/web/src/components/courses/CourseCard.tsx": {"path":"/Users/lucavisconti/BP-Academy/bitcoin-academy/apps/web/src/components/courses/CourseCard.tsx","statementMap":{"0":{"start":{"line":10,"column":16},"end":{"line":10,"column":27}},"1":{"start":{"line":3,"column":17},"end":{"line":3,"column":null}}},"fnMap":{"0":{"name":"CourseCard","decl":{"start":{"line":10,"column":16},"end":{"line":10,"column":27}},"loc":{"start":{"line":10,"column":54},"end":{"line":45,"column":null}}}},"branchMap":{"0":{"loc":{"start":{"line":22,"column":13},"end":{"line":22,"column":31}},"type":"binary-expr","locations":[{"start":{"line":22,"column":13},"end":{"line":22,"column":31}}]}},"s":{"0":0,"1":0},"f":{"0":0},"b":{"0":[0]}}
,"/Users/lucavisconti/BP-Academy/bitcoin-academy/apps/web/src/components/courses/DocumentList.tsx": {"path":"/Users/lucavisconti/BP-Academy/bitcoin-academy/apps/web/src/components/courses/DocumentList.tsx","statementMap":{"0":{"start":{"line":37,"column":16},"end":{"line":37,"column":29}},"1":{"start":{"line":3,"column":57},"end":{"line":3,"column":null}},"2":{"start":{"line":4,"column":36},"end":{"line":4,"column":null}},"3":{"start":{"line":6,"column":36},"end":{"line":6,"column":null}},"4":{"start":{"line":7,"column":40},"end":{"line":7,"column":null}},"5":{"start":{"line":16,"column":30},"end":{"line":16,"column":null}},"6":{"start":{"line":19,"column":2},"end":{"line":19,"column":null}},"7":{"start":{"line":19,"column":20},"end":{"line":19,"column":null}},"8":{"start":{"line":20,"column":2},"end":{"line":20,"column":null}},"9":{"start":{"line":20,"column":27},"end":{"line":20,"column":null}},"10":{"start":{"line":21,"column":2},"end":{"line":21,"column":null}},"11":{"start":{"line":25,"column":2},"end":{"line":34,"column":null}},"12":{"start":{"line":26,"column":4},"end":{"line":31,"column":null}},"13":{"start":{"line":33,"column":4},"end":{"line":33,"column":null}},"14":{"start":{"line":43,"column":36},"end":{"line":43,"column":null}},"15":{"start":{"line":44,"column":32},"end":{"line":44,"column":null}},"16":{"start":{"line":45,"column":28},"end":{"line":45,"column":null}},"17":{"start":{"line":46,"column":38},"end":{"line":46,"column":null}},"18":{"start":{"line":47,"column":38},"end":{"line":47,"column":null}},"19":{"start":{"line":48,"column":18},"end":{"line":48,"column":null}},"20":{"start":{"line":50,"column":25},"end":{"line":69,"column":null}},"21":{"start":{"line":52,"column":6},"end":{"line":67,"column":null}},"22":{"start":{"line":53,"column":8},"end":{"line":53,"column":null}},"23":{"start":{"line":53,"column":21},"end":{"line":53,"column":null}},"24":{"start":{"line":54,"column":21},"end":{"line":54,"column":null}},"25":{"start":{"line":55,"column":8},"end":{"line":55,"column":null}},"26":{"start":{"line":57,"column":24},"end":{"line":57,"column":null}},"27":{"start":{"line":58,"column":8},"end":{"line":63,"column":null}},"28":{"start":{"line":59,"column":10},"end":{"line":59,"column":null}},"29":{"start":{"line":60,"column":10},"end":{"line":60,"column":null}},"30":{"start":{"line":61,"column":15},"end":{"line":63,"column":null}},"31":{"start":{"line":62,"column":10},"end":{"line":62,"column":null}},"32":{"start":{"line":65,"column":8},"end":{"line":65,"column":null}},"33":{"start":{"line":66,"column":8},"end":{"line":66,"column":null}},"34":{"start":{"line":72,"column":2},"end":{"line":74,"column":null}},"35":{"start":{"line":73,"column":4},"end":{"line":73,"column":null}},"36":{"start":{"line":76,"column":2},"end":{"line":84,"column":null}},"37":{"start":{"line":77,"column":26},"end":{"line":77,"column":null}},"38":{"start":{"line":77,"column":48},"end":{"line":77,"column":61}},"39":{"start":{"line":78,"column":4},"end":{"line":80,"column":null}},"40":{"start":{"line":79,"column":6},"end":{"line":79,"column":null}},"41":{"start":{"line":79,"column":42},"end":{"line":79,"column":64}},"42":{"start":{"line":81,"column":4},"end":{"line":83,"column":null}},"43":{"start":{"line":82,"column":6},"end":{"line":82,"column":null}},"44":{"start":{"line":82,"column":27},"end":{"line":82,"column":null}},"45":{"start":{"line":87,"column":4},"end":{"line":87,"column":null}},"46":{"start":{"line":88,"column":4},"end":{"line":88,"column":null}},"47":{"start":{"line":92,"column":4},"end":{"line":92,"column":null}},"48":{"start":{"line":92,"column":29},"end":{"line":92,"column":null}},"49":{"start":{"line":95,"column":2},"end":{"line":109,"column":null}},"50":{"start":{"line":99,"column":10},"end":{"line":99,"column":23}},"51":{"start":{"line":111,"column":2},"end":{"line":123,"column":null}},"52":{"start":{"line":116,"column":25},"end":{"line":116,"column":null}},"53":{"start":{"line":125,"column":2},"end":{"line":145,"column":null}},"54":{"start":{"line":178,"column":29},"end":{"line":178,"column":50}},"55":{"start":{"line":179,"column":10},"end":{"line":180,"column":29}},"56":{"start":{"line":183,"column":31},"end":{"line":183,"column":null}}},"fnMap":{"0":{"name":"formatFileSize","decl":{"start":{"line":18,"column":9},"end":{"line":18,"column":24}},"loc":{"start":{"line":18,"column":37},"end":{"line":22,"column":null}}},"1":{"name":"formatTime","decl":{"start":{"line":24,"column":9},"end":{"line":24,"column":20}},"loc":{"start":{"line":24,"column":31},"end":{"line":35,"column":null}}},"2":{"name":"DocumentList","decl":{"start":{"line":37,"column":16},"end":{"line":37,"column":29}},"loc":{"start":{"line":42,"column":20},"end":{"line":241,"column":null}}},"3":{"name":"(anonymous_4)","decl":{"start":{"line":51,"column":4},"end":{"line":51,"column":11}},"loc":{"start":{"line":51,"column":25},"end":{"line":68,"column":null}}},"4":{"name":"(anonymous_5)","decl":{"start":{"line":72,"column":12},"end":{"line":72,"column":null}},"loc":{"start":{"line":72,"column":12},"end":{"line":74,"column":5}}},"5":{"name":"(anonymous_6)","decl":{"start":{"line":76,"column":12},"end":{"line":76,"column":null}},"loc":{"start":{"line":76,"column":12},"end":{"line":84,"column":5}}},"6":{"name":"(anonymous_7)","decl":{"start":{"line":77,"column":41},"end":{"line":77,"column":42}},"loc":{"start":{"line":77,"column":48},"end":{"line":77,"column":61}}},"7":{"name":"(anonymous_8)","decl":{"start":{"line":79,"column":36},"end":{"line":79,"column":42}},"loc":{"start":{"line":79,"column":42},"end":{"line":79,"column":64}}},"8":{"name":"(anonymous_9)","decl":{"start":{"line":81,"column":11},"end":{"line":81,"column":null}},"loc":{"start":{"line":81,"column":11},"end":{"line":83,"column":null}}},"9":{"name":"handleRefresh","decl":{"start":{"line":86,"column":11},"end":{"line":86,"column":null}},"loc":{"start":{"line":86,"column":11},"end":{"line":89,"column":null}}},"10":{"name":"toggleExpand","decl":{"start":{"line":91,"column":11},"end":{"line":91,"column":24}},"loc":{"start":{"line":91,"column":34},"end":{"line":93,"column":null}}},"11":{"name":"(anonymous_12)","decl":{"start":{"line":92,"column":18},"end":{"line":92,"column":19}},"loc":{"start":{"line":92,"column":29},"end":{"line":92,"column":null}}},"12":{"name":"(anonymous_13)","decl":{"start":{"line":98,"column":23},"end":{"line":98,"column":24}},"loc":{"start":{"line":99,"column":10},"end":{"line":99,"column":23}}},"13":{"name":"(anonymous_14)","decl":{"start":{"line":116,"column":19},"end":{"line":116,"column":25}},"loc":{"start":{"line":116,"column":25},"end":{"line":116,"column":null}}},"14":{"name":"(anonymous_15)","decl":{"start":{"line":177,"column":23},"end":{"line":177,"column":24}},"loc":{"start":{"line":177,"column":24},"end":{"line":237,"column":null}}},"15":{"name":"(anonymous_16)","decl":{"start":{"line":183,"column":25},"end":{"line":183,"column":31}},"loc":{"start":{"line":183,"column":31},"end":{"line":183,"column":null}}}},"branchMap":{"0":{"loc":{"start":{"line":19,"column":2},"end":{"line":19,"column":null}},"type":"if","locations":[{"start":{"line":19,"column":2},"end":{"line":19,"column":null}}]},"1":{"loc":{"start":{"line":20,"column":2},"end":{"line":20,"column":null}},"type":"if","locations":[{"start":{"line":20,"column":2},"end":{"line":20,"column":null}}]},"2":{"loc":{"start":{"line":40,"column":2},"end":{"line":40,"column":16}},"type":"default-arg","locations":[{"start":{"line":40,"column":15},"end":{"line":40,"column":16}}]},"3":{"loc":{"start":{"line":51,"column":11},"end":{"line":51,"column":25}},"type":"default-arg","locations":[{"start":{"line":51,"column":20},"end":{"line":51,"column":25}}]},"4":{"loc":{"start":{"line":53,"column":8},"end":{"line":53,"column":null}},"type":"if","locations":[{"start":{"line":53,"column":8},"end":{"line":53,"column":null}}]},"5":{"loc":{"start":{"line":57,"column":24},"end":{"line":57,"column":null}},"type":"cond-expr","locations":[{"start":{"line":57,"column":47},"end":{"line":57,"column":58}},{"start":{"line":57,"column":61},"end":{"line":57,"column":null}}]},"6":{"loc":{"start":{"line":58,"column":8},"end":{"line":63,"column":null}},"type":"if","locations":[{"start":{"line":58,"column":8},"end":{"line":63,"column":null}},{"start":{"line":61,"column":15},"end":{"line":63,"column":null}}]},"7":{"loc":{"start":{"line":58,"column":12},"end":{"line":58,"column":96}},"type":"binary-expr","locations":[{"start":{"line":58,"column":12},"end":{"line":58,"column":56}},{"start":{"line":58,"column":56},"end":{"line":58,"column":96}}]},"8":{"loc":{"start":{"line":61,"column":15},"end":{"line":63,"column":null}},"type":"if","locations":[{"start":{"line":61,"column":15},"end":{"line":63,"column":null}}]},"9":{"loc":{"start":{"line":78,"column":4},"end":{"line":80,"column":null}},"type":"if","locations":[{"start":{"line":78,"column":4},"end":{"line":80,"column":null}}]},"10":{"loc":{"start":{"line":82,"column":6},"end":{"line":82,"column":null}},"type":"if","locations":[{"start":{"line":82,"column":6},"end":{"line":82,"column":null}}]},"11":{"loc":{"start":{"line":92,"column":29},"end":{"line":92,"column":null}},"type":"cond-expr","locations":[{"start":{"line":92,"column":43},"end":{"line":92,"column":50}},{"start":{"line":92,"column":50},"end":{"line":92,"column":null}}]},"12":{"loc":{"start":{"line":95,"column":2},"end":{"line":109,"column":null}},"type":"if","locations":[{"start":{"line":95,"column":2},"end":{"line":109,"column":null}}]},"13":{"loc":{"start":{"line":111,"column":2},"end":{"line":123,"column":null}},"type":"if","locations":[{"start":{"line":111,"column":2},"end":{"line":123,"column":null}}]},"14":{"loc":{"start":{"line":125,"column":2},"end":{"line":145,"column":null}},"type":"if","locations":[{"start":{"line":125,"column":2},"end":{"line":145,"column":null}}]},"15":{"loc":{"start":{"line":151,"column":38},"end":{"line":151,"column":null}},"type":"cond-expr","locations":[{"start":{"line":151,"column":63},"end":{"line":151,"column":69}},{"start":{"line":151,"column":69},"end":{"line":151,"column":null}}]},"16":{"loc":{"start":{"line":160,"column":38},"end":{"line":160,"column":71}},"type":"cond-expr","locations":[{"start":{"line":160,"column":51},"end":{"line":160,"column":68}},{"start":{"line":160,"column":68},"end":{"line":160,"column":71}}]},"17":{"loc":{"start":{"line":172,"column":11},"end":{"line":172,"column":null}},"type":"cond-expr","locations":[{"start":{"line":172,"column":24},"end":{"line":172,"column":42}},{"start":{"line":172,"column":42},"end":{"line":172,"column":null}}]},"18":{"loc":{"start":{"line":190,"column":96},"end":{"line":190,"column":126}},"type":"cond-expr","locations":[{"start":{"line":190,"column":109},"end":{"line":190,"column":123}},{"start":{"line":190,"column":123},"end":{"line":190,"column":126}}]},"19":{"loc":{"start":{"line":216,"column":21},"end":{"line":216,"column":47}},"type":"binary-expr","locations":[{"start":{"line":216,"column":21},"end":{"line":216,"column":47}},{"start":{"line":216,"column":47},"end":{"line":216,"column":63}}]},"20":{"loc":{"start":{"line":226,"column":15},"end":{"line":226,"column":null}},"type":"binary-expr","locations":[{"start":{"line":226,"column":15},"end":{"line":226,"column":null}}]}},"s":{"0":0,"1":0,"2":0,"3":0,"4":0,"5":0,"6":0,"7":0,"8":0,"9":0,"10":0,"11":0,"12":0,"13":0,"14":0,"15":0,"16":0,"17":0,"18":0,"19":0,"20":0,"21":0,"22":0,"23":0,"24":0,"25":0,"26":0,"27":0,"28":0,"29":0,"30":0,"31":0,"32":0,"33":0,"34":0,"35":0,"36":0,"37":0,"38":0,"39":0,"40":0,"41":0,"42":0,"43":0,"44":0,"45":0,"46":0,"47":0,"48":0,"49":0,"50":0,"51":0,"52":0,"53":0,"54":0,"55":0,"56":0},"f":{"0":0,"1":0,"2":0,"3":0,"4":0,"5":0,"6":0,"7":0,"8":0,"9":0,"10":0,"11":0,"12":0,"13":0,"14":0,"15":0},"b":{"0":[0],"1":[0],"2":[0],"3":[0],"4":[0],"5":[0,0],"6":[0,0],"7":[0,0],"8":[0],"9":[0],"10":[0],"11":[0,0],"12":[0],"13":[0],"14":[0],"15":[0,0],"16":[0,0],"17":[0,0],"18":[0,0],"19":[0,0],"20":[0]}}
,"/Users/lucavisconti/BP-Academy/bitcoin-academy/apps/web/src/components/courses/ProcessingIndicator.tsx": {"path":"/Users/lucavisconti/BP-Academy/bitcoin-academy/apps/web/src/components/courses/ProcessingIndicator.tsx","statementMap":{"0":{"start":{"line":49,"column":16},"end":{"line":49,"column":36}},"1":{"start":{"line":11,"column":104},"end":{"line":36,"column":null}},"2":{"start":{"line":38,"column":54},"end":{"line":47,"column":null}},"3":{"start":{"line":50,"column":17},"end":{"line":50,"column":38}},"4":{"start":{"line":51,"column":21},"end":{"line":51,"column":null}}},"fnMap":{"0":{"name":"ProcessingIndicator","decl":{"start":{"line":49,"column":16},"end":{"line":49,"column":36}},"loc":{"start":{"line":49,"column":95},"end":{"line":64,"column":null}}}},"branchMap":{"0":{"loc":{"start":{"line":49,"column":53},"end":{"line":49,"column":67}},"type":"default-arg","locations":[{"start":{"line":49,"column":65},"end":{"line":49,"column":67}}]},"1":{"loc":{"start":{"line":51,"column":21},"end":{"line":51,"column":null}},"type":"cond-expr","locations":[{"start":{"line":51,"column":70},"end":{"line":51,"column":89}},{"start":{"line":51,"column":92},"end":{"line":51,"column":null}}]},"2":{"loc":{"start":{"line":51,"column":21},"end":{"line":51,"column":70}},"type":"binary-expr","locations":[{"start":{"line":51,"column":21},"end":{"line":51,"column":30}},{"start":{"line":51,"column":30},"end":{"line":51,"column":50}},{"start":{"line":51,"column":50},"end":{"line":51,"column":70}}]},"3":{"loc":{"start":{"line":59,"column":7},"end":{"line":59,"column":21}},"type":"binary-expr","locations":[{"start":{"line":59,"column":7},"end":{"line":59,"column":21}},{"start":{"line":59,"column":21},"end":{"line":59,"column":null}}]}},"s":{"0":0,"1":0,"2":0,"3":0,"4":0},"f":{"0":0},"b":{"0":[0],"1":[0,0],"2":[0,0,0],"3":[0,0]}}
,"/Users/lucavisconti/BP-Academy/bitcoin-academy/apps/web/src/components/documents/DocumentProcessingPanel.tsx": {"path":"/Users/lucavisconti/BP-Academy/bitcoin-academy/apps/web/src/components/documents/DocumentProcessingPanel.tsx","statementMap":{"0":{"start":{"line":22,"column":16},"end":{"line":22,"column":40}},"1":{"start":{"line":3,"column":49},"end":{"line":3,"column":null}},"2":{"start":{"line":4,"column":38},"end":{"line":4,"column":null}},"3":{"start":{"line":27,"column":30},"end":{"line":27,"column":null}},"4":{"start":{"line":28,"column":32},"end":{"line":28,"column":null}},"5":{"start":{"line":29,"column":28},"end":{"line":29,"column":null}},"6":{"start":{"line":31,"column":15},"end":{"line":41,"column":null}},"7":{"start":{"line":32,"column":4},"end":{"line":40,"column":null}},"8":{"start":{"line":33,"column":6},"end":{"line":33,"column":null}},"9":{"start":{"line":34,"column":19},"end":{"line":34,"column":null}},"10":{"start":{"line":35,"column":6},"end":{"line":35,"column":null}},"11":{"start":{"line":37,"column":6},"end":{"line":37,"column":null}},"12":{"start":{"line":39,"column":6},"end":{"line":39,"column":null}},"13":{"start":{"line":43,"column":2},"end":{"line":45,"column":null}},"14":{"start":{"line":44,"column":4},"end":{"line":44,"column":null}},"15":{"start":{"line":47,"column":2},"end":{"line":55,"column":null}},"16":{"start":{"line":57,"column":2},"end":{"line":66,"column":null}},"17":{"start":{"line":68,"column":2},"end":{"line":68,"column":null}},"18":{"start":{"line":68,"column":15},"end":{"line":68,"column":null}},"19":{"start":{"line":97,"column":25},"end":{"line":97,"column":null}}},"fnMap":{"0":{"name":"DetailRow","decl":{"start":{"line":13,"column":9},"end":{"line":13,"column":19}},"loc":{"start":{"line":13,"column":78},"end":{"line":20,"column":null}}},"1":{"name":"DocumentProcessingPanel","decl":{"start":{"line":22,"column":16},"end":{"line":22,"column":40}},"loc":{"start":{"line":26,"column":31},"end":{"line":108,"column":null}}},"2":{"name":"(anonymous_3)","decl":{"start":{"line":31,"column":27},"end":{"line":31,"column":null}},"loc":{"start":{"line":31,"column":27},"end":{"line":41,"column":5}}},"3":{"name":"(anonymous_4)","decl":{"start":{"line":43,"column":12},"end":{"line":43,"column":null}},"loc":{"start":{"line":43,"column":12},"end":{"line":45,"column":5}}},"4":{"name":"(anonymous_5)","decl":{"start":{"line":97,"column":19},"end":{"line":97,"column":25}},"loc":{"start":{"line":97,"column":25},"end":{"line":97,"column":null}}}},"branchMap":{"0":{"loc":{"start":{"line":17,"column":56},"end":{"line":17,"column":65}},"type":"binary-expr","locations":[{"start":{"line":17,"column":56},"end":{"line":17,"column":65}}]},"1":{"loc":{"start":{"line":37,"column":15},"end":{"line":37,"column":null}},"type":"cond-expr","locations":[{"start":{"line":37,"column":38},"end":{"line":37,"column":49}},{"start":{"line":37,"column":52},"end":{"line":37,"column":null}}]},"2":{"loc":{"start":{"line":47,"column":2},"end":{"line":55,"column":null}},"type":"if","locations":[{"start":{"line":47,"column":2},"end":{"line":55,"column":null}}]},"3":{"loc":{"start":{"line":57,"column":2},"end":{"line":66,"column":null}},"type":"if","locations":[{"start":{"line":57,"column":2},"end":{"line":66,"column":null}}]},"4":{"loc":{"start":{"line":68,"column":2},"end":{"line":68,"column":null}},"type":"if","locations":[{"start":{"line":68,"column":2},"end":{"line":68,"column":null}}]},"5":{"loc":{"start":{"line":79,"column":9},"end":{"line":79,"column":28}},"type":"binary-expr","locations":[{"start":{"line":79,"column":9},"end":{"line":79,"column":28}}]},"6":{"loc":{"start":{"line":85,"column":9},"end":{"line":85,"column":34}},"type":"binary-expr","locations":[{"start":{"line":85,"column":9},"end":{"line":85,"column":34}}]},"7":{"loc":{"start":{"line":95,"column":7},"end":{"line":95,"column":24}},"type":"binary-expr","locations":[{"start":{"line":95,"column":7},"end":{"line":95,"column":24}},{"start":{"line":95,"column":24},"end":{"line":95,"column":null}}]}},"s":{"0":0,"1":0,"2":0,"3":0,"4":0,"5":0,"6":0,"7":0,"8":0,"9":0,"10":0,"11":0,"12":0,"13":0,"14":0,"15":0,"16":0,"17":0,"18":0,"19":0},"f":{"0":0,"1":0,"2":0,"3":0,"4":0},"b":{"0":[0],"1":[0,0],"2":[0],"3":[0],"4":[0],"5":[0],"6":[0],"7":[0,0]}}
,"/Users/lucavisconti/BP-Academy/bitcoin-academy/apps/web/src/components/documents/DocumentRow.tsx": {"path":"/Users/lucavisconti/BP-Academy/bitcoin-academy/apps/web/src/components/documents/DocumentRow.tsx","statementMap":{"0":{"start":{"line":20,"column":16},"end":{"line":20,"column":28}},"1":{"start":{"line":3,"column":25},"end":{"line":3,"column":null}},"2":{"start":{"line":5,"column":31},"end":{"line":5,"column":null}},"3":{"start":{"line":6,"column":36},"end":{"line":6,"column":null}},"4":{"start":{"line":15,"column":2},"end":{"line":15,"column":null}},"5":{"start":{"line":15,"column":20},"end":{"line":15,"column":null}},"6":{"start":{"line":16,"column":2},"end":{"line":16,"column":null}},"7":{"start":{"line":16,"column":27},"end":{"line":16,"column":null}},"8":{"start":{"line":17,"column":2},"end":{"line":17,"column":null}},"9":{"start":{"line":21,"column":34},"end":{"line":21,"column":null}},"10":{"start":{"line":24,"column":4},"end":{"line":24,"column":null}},"11":{"start":{"line":24,"column":47},"end":{"line":24,"column":null}},"12":{"start":{"line":25,"column":4},"end":{"line":25,"column":null}},"13":{"start":{"line":26,"column":4},"end":{"line":31,"column":null}},"14":{"start":{"line":27,"column":6},"end":{"line":27,"column":null}},"15":{"start":{"line":28,"column":6},"end":{"line":28,"column":null}},"16":{"start":{"line":30,"column":6},"end":{"line":30,"column":null}}},"fnMap":{"0":{"name":"formatFileSize","decl":{"start":{"line":14,"column":9},"end":{"line":14,"column":24}},"loc":{"start":{"line":14,"column":37},"end":{"line":18,"column":null}}},"1":{"name":"DocumentRow","decl":{"start":{"line":20,"column":16},"end":{"line":20,"column":28}},"loc":{"start":{"line":20,"column":87},"end":{"line":58,"column":null}}},"2":{"name":"handleDelete","decl":{"start":{"line":23,"column":17},"end":{"line":23,"column":null}},"loc":{"start":{"line":23,"column":17},"end":{"line":32,"column":null}}}},"branchMap":{"0":{"loc":{"start":{"line":15,"column":2},"end":{"line":15,"column":null}},"type":"if","locations":[{"start":{"line":15,"column":2},"end":{"line":15,"column":null}}]},"1":{"loc":{"start":{"line":16,"column":2},"end":{"line":16,"column":null}},"type":"if","locations":[{"start":{"line":16,"column":2},"end":{"line":16,"column":null}}]},"2":{"loc":{"start":{"line":24,"column":4},"end":{"line":24,"column":null}},"type":"if","locations":[{"start":{"line":24,"column":4},"end":{"line":24,"column":null}}]}},"s":{"0":0,"1":0,"2":0,"3":0,"4":0,"5":0,"6":0,"7":0,"8":0,"9":0,"10":0,"11":0,"12":0,"13":0,"14":0,"15":0,"16":0},"f":{"0":0,"1":0,"2":0},"b":{"0":[0],"1":[0],"2":[0]}}
,"/Users/lucavisconti/BP-Academy/bitcoin-academy/apps/web/src/components/documents/DocumentUpload.tsx": {"path":"/Users/lucavisconti/BP-Academy/bitcoin-academy/apps/web/src/components/documents/DocumentUpload.tsx","statementMap":{"0":{"start":{"line":18,"column":16},"end":{"line":18,"column":31}},"1":{"start":{"line":3,"column":46},"end":{"line":3,"column":null}},"2":{"start":{"line":4,"column":58},"end":{"line":4,"column":null}},"3":{"start":{"line":19,"column":26},"end":{"line":19,"column":null}},"4":{"start":{"line":20,"column":38},"end":{"line":20,"column":null}},"5":{"start":{"line":21,"column":19},"end":{"line":21,"column":null}},"6":{"start":{"line":23,"column":22},"end":{"line":69,"column":null}},"7":{"start":{"line":25,"column":24},"end":{"line":25,"column":null}},"8":{"start":{"line":26,"column":6},"end":{"line":26,"column":null}},"9":{"start":{"line":26,"column":34},"end":{"line":26,"column":null}},"10":{"start":{"line":28,"column":35},"end":{"line":31,"column":null}},"11":{"start":{"line":28,"column":60},"end":{"line":31,"column":null}},"12":{"start":{"line":33,"column":6},"end":{"line":33,"column":null}},"13":{"start":{"line":33,"column":24},"end":{"line":33,"column":null}},"14":{"start":{"line":35,"column":6},"end":{"line":67,"column":null}},"15":{"start":{"line":35,"column":19},"end":{"line":35,"column":22}},"16":{"start":{"line":36,"column":21},"end":{"line":36,"column":33}},"17":{"start":{"line":37,"column":25},"end":{"line":37,"column":null}},"18":{"start":{"line":39,"column":8},"end":{"line":66,"column":null}},"19":{"start":{"line":40,"column":22},"end":{"line":40,"column":null}},"20":{"start":{"line":42,"column":10},"end":{"line":46,"column":null}},"21":{"start":{"line":43,"column":28},"end":{"line":43,"column":null}},"22":{"start":{"line":44,"column":12},"end":{"line":44,"column":null}},"23":{"start":{"line":44,"column":35},"end":{"line":44,"column":null}},"24":{"start":{"line":45,"column":12},"end":{"line":45,"column":null}},"25":{"start":{"line":48,"column":10},"end":{"line":48,"column":null}},"26":{"start":{"line":50,"column":10},"end":{"line":54,"column":null}},"27":{"start":{"line":51,"column":28},"end":{"line":51,"column":null}},"28":{"start":{"line":52,"column":12},"end":{"line":52,"column":null}},"29":{"start":{"line":52,"column":35},"end":{"line":52,"column":null}},"30":{"start":{"line":53,"column":12},"end":{"line":53,"column":null}},"31":{"start":{"line":56,"column":10},"end":{"line":56,"column":null}},"32":{"start":{"line":58,"column":26},"end":{"line":58,"column":null}},"33":{"sta
[...]
"line":122,"column":35},"end":{"line":122,"column":null}},"36":{"start":{"line":124,"column":2},"end":{"line":124,"column":null}}},"fnMap":{"0":{"name":"fetchDocumentsList","decl":{"start":{"line":15,"column":22},"end":{"line":15,"column":40}},"loc":{"start":{"line":17,"column":22},"end":{"line":22,"column":null}}},"1":{"name":"fetchDocumentStatus","decl":{"start":{"line":24,"column":22},"end":{"line":24,"column":41}},"loc":{"start":{"line":26,"column":22},"end":{"line":31,"column":null}}},"2":{"name":"fetchDocumentDetail","decl":{"start":{"line":33,"column":22},"end":{"line":33,"column":41}},"loc":{"start":{"line":35,"column":22},"end":{"line":40,"column":null}}},"3":{"name":"fetchDocumentPreview","decl":{"start":{"line":42,"column":22},"end":{"line":42,"column":42}},"loc":{"start":{"line":44,"column":22},"end":{"line":49,"column":null}}},"4":{"name":"uploadDocument","decl":{"start":{"line":51,"column":22},"end":{"line":51,"column":36}},"loc":{"start":{"line":54,"column":22},"end":{"line":63,"column":null}}},"5":{"name":"deleteDocument","decl":{"start":{"line":65,"column":22},"end":{"line":65,"column":36}},"loc":{"start":{"line":67,"column":22},"end":{"line":73,"column":null}}},"6":{"name":"getDocumentListRows","decl":{"start":{"line":77,"column":22},"end":{"line":77,"column":41}},"loc":{"start":{"line":79,"column":22},"end":{"line":83,"column":null}}},"7":{"name":"getDocumentDetailView","decl":{"start":{"line":85,"column":22},"end":{"line":85,"column":43}},"loc":{"start":{"line":87,"column":22},"end":{"line":91,"column":null}}},"8":{"name":"getDocumentPreviewView","decl":{"start":{"line":93,"column":22},"end":{"line":93,"column":44}},"loc":{"start":{"line":95,"column":22},"end":{"line":99,"column":null}}},"9":{"name":"pollDocumentUntilTerminal","decl":{"start":{"line":103,"column":22},"end":{"line":103,"column":47}},"loc":{"start":{"line":107,"column":18},"end":{"line":125,"column":null}}},"10":{"name":"(anonymous_21)","decl":{"start":{"line":122,"column":22},"end":{"line":122,"column":23}},"loc":{"start":{"line":122,"column":35},"end":{"line":122,"column":null}}}},"branchMap":{"0":{"loc":{"start":{"line":106,"column":2},"end":{"line":106,"column":19}},"type":"default-arg","locations":[{"start":{"line":106,"column":15},"end":{"line":106,"column":19}}]},"1":{"loc":{"start":{"line":107,"column":2},"end":{"line":107,"column":18}},"type":"default-arg","locations":[{"start":{"line":107,"column":16},"end":{"line":107,"column":18}}]},"2":{"loc":{"start":{"line":112,"column":6},"end":{"line":114,"column":null}},"type":"if","locations":[{"start":{"line":112,"column":6},"end":{"line":114,"column":null}}]},"3":{"loc":{"start":{"line":112,"column":10},"end":{"line":112,"column":66}},"type":"binary-expr","locations":[{"start":{"line":112,"column":10},"end":{"line":112,"column":39}},{"start":{"line":112,"column":39},"end":{"line":112,"column":66}}]},"4":{"loc":{"start":{"line":116,"column":6},"end":{"line":120,"column":null}},"type":"if","locations":[{"start":{"line":116,"column":6},"end":{"line":120,"column":null}},{"start":{"line":118,"column":13},"end":{"line":120,"column":null}}]},"5":{"loc":{"start":{"line":116,"column":10},"end":{"line":116,"column":56}},"type":"binary-expr","locations":[{"start":{"line":116,"column":10},"end":{"line":116,"column":33}},{"start":{"line":116,"column":37},"end":{"line":116,"column":56}}]}},"s":{"0":0,"1":0,"2":0,"3":0,"4":0,"5":0,"6":0,"7":0,"8":0,"9":0,"10":0,"11":0,"12":0,"13":0,"14":0,"15":0,"16":0,"17":0,"18":0,"19":0,"20":0,"21":0,"22":0,"23":0,"24":0,"25":0,"26":0,"27":0,"28":0,"29":0,"30":0,"31":0,"32":0,"33":0,"34":0,"35":0,"36":0},"f":{"0":0,"1":0,"2":0,"3":0,"4":0,"5":0,"6":0,"7":0,"8":0,"9":0,"10":0},"b":{"0":[0],"1":[0],"2":[0],"3":[0,0],"4":[0,0],"5":[0,0]}}
,"/Users/lucavisconti/BP-Academy/bitcoin-academy/apps/web/src/lib/api/index.ts": {"path":"/Users/lucavisconti/BP-Academy/bitcoin-academy/apps/web/src/lib/api/index.ts","statementMap":{"0":{"start":{"line":1,"column":14},"end":{"line":1,"column":null}},"1":{"start":{"line":2,"column":14},"end":{"line":2,"column":null}},"2":{"start":{"line":3,"column":14},"end":{"line":3,"column":null}},"3":{"start":{"line":4,"column":14},"end":{"line":4,"column":null}}},"fnMap":{},"branchMap":{},"s":{"0":0,"1":0,"2":0,"3":0},"f":{},"b":{}}
,"/Users/lucavisconti/BP-Academy/bitcoin-academy/apps/web/src/lib/auth/config.ts": {"path":"/Users/lucavisconti/BP-Academy/bitcoin-academy/apps/web/src/lib/auth/config.ts","statementMap":{"0":{"start":{"line":6,"column":13},"end":{"line":6,"column":40}},"1":{"start":{"line":2,"column":32},"end":{"line":2,"column":null}},"2":{"start":{"line":4,"column":16},"end":{"line":4,"column":null}},"3":{"start":{"line":6,"column":40},"end":{"line":83,"column":null}},"4":{"start":{"line":15,"column":8},"end":{"line":17,"column":null}},"5":{"start":{"line":16,"column":10},"end":{"line":16,"column":null}},"6":{"start":{"line":19,"column":8},"end":{"line":50,"column":null}},"7":{"start":{"line":20,"column":22},"end":{"line":27,"column":null}},"8":{"start":{"line":29,"column":10},"end":{"line":32,"column":null}},"9":{"start":{"line":30,"column":26},"end":{"line":30,"column":null}},"10":{"start":{"line":30,"column":56},"end":{"line":30,"column":null}},"11":{"start":{"line":31,"column":12},"end":{"line":31,"column":null}},"12":{"start":{"line":34,"column":23},"end":{"line":34,"column":null}},"13":{"start":{"line":36,"column":10},"end":{"line":44,"column":null}},"14":{"start":{"line":46,"column":10},"end":{"line":48,"column":null}},"15":{"start":{"line":47,"column":12},"end":{"line":47,"column":null}},"16":{"start":{"line":49,"column":10},"end":{"line":49,"column":null}},"17":{"start":{"line":56,"column":6},"end":{"line":61,"column":null}},"18":{"start":{"line":57,"column":8},"end":{"line":57,"column":null}},"19":{"start":{"line":58,"column":8},"end":{"line":58,"column":null}},"20":{"start":{"line":59,"column":8},"end":{"line":59,"column":null}},"21":{"start":{"line":60,"column":8},"end":{"line":60,"column":null}},"22":{"start":{"line":62,"column":6},"end":{"line":62,"column":null}},"23":{"start":{"line":65,"column":6},"end":{"line":70,"column":null}},"24":{"start":{"line":66,"column":9},"end":{"line":66,"column":null}},"25":{"start":{"line":67,"column":9},"end":{"line":67,"column":null}},"26":{"start":{"line":68,"column":9},"end":{"line":68,"column":null}},"27":{"start":{"line":69,"column":9},"end":{"line":69,"column":null}},"28":{"start":{"line":71,"column":6},"end":{"line":71,"column":null}}},"fnMap":{"0":{"name":"(anonymous_2)","decl":{"start":{"line":14,"column":6},"end":{"line":14,"column":12}},"loc":{"start":{"line":14,"column":33},"end":{"line":51,"column":null}}},"1":{"name":"(anonymous_3)","decl":{"start":{"line":30,"column":49},"end":{"line":30,"column":56}},"loc":{"start":{"line":30,"column":56},"end":{"line":30,"column":null}}},"2":{"name":"(anonymous_4)","decl":{"start":{"line":55,"column":4},"end":{"line":55,"column":10}},"loc":{"start":{"line":55,"column":29},"end":{"line":63,"column":null}}},"3":{"name":"(anonymous_5)","decl":{"start":{"line":64,"column":4},"end":{"line":64,"column":10}},"loc":{"start":{"line":64,"column":36},"end":{"line":72,"column":null}}}},"branchMap":{"0":{"loc":{"start":{"line":4,"column":16},"end":{"line":4,"column":null}},"type":"binary-expr","locations":[{"start":{"line":4,"column":16},"end":{"line":4,"column":47}},{"start":{"line":4,"column":51},"end":{"line":4,"column":null}}]},"1":{"loc":{"start":{"line":15,"column":8},"end":{"line":17,"column":null}},"type":"if","locations":[{"start":{"line":15,"column":8},"end":{"line":17,"column":null}}]},"2":{"loc":{"start":{"line":15,"column":12},"end":{"line":15,"column":59}},"type":"binary-expr","locations":[{"start":{"line":15,"column":12},"end":{"line":15,"column":35}},{"start":{"line":15,"column":35},"end":{"line":15,"column":59}}]},"3":{"loc":{"start":{"line":29,"column":10},"end":{"line":32,"column":null}},"type":"if","locations":[{"start":{"line":29,"column":10},"end":{"line":32,"column":null}}]},"4":{"loc":{"start":{"line":31,"column":28},"end":{"line":31,"column":null}},"type":"binary-expr","locations":[{"start":{"line":31,"column":28},"end":{"line":31,"column":40}},{"start":{"line":31,"column":44},"end":{"line":31,"column":null}}]},"5":{"loc":{"start":{"line":37,"column":16},"end":{"line":37,"column":40}},"type":"binary-expr","locations":[{"start":{"line":37,"column":16},"end":{"line":37,"column":33}},{"start":{"line":37,"column":33},"end":{"line":37,"column":40}}]},"6":{"loc":{"start":{"line":38,"column":19},"end":{"line":38,"column":56}},"type":"binary-expr","locations":[{"start":{"line":38,"column":19},"end":{"line":38,"column":39}},{"start":{"line":38,"column":39},"end":{"line":38,"column":56}}]},"7":{"loc":{"start":{"line":39,"column":18},"end":{"line":39,"column":null}},"type":"binary-expr","locations":[{"start":{"line":39,"column":18},"end":{"line":39,"column":45}},{"start":{"line":39,"column":45},"end":{"line":39,"column":null}}]},"8":{"loc":{"start":{"line":40,"column":25},"end":{"line":40,"column":null}},"type":"binary-expr","locations":[{"start":{"line":40,"column":25},"end":{"line":40,"column":42}},{"start":{"line":40,"column":46},"end":{"line":40,"column":null}}]},"9":{"loc":{"start":{"line":41,"column":26},"end":{"line":41,"column":null}},"type":"binary-expr","locations":[{"start":{"line":41,"column":26},"end":{"line":41,"column":44}},{"start":{"line":41,"column":48},"end":{"line":41,"column":null}}]},"10":{"loc":{"start":{"line":42,"column":18},"end":{"line":42,"column":null}},"type":"binary-expr","locations":[{"start":{"line":42,"column":18},"end":{"line":42,"column":37}},{"start":{"line":42,"column":37},"end":{"line":42,"column":null}}]},"11":{"loc":{"start":{"line":43,"column":25},"end":{"line":43,"column":null}},"type":"binary-expr","locations":[{"start":{"line":43,"column":25},"end":{"line":43,"column":52}},{"start":{"line":43,"column":52},"end":{"line":43,"column":null}}]},"12":{"loc":{"start":{"line":46,"column":10},"end":{"line":48,"column":null}},"type":"if","locations":[{"start":{"line":46,"column":10},"end":{"line":48,"column":null}}]},"13":{"loc":{"start":{"line":56,"column":6},"end":{"line":61,"column":null}},"type":"if","locations":[{"start":{"line":56,"column":6},"end":{"line":61,"column":null}}]},"14":{"loc":{"start":{"line":65,"column":6},"end":{"line":70,"column":null}},"type":"if","locations":[{"start":{"line":65,"column":6},"end":{"line":70,"column":null}}]}},"s":{"0":0,"1":0,"2":0,"3":0,"4":0,"5":0,"6":0,"7":0,"8":0,"9":0,"10":0,"11":0,"12":0,"13":0,"14":0,"15":0,"16":0,"17":0,"18":0,"19":0,"20":0,"21":0,"22":0,"23":0,"24":0,"25":0,"26":0,"27":0,"28":0},"f":{"0":0,"1":0,"2":0,"3":0},"b":{"0":[0,0],"1":[0],"2":[0,0],"3":[0],"4":[0,0],"5":[0,0],"6":[0,0],"7":[0,0],"8":[0,0],"9":[0,0],"10":[0,0],"11":[0,0],"12":[0],"13":[0],"14":[0]}}
,"/Users/lucavisconti/BP-Academy/bitcoin-academy/apps/web/src/lib/middleware/auth-guard.ts": {"path":"/Users/lucavisconti/BP-Academy/bitcoin-academy/apps/web/src/lib/middleware/auth-guard.ts","statementMap":{"0":{"start":{"line":7,"column":22},"end":{"line":7,"column":36}},"1":{"start":{"line":32,"column":13},"end":{"line":32,"column":19}},"2":{"start":{"line":1,"column":29},"end":{"line":1,"column":null}},"3":{"start":{"line":2,"column":25},"end":{"line":2,"column":null}},"4":{"start":{"line":5,"column":21},"end":{"line":5,"column":null}},"5":{"start":{"line":8,"column":23},"end":{"line":8,"column":38}},"6":{"start":{"line":10,"column":19},"end":{"line":11,"column":null}},"7":{"start":{"line":11,"column":14},"end":{"line":11,"column":null}},"8":{"start":{"line":14,"column":2},"end":{"line":16,"column":null}},"9":{"start":{"line":15,"column":4},"end":{"line":15,"column":null}},"10":{"start":{"line":18,"column":16},"end":{"line":21,"column":null}},"11":{"start":{"line":23,"column":2},"end":{"line":27,"column":null}},"12":{"start":{"line":24,"column":21},"end":{"line":24,"column":null}},"13":{"start":{"line":25,"column":4},"end":{"line":25,"column":null}},"14":{"start":{"line":26,"column":4},"end":{"line":26,"column":null}},"15":{"start":{"line":29,"column":2},"end":{"line":29,"column":null}},"16":{"start":{"line":32,"column":22},"end":{"line":34,"column":null}}},"fnMap":{"0":{"name":"authMiddleware","decl":{"start":{"line":7,"column":22},"end":{"line":7,"column":36}},"loc":{"start":{"line":7,"column":57},"end":{"line":30,"column":null}}},"1":{"name":"(anonymous_4)","decl":{"start":{"line":11,"column":4},"end":{"line":11,"column":5}},"loc":{"start":{"line":11,"column":14},"end":{"line":11,"column":null}}}},"branchMap":{"0":{"loc":{"start":{"line":11,"column":14},"end":{"line":11,"column":null}},"type":"binary-expr","locations":[{"start":{"line":11,"column":14},"end":{"line":11,"column":35}},{"start":{"line":11,"column":35},"end":{"line":11,"column":null}}]},"1":{"loc":{"start":{"line":14,"column":2},"end":{"line":16,"column":null}},"type":"if","locations":[{"start":{"line":14,"column":2},"end":{"line":16,"column":null}}]},"2":{"loc":{"start":{"line":14,"column":6},"end":{"line":14,"column":84}},"type":"binary-expr","locations":[{"start":{"line":14,"column":6},"end":{"line":14,"column":18}},{"start":{"line":14,"column":18},"end":{"line":14,"column":51}},{"start":{"line":14,"column":51},"end":{"line":14,"column":84}}]},"3":{"loc":{"start":{"line":23,"column":2},"end":{"line":27,"column":null}},"type":"if","locations":[{"start":{"line":23,"column":2},"end":{"line":27,"column":null}}]}},"s":{"0":0,"1":0,"2":0,"3":0,"4":0,"5":0,"6":0,"7":0,"8":0,"9":0,"10":0,"11":0,"12":0,"13":0,"14":0,"15":0,"16":0},"f":{"0":0,"1":0},"b":{"0":[0,0],"1":[0],"2":[0,0,0],"3":[0]}}
,"/Users/lucavisconti/BP-Academy/bitcoin-academy/apps/web/src/lib/services/courses.ts": {"path":"/Users/lucavisconti/BP-Academy/bitcoin-academy/apps/web/src/lib/services/courses.ts","statementMap":{"0":{"start":{"line":29,"column":22},"end":{"line":29,"column":31}},"1":{"start":{"line":36,"column":22},"end":{"line":36,"column":38}},"2":{"start":{"line":19,"column":22},"end":{"line":19,"column":32}},"3":{"start":{"line":43,"column":22},"end":{"line":43,"column":31}},"4":{"start":{"line":1,"column":25},"end":{"line":1,"column":null}},"5":{"start":{"line":24,"column":2},"end":{"line":26,"column":null}},"6":{"start":{"line":33,"column":2},"end":{"line":33,"column":null}},"7":{"start":{"line":40,"column":2},"end":{"line":40,"column":null}},"8":{"start":{"line":47,"column":2},"end":{"line":47,"column":null}}},"fnMap":{"0":{"name":"getCourses","decl":{"start":{"line":19,"column":22},"end":{"line":19,"column":32}},"loc":{"start":{"line":22,"column":22},"end":{"line":27,"column":null}}},"1":{"name":"getCourse","decl":{"start":{"line":29,"column":22},"end":{"line":29,"column":31}},"loc":{"start":{"line":31,"column":22},"end":{"line":34,"column":null}}},"2":{"name":"getCourseLessons","decl":{"start":{"line":36,"column":22},"end":{"line":36,"column":38}},"loc":{"start":{"line":38,"column":22},"end":{"line":41,"column":null}}},"3":{"name":"getLesson","decl":{"start":{"line":43,"column":22},"end":{"line":43,"column":31}},"loc":{"start":{"line":45,"column":22},"end":{"line":48,"column":null}}}},"branchMap":{"0":{"loc":{"start":{"line":20,"column":2},"end":{"line":20,"column":10}},"type":"default-arg","locations":[{"start":{"line":20,"column":9},"end":{"line":20,"column":10}}]},"1":{"loc":{"start":{"line":21,"column":2},"end":{"line":21,"column":13}},"type":"default-arg","locations":[{"start":{"line":21,"column":10},"end":{"line":21,"column":13}}]}},"s":{"0":0,"1":0,"2":0,"3":0,"4":0,"5":0,"6":0,"7":0,"8":0},"f":{"0":0,"1":0,"2":0,"3":0},"b":{"0":[0],"1":[0]}}
,"/Users/lucavisconti/BP-Academy/bitcoin-academy/apps/web/src/lib/services/documents.ts": {"path":"/Users/lucavisconti/BP-Academy/bitcoin-academy/apps/web/src/lib/services/documents.ts","statementMap":{"0":{"start":{"line":54,"column":22},"end":{"line":54,"column":36}},"1":{"start":{"line":45,"column":22},"end":{"line":45,"column":39}},"2":{"start":{"line":21,"column":22},"end":{"line":21,"column":34}},"3":{"start":{"line":68,"column":22},"end":{"line":68,"column":40}},"4":{"start":{"line":30,"column":22},"end":{"line":30,"column":36}},"5":{"start":{"line":1,"column":35},"end":{"line":1,"column":null}},"6":{"start":{"line":25,"column":2},"end":{"line":27,"column":null}},"7":{"start":{"line":35,"column":19},"end":{"line":35,"column":null}},"8":{"start":{"line":36,"column":2},"end":{"line":36,"column":null}},"9":{"start":{"line":38,"column":2},"end":{"line":42,"column":null}},"10":{"start":{"line":49,"column":2},"end":{"line":51,"column":null}},"11":{"start":{"line":58,"column":2},"end":{"line":61,"column":null}},"12":{"start":{"line":74,"column":2},"end":{"line":88,"column":null}},"13":{"start":{"line":74,"column":15},"end":{"line":74,"column":18}},"14":{"start":{"line":75,"column":4},"end":{"line":86,"column":null}},"15":{"start":{"line":76,"column":21},"end":{"line":76,"column":null}},"16":{"start":{"line":77,"column":6},"end":{"line":79,"column":null}},"17":{"start":{"line":78,"column":8},"end":{"line":78,"column":null}},"18":{"start":{"line":81,"column":6},"end":{"line":85,"column":null}},"19":{"start":{"line":84,"column":8},"end":{"line":84,"column":null}},"20":{"start":{"line":87,"column":4},"end":{"line":87,"column":null}},"21":{"start":{"line":87,"column":35},"end":{"line":87,"column":null}},"22":{"start":{"line":89,"column":2},"end":{"line":89,"column":null}}},"fnMap":{"0":{"name":"getDocuments","decl":{"start":{"line":21,"column":22},"end":{"line":21,"column":34}},"loc":{"start":{"line":23,"column":22},"end":{"line":28,"column":null}}},"1":{"name":"uploadDocument","decl":{"start":{"line":30,"column":22},"end":{"line":30,"column":36}},"loc":{"start":{"line":33,"column":22},"end":{"line":43,"column":null}}},"2":{"name":"getDocumentStatus","decl":{"start":{"line":45,"column":22},"end":{"line":45,"column":39}},"loc":{"start":{"line":47,"column":22},"end":{"line":52,"column":null}}},"3":{"name":"deleteDocument","decl":{"start":{"line":54,"column":22},"end":{"line":54,"column":36}},"loc":{"start":{"line":56,"column":22},"end":{"line":62,"column":null}}},"4":{"name":"pollDocumentStatus","decl":{"start":{"line":68,"column":22},"end":{"line":68,"column":40}},"loc":{"start":{"line":72,"column":18},"end":{"line":90,"column":null}}},"5":{"name":"(anonymous_11)","decl":{"start":{"line":87,"column":22},"end":{"line":87,"column":23}},"loc":{"start":{"line":87,"column":35},"end":{"line":87,"column":null}}}},"branchMap":{"0":{"loc":{"start":{"line":71,"column":2},"end":{"line":71,"column":19}},"type":"default-arg","locations":[{"start":{"line":71,"column":15},"end":{"line":71,"column":19}}]},"1":{"loc":{"start":{"line":72,"column":2},"end":{"line":72,"column":18}},"type":"default-arg","locations":[{"start":{"line":72,"column":16},"end":{"line":72,"column":18}}]},"2":{"loc":{"start":{"line":77,"column":6},"end":{"line":79,"column":null}},"type":"if","locations":[{"start":{"line":77,"column":6},"end":{"line":79,"column":null}}]},"3":{"loc":{"start":{"line":77,"column":10},"end":{"line":77,"column":66}},"type":"binary-expr","locations":[{"start":{"line":77,"column":10},"end":{"line":77,"column":39}},{"start":{"line":77,"column":39},"end":{"line":77,"column":66}}]},"4":{"loc":{"start":{"line":81,"column":6},"end":{"line":85,"column":null}},"type":"if","locations":[{"start":{"line":81,"column":6},"end":{"line":85,"column":null}},{"start":{"line":83,"column":13},"end":{"line":85,"column":null}}]},"5":{"loc":{"start":{"line":81,"column":10},"end":{"line":81,"column":56}},"type":"binary-expr","locations":[{"start":{"line":81,"column":10},"end":{"line":81,"column":33}},{"start":{"line":81,"column":37},"end":{"line":81,"column":56}}]}},"s":{"0":0,"1":0,"2":0,"3":0,"4":0,"5":0,"6":0,"7":0,"8":0,"9":0,"10":0,"11":0,"12":0,"13":0,"14":0,"15":0,"16":0,"17":0,"18":0,"19":0,"20":0,"21":0,"22":0},"f":{"0":0,"1":0,"2":0,"3":0,"4":0,"5":0},"b":{"0":[0],"1":[0],"2":[0],"3":[0,0],"4":[0,0],"5":[0,0]}}
}
