{"/Volumes/TOSHIBA EXT/BitPolito/Academy/bitcoin-academy/apps/web/src/middleware.ts": {"path":"/Volumes/TOSHIBA EXT/BitPolito/Academy/bitcoin-academy/apps/web/src/middleware.ts","statementMap":{"0":{"start":{"line":5,"column":36},"end":{"line":5,"column":50}},"1":{"start":{"line":5,"column":9},"end":{"line":5,"column":27}},"2":{"start":{"line":5,"column":50},"end":{"line":5,"column":null}}},"fnMap":{},"branchMap":{},"s":{"0":0,"1":0,"2":0},"f":{},"b":{}}
,"/Volumes/TOSHIBA EXT/BitPolito/Academy/bitcoin-academy/apps/web/src/app/error.tsx": {"path":"/Volumes/TOSHIBA EXT/BitPolito/Academy/bitcoin-academy/apps/web/src/app/error.tsx","statementMap":{"0":{"start":{"line":5,"column":24},"end":{"line":5,"column":36}},"1":{"start":{"line":3,"column":26},"end":{"line":3,"column":null}},"2":{"start":{"line":12,"column":2},"end":{"line":14,"column":null}},"3":{"start":{"line":13,"column":4},"end":{"line":13,"column":null}}},"fnMap":{"0":{"name":"GlobalError","decl":{"start":{"line":5,"column":24},"end":{"line":5,"column":36}},"loc":{"start":{"line":11,"column":1},"end":{"line":29,"column":null}}},"1":{"name":"(anonymous_2)","decl":{"start":{"line":12,"column":12},"end":{"line":12,"column":null}},"loc":{"start":{"line":12,"column":12},"end":{"line":14,"column":5}}}},"branchMap":{},"s":{"0":0,"1":0,"2":0,"3":0},"f":{"0":0,"1":0},"b":{}}
,"/Volumes/TOSHIBA EXT/BitPolito/Academy/bitcoin-academy/apps/web/src/app/layout.tsx": {"path":"/Volumes/TOSHIBA EXT/BitPolito/Academy/bitcoin-academy/apps/web/src/app/layout.tsx","statementMap":{"0":{"start":{"line":16,"column":24},"end":{"line":16,"column":35}},"1":{"start":{"line":6,"column":13},"end":{"line":6,"column":21}},"2":{"start":{"line":11,"column":13},"end":{"line":11,"column":21}},"3":{"start":{"line":2,"column":7},"end":{"line":2,"column":null}},"4":{"start":{"line":3,"column":29},"end":{"line":3,"column":null}},"5":{"start":{"line":4,"column":34},"end":{"line":4,"column":null}},"6":{"start":{"line":6,"column":34},"end":{"line":9,"column":null}},"7":{"start":{"line":11,"column":34},"end":{"line":14,"column":null}}},"fnMap":{"0":{"name":"RootLayout","decl":{"start":{"line":16,"column":24},"end":{"line":16,"column":35}},"loc":{"start":{"line":16,"column":78},"end":{"line":27,"column":1}}}},"branchMap":{},"s":{"0":0,"1":0,"2":0,"3":0,"4":0,"5":0,"6":0,"7":0},"f":{"0":0},"b":{}}
,"/Volumes/TOSHIBA EXT/BitPolito/Academy/bitcoin-academy/apps/web/src/app/page.tsx": {"path":"/Volumes/TOSHIBA EXT/BitPolito/Academy/bitcoin-academy/apps/web/src/app/page.tsx","statementMap":{"0":{"start":{"line":7,"column":24},"end":{"line":7,"column":null}},"1":{"start":{"line":3,"column":26},"end":{"line":3,"column":null}},"2":{"start":{"line":4,"column":26},"end":{"line":4,"column":null}},"3":{"start":{"line":5,"column":27},"end":{"line":5,"column":null}},"4":{"start":{"line":8,"column":17},"end":{"line":8,"column":null}},"5":{"start":{"line":9,"column":21},"end":{"line":9,"column":null}},"6":{"start":{"line":11,"column":2},"end":{"line":17,"column":null}},"7":{"start":{"line":12,"column":4},"end":{"line":16,"column":null}},"8":{"start":{"line":13,"column":6},"end":{"line":13,"column":null}},"9":{"start":{"line":14,"column":11},"end":{"line":16,"column":null}},"10":{"start":{"line":15,"column":6},"end":{"line":15,"column":null}},"11":{"start":{"line":19,"column":2},"end":{"line":27,"column":null}},"12":{"start":{"line":29,"column":2},"end":{"line":29,"column":null}}},"fnMap":{"0":{"name":"Home","decl":{"start":{"line":7,"column":24},"end":{"line":7,"column":null}},"loc":{"start":{"line":7,"column":24},"end":{"line":30,"column":null}}},"1":{"name":"(anonymous_2)","decl":{"start":{"line":11,"column":12},"end":{"line":11,"column":null}},"loc":{"start":{"line":11,"column":12},"end":{"line":17,"column":5}}}},"branchMap":{"0":{"loc":{"start":{"line":12,"column":4},"end":{"line":16,"column":null}},"type":"if","locations":[{"start":{"line":12,"column":4},"end":{"line":16,"column":null}},{"start":{"line":14,"column":11},"end":{"line":16,"column":null}}]},"1":{"loc":{"start":{"line":14,"column":11},"end":{"line":16,"column":null}},"type":"if","locations":[{"start":{"line":14,"column":11},"end":{"line":16,"column":null}}]},"2":{"loc":{"start":{"line":19,"column":2},"end":{"line":27,"column":null}},"type":"if","locations":[{"start":{"line":19,"column":2},"end":{"line":27,"column":null}}]},"3":{"loc":{"start":{"line":19,"column":6},"end":{"line":19,"column":60}},"type":"binary-expr","locations":[{"start":{"line":19,"column":6},"end":{"line":19,"column":30}},{"start":{"line":19,"column":30},"end":{"line":19,"column":60}}]}},"s":{"0":0,"1":0,"2":0,"3":0,"4":0,"5":0,"6":0,"7":0,"8":0,"9":0,"10":0,"11":0,"12":0},"f":{"0":0,"1":0},"b":{"0":[0,0],"1":[0],"2":[0],"3":[0,0]}}
,"/Volumes/TOSHIBA EXT/BitPolito/Academy/bitcoin-academy/apps/web/src/app/(auth)/layout.tsx": {"path":"/Volumes/TOSHIBA EXT/BitPolito/Academy/bitcoin-academy/apps/web/src/app/(auth)/layout.tsx","statementMap":{"0":{"start":{"line":8,"column":24},"end":{"line":8,"column":35}},"1":{"start":{"line":2,"column":26},"end":{"line":2,"column":null}}},"fnMap":{"0":{"name":"AuthLayout","decl":{"start":{"line":8,"column":24},"end":{"line":8,"column":35}},"loc":{"start":{"line":8,"column":64},"end":{"line":29,"column":null}}}},"branchMap":{},"s":{"0":0,"1":0},"f":{"0":0},"b":{}}
,"/Volumes/TOSHIBA EXT/BitPolito/Academy/bitcoin-academy/apps/web/src/app/(auth)/login/page.tsx": {"path":"/Volumes/TOSHIBA EXT/BitPolito/Academy/bitcoin-academy/apps/web/src/app/(auth)/login/page.tsx","statementMap":{"0":{"start":{"line":221,"column":24},"end":{"line":221,"column":null}},"1":{"start":{"line":3,"column":23},"end":{"line":3,"column":null}},"2":{"start":{"line":4,"column":17},"end":{"line":4,"column":null}},"3":{"start":{"line":5,"column":43},"end":{"line":5,"column":null}},"4":{"start":{"line":6,"column":46},"end":{"line":6,"column":null}},"5":{"start":{"line":15,"column":2},"end":{"line":15,"column":null}},"6":{"start":{"line":17,"column":20},"end":{"line":17,"column":null}},"7":{"start":{"line":18,"column":23},"end":{"line":18,"column":null}},"8":{"start":{"line":21,"column":2},"end":{"line":21,"column":null}},"9":{"start":{"line":24,"column":17},"end":{"line":24,"column":null}},"10":{"start":{"line":25,"column":23},"end":{"line":25,"column":null}},"11":{"start":{"line":26,"column":22},"end":{"line":26,"column":null}},"12":{"start":{"line":27,"column":21},"end":{"line":27,"column":null}},"13":{"start":{"line":28,"column":23},"end":{"line":28,"column":null}},"14":{"start":{"line":30,"column":28},"end":{"line":30,"column":null}},"15":{"start":{"line":31,"column":34},"end":{"line":31,"column":null}},"16":{"start":{"line":32,"column":36},"end":{"line":32,"column":null}},"17":{"start":{"line":33,"column":30},"end":{"line":33,"column":null}},"18":{"start":{"line":36,"column":4},"end":{"line":36,"column":null}},"19":{"start":{"line":38,"column":23},"end":{"line":50,"column":null}},"20":{"start":{"line":39,"column":34},"end":{"line":39,"column":null}},"21":{"start":{"line":40,"column":4},"end":{"line":44,"column":null}},"22":{"start":{"line":41,"column":6},"end":{"line":41,"column":null}},"23":{"start":{"line":42,"column":11},"end":{"line":44,"column":null}},"24":{"start":{"line":43,"column":6},"end":{"line":43,"column":null}},"25":{"start":{"line":45,"column":4},"end":{"line":47,"column":null}},"26":{"start":{"line":46,"column":6},"end":{"line":46,"column":null}},"27":{"start":{"line":48,"column":4},"end":{"line":48,"column":null}},"28":{"start":{"line":49,"column":4},"end":{"line":49,"column":null}},"29":{"start":{"line":52,"column":23},"end":{"line":79,"column":null}},"30":{"start":{"line":53,"column":4},"end":{"line":53,"column":null}},"31":{"start":{"line":54,"column":4},"end":{"line":54,"column":null}},"32":{"start":{"line":55,"column":4},"end":{"line":55,"column":null}},"33":{"start":{"line":55,"column":25},"end":{"line":55,"column":null}},"34":{"start":{"line":56,"column":4},"end":{"line":56,"column":null}},"35":{"start":{"line":57,"column":4},"end":{"line":78,"column":null}},"36":{"start":{"line":58,"column":21},"end":{"line":63,"column":null}},"37":{"start":{"line":64,"column":6},"end":{"line":73,"column":null}},"38":{"start":{"line":66,"column":10},"end":{"line":68,"column":null}},"39":{"start":{"line":69,"column":8},"end":{"line":69,"column":null}},"40":{"start":{"line":70,"column":13},"end":{"line":73,"column":null}},"41":{"start":{"line":71,"column":8},"end":{"line":71,"column":null}},"42":{"start":{"line":72,"column":8},"end":{"line":72,"column":null}},"43":{"start":{"line":75,"column":6},"end":{"line":75,"column":null}},"44":{"start":{"line":77,"column":6},"end":{"line":77,"column":null}},"45":{"start":{"line":118,"column":31},"end":{"line":118,"column":null}},"46":{"start":{"line":148,"column":31},"end":{"line":148,"column":null}}},"fnMap":{"0":{"name":"LoginForm","decl":{"start":{"line":23,"column":9},"end":{"line":23,"column":null}},"loc":{"start":{"line":23,"column":9},"end":{"line":219,"column":null}}},"1":{"name":"(anonymous_3)","decl":{"start":{"line":38,"column":23},"end":{"line":38,"column":null}},"loc":{"start":{"line":38,"column":23},"end":{"line":50,"column":null}}},"2":{"name":"(anonymous_4)","decl":{"start":{"line":52,"column":23},"end":{"line":52,"column":30}},"loc":{"start":{"line":52,"column":30},"end":{"line":79,"column":null}}},"3":{"name":"(anonymous_5)","decl":{"start":{"line":118,"column":24},"end":{"line":118,"column":25}},"loc":{"start":{"line":118,"column":31},"end":{"line":118,"column":null}}},"4":{"name":"(anonymous_6)","decl":{"start":{"line":148,"column":24},"end":{"line":148,"column":25}},"loc":{"start":{"line":148,"column":31},"end":{"line":148,"column":null}}},"5":{"name":"LoginPage","decl":{"start":{"line":221,"column":24},"end":{"line":221,"column":null}},"loc":{"start":{"line":221,"column":24},"end":{"line":231,"column":null}}}},"branchMap":{"0":{"loc":{"start":{"line":26,"column":22},"end":{"line":26,"column":null}},"type":"binary-expr","locations":[{"start":{"line":26,"column":22},"end":{"line":26,"column":57}},{"start":{"line":26,"column":57},"end":{"line":26,"column":null}}]},"1":{"loc":{"start":{"line":36,"column":4},"end":{"line":36,"column":null}},"type":"cond-expr","locations":[{"start":{"line":36,"column":38},"end":{"line":36,"column":89}},{"start":{"line":36,"column":89},"end":{"line":36,"column":null}}]},"2":{"loc":{"start":{"line":40,"column":4},"end":{"line":44,"column":null}},"type":"if","locations":[{"start":{"line":40,"column":4},"end":{"line":44,"column":null}},{"start":{"line":42,"column":11},"end":{"line":44,"column":null}}]},"3":{"loc":{"start":{"line":42,"column":11},"end":{"line":44,"column":null}},"type":"if","locations":[{"start":{"line":42,"column":11},"end":{"line":44,"column":null}}]},"4":{"loc":{"start":{"line":45,"column":4},"end":{"line":47,"column":null}},"type":"if","locations":[{"start":{"line":45,"column":4},"end":{"line":47,"column":null}}]},"5":{"loc":{"start":{"line":55,"column":4},"end":{"line":55,"column":null}},"type":"if","locations":[{"start":{"line":55,"column":4},"end":{"line":55,"column":null}}]},"6":{"loc":{"start":{"line":64,"column":6},"end":{"line":73,"column":null}},"type":"if","locations":[{"start":{"line":64,"column":6},"end":{"line":73,"column":null}},{"start":{"line":70,"column":13},"end":{"line":73,"column":null}}]},"7":{"loc":{"start":{"line":66,"column":10},"end":{"line":68,"column":null}},"type":"cond-expr","locations":[{"start":{"line":67,"column":14},"end":{"line":67,"column":null}},{"start":{"line":68,"column":14},"end":{"line":68,"column":null}}]},"8":{"loc":{"start":{"line":70,"column":13},"end":{"line":73,"column":null}},"type":"if","locations":[{"start":{"line":70,"column":13},"end":{"line":73,"column":null}}]},"9":{"loc":{"start":{"line":87,"column":7},"end":{"line":87,"column":null}},"type":"binary-expr","locations":[{"start":{"line":87,"column":7},"end":{"line":87,"column":null}}]},"10":{"loc":{"start":{"line":93,"column":7},"end":{"line":93,"column":null}},"type":"binary-expr","locations":[{"start":{"line":93,"column":7},"end":{"line":93,"column":null}}]},"11":{"loc":{"start":{"line":99,"column":7},"end":{"line":99,"column":21}},"type":"binary-expr","locations":[{"start":{"line":99,"column":7},"end":{"line":99,"column":21}}]},"12":{"loc":{"start":{"line":119,"column":41},"end":{"line":119,"column":85}},"type":"cond-expr","locations":[{"start":{"line":119,"column":56},"end":{"line":119,"column":73}},{"start":{"line":119,"column":73},"end":{"line":119,"column":85}}]},"13":{"loc":{"start":{"line":121,"column":28},"end":{"line":121,"column":null}},"type":"cond-expr","locations":[{"start":{"line":121,"column":43},"end":{"line":121,"column":52}},{"start":{"line":121,"column":52},"end":{"line":121,"column":null}}]},"14":{"loc":{"start":{"line":122,"column":32},"end":{"line":122,"column":null}},"type":"cond-expr","locations":[{"start":{"line":122,"column":47},"end":{"line":122,"column":63}},{"start":{"line":122,"column":63},"end":{"line":122,"column":null}}]},"15":{"loc":{"start":{"line":125,"column":11},"end":{"line":125,"column":23}},"type":"binary-expr","locations":[{"start":{"line":125,"column":11},"end":{"line":125,"column":23}}]},"16":{"loc":{"start":{"line":149,"column":41},"end":{"line":149,"column":88}},"type":"cond-expr","locations":[{"start":{"line":149,"column":59},"end":{"line":149,"column":76}},{"start":{"line":149,"column":76},"end":{"line":149,"column":88}}]},"17":{"loc":{"start":{"line":151,"column":28},"end":{"line":151,"column":null}},"type":"cond-expr","locations":[{"start":{"line":151,"column":46},"end":{"line":151,"column":55}},{"start":{"line":151,"column":55},"end":{"line":151,"column":null}}]},"18":{"loc":{"start":{"line":152,"column":32},"end":{"line":152,"column":null}},"type":"cond-expr","locations":[{"start":{"line":152,"column":50},"end":{"line":152,"column":69}},{"start":{"line":152,"column":69},"end":{"line":152,"column":null}}]},"19":{"loc":{"start":{"line":155,"column":11},"end":{"line":155,"column":26}},"type":"binary-expr","locations":[{"start":{"line":155,"column":11},"end":{"line":155,"column":26}}]},"20":{"loc":{"start":{"line":168,"column":13},"end":{"line":193,"column":null}},"type":"cond-expr","locations":[{"start":{"line":169,"column":14},"end":{"line":193,"column":null}},{"start":{"line":193,"column":14},"end":{"line":193,"column":null}}]}},"s":{"0":2,"1":2,"2":2,"3":2,"4":2,"5":2,"6":2,"7":2,"8":2,"9":327,"10":327,"11":327,"12":327,"13":327,"14":327,"15":325,"16":325,"17":325,"18":325,"19":325,"20":15,"21":15,"22":3,"23":12,"24":2,"25":15,"26":6,"27":15,"28":15,"29":325,"30":15,"31":15,"32":15,"33":6,"34":9,"35":9,"36":9,"37":8,"38":2,"39":2,"40":6,"41":6,"42":6,"43":0,"44":8,"45":179,"46":106},"f":{"0":327,"1":15,"2":15,"3":179,"4":106,"5":20},"b":{"0":[327,262],"1":[36,289],"2":[3,12],"3":[2],"4":[6],"5":[6],"6":[2,6],"7":[0,2],"8":[6],"9":[325],"10":[325],"11":[325],"12":[6,319],"13":[6,319],"14":[6,319],"15":[325],"16":[7,318],"17":[7,318],"18":[7,318],"19":[325],"20":[9,316]}}
,"/Volumes/TOSHIBA EXT/BitPolito/Academy/bitcoin-academy/apps/web/src/app/(auth)/signup/page.tsx": {"path":"/Volumes/TOSHIBA EXT/BitPolito/Academy/bitcoin-academy/apps/web/src/app/(auth)/signup/page.tsx","statementMap":{"0":{"start":{"line":27,"column":24},"end":{"line":27,"column":null}},"1":{"start":{"line":3,"column":17},"end":{"line":3,"column":null}},"2":{"start":{"line":4,"column":26},"end":{"line":4,"column":null}},"3":{"start":{"line":5,"column":23},"end":{"line":5,"column":null}},"4":{"start":{"line":6,"column":36},"end":{"line":6,"column":null}},"5":{"start":{"line":8,"column":16},"end":{"line":8,"column":null}},"6":{"start":{"line":19,"column":2},"end":{"line":19,"column":null}},"7":{"start":{"line":21,"column":20},"end":{"line":21,"column":null}},"8":{"start":{"line":22,"column":23},"end":{"line":22,"column":null}},"9":{"start":{"line":25,"column":2},"end":{"line":25,"column":null}},"10":{"start":{"line":28,"column":17},"end":{"line":28,"column":null}},"11":{"start":{"line":30,"column":28},"end":{"line":30,"column":null}},"12":{"start":{"line":31,"column":34},"end":{"line":31,"column":null}},"13":{"start":{"line":32,"column":48},"end":{"line":32,"column":null}},"14":{"start":{"line":33,"column":40},"end":{"line":33,"column":null}},"15":{"start":{"line":34,"column":36},"end":{"line":34,"column":null}},"16":{"start":{"line":35,"column":30},"end":{"line":35,"column":null}},"17":{"start":{"line":37,"column":23},"end":{"line":72,"column":null}},"18":{"start":{"line":38,"column":34},"end":{"line":38,"column":null}},"19":{"start":{"line":40,"column":4},"end":{"line":44,"column":null}},"20":{"start":{"line":41,"column":6},"end":{"line":41,"column":null}},"21":{"start":{"line":42,"column":11},"end":{"line":44,"column":null}},"22":{"start":{"line":43,"column":6},"end":{"line":43,"column":null}},"23":{"start":{"line":46,"column":4},"end":{"line":58,"column":null}},"24":{"start":{"line":47,"column":6},"end":{"line":47,"column":null}},"25":{"start":{"line":48,"column":11},"end":{"line":58,"column":null}},"26":{"start":{"line":49,"column":6},"end":{"line":49,"column":null}},"27":{"start":{"line":50,"column":11},"end":{"line":58,"column":null}},"28":{"start":{"line":51,"column":6},"end":{"line":51,"column":null}},"29":{"start":{"line":52,"column":11},"end":{"line":58,"column":null}},"30":{"start":{"line":53,"column":6},"end":{"line":53,"column":null}},"31":{"start":{"line":54,"column":11},"end":{"line":58,"column":null}},"32":{"start":{"line":55,"column":6},"end":{"line":55,"column":null}},"33":{"start":{"line":56,"column":11},"end":{"line":58,"column":null}},"34":{"start":{"line":57,"column":6},"end":{"line":57,"column":null}},"35":{"start":{"line":60,"column":4},"end":{"line":64,"column":null}},"36":{"start":{"line":61,"column":6},"end":{"line":61,"column":null}},"37":{"start":{"line":62,"column":11},"end":{"line":64,"column":null}},"38":{"start":{"line":63,"column":6},"end":{"line":63,"column":null}},"39":{"start":{"line":66,"column":4},"end":{"line":68,"column":null}},"40":{"start":{"line":67,"column":6},"end":{"line":67,"column":null}},"41":{"start":{"line":70,"column":4},"end":{"line":70,"column":null}},"42":{"start":{"line":71,"column":4},"end":{"line":71,"column":null}},"43":{"start":{"line":74,"column":23},"end":{"line":122,"column":null}},"44":{"start":{"line":75,"column":4},"end":{"line":75,"column":null}},"45":{"start":{"line":76,"column":4},"end":{"line":76,"column":null}},"46":{"start":{"line":77,"column":4},"end":{"line":77,"column":null}},"47":{"start":{"line":77,"column":25},"end":{"line":77,"column":null}},"48":{"start":{"line":78,"column":4},"end":{"line":78,"column":null}},"49":{"start":{"line":79,"column":4},"end":{"line":121,"column":null}},"50":{"start":{"line":80,"column":31},"end":{"line":84,"column":null}},"51":{"start":{"line":86,"column":6},"end":{"line":102,"column":null}},"52":{"start":{"line":87,"column":22},"end":{"line":87,"column":null}},"53":{"start":{"line":90,"column":23},"end":{"line":92,"column":25}},"54":{"start":{"line":91,"column":53},"end":{"line":91,"column":58}},"55":{"start":{"line":94,"column":8},"end":{"line":100,"column":null}},"56":{"start":{"line":95,"column":10},"end":{"line":95,"column":null}},"57":{"start":{"line":96,"column":15},"end":{"line":100,"column":null}},"58":{"start":{"line":97,"column":10},"end":{"line":97,"column":null}},"59":{"start":{"line":99,"column":10},"end":{"line":99,"column":null}},"60":{"start":{"line":101,"column":8},"end":{"line":101,"column":null}},"61":{"start":{"line":104,"column":21},"end":{"line":109,"column":null}},"62":{"start":{"line":111,"column":6},"end":{"line":116,"column":null}},"63":{"start":{"line":112,"column":8},"end":{"line":112,"column":null}},"64":{"start":{"line":113,"column":13},"end":{"line":116,"column":null}},"65":{"start":{"line":114,"column":8},"end":{"line":114,"column":null}},"66":{"start":{"line":115,"column":8},"end":{"line":115,"column":null}},"67":{"start":{"line":118,"column":6},"end":{"line":118,"column":null}},"68":{"start":{"line":120,"column":6},"end":{"line":120,"column":null}},"69":{"start":{"line":154,"column":31},"end":{"line":154,"column":null}},"70":{"start":{"line":184,"column":31},"end":{"line":184,"column":null}},"71":{"start":{"line":214,"column":31},"end":{"line":214,"column":null}},"72":{"start":{"line":251,"column":31},"end":{"line":251,"column":null}}},"fnMap":{"0":{"name":"SignupPage","decl":{"start":{"line":27,"column":24},"end":{"line":27,"column":null}},"loc":{"start":{"line":27,"column":24},"end":{"line":322,"column":null}}},"1":{"name":"(anonymous_3)","decl":{"start":{"line":37,"column":23},"end":{"line":37,"column":null}},"loc":{"start":{"line":37,"column":23},"end":{"line":72,"column":null}}},"2":{"name":"(anonymous_4)","decl":{"start":{"line":74,"column":23},"end":{"line":74,"column":30}},"loc":{"start":{"line":74,"column":30},"end":{"line":122,"column":null}}},"3":{"name":"(anonymous_5)","decl":{"start":{"line":91,"column":29},"end":{"line":91,"column":30}},"loc":{"start":{"line":91,"column":53},"end":{"line":91,"column":58}}},"4":{"name":"(anonymous_6)","decl":{"start":{"line":154,"column":24},"end":{"line":154,"column":25}},"loc":{"start":{"line":154,"column":31},"end":{"line":154,"column":null}}},"5":{"name":"(anonymous_7)","decl":{"start":{"line":184,"column":24},"end":{"line":184,"column":25}},"loc":{"start":{"line":184,"column":31},"end":{"line":184,"column":null}}},"6":{"name":"(anonymous_8)","decl":{"start":{"line":214,"column":24},"end":{"line":214,"column":25}},"loc":{"start":{"line":214,"column":31},"end":{"line":214,"column":null}}},"7":{"name":"(anonymous_9)","decl":{"start":{"line":251,"column":24},"end":{"line":251,"column":25}},"loc":{"start":{"line":251,"column":31},"end":{"line":251,"column":null}}}},"branchMap":{"0":{"loc":{"start":{"line":8,"column":16},"end":{"line":8,"column":null}},"type":"binary-expr","locations":[{"start":{"line":8,"column":16},"end":{"line":8,"column":47}},{"start":{"line":8,"column":51},"end":{"line":8,"column":null}}]},"1":{"loc":{"start":{"line":40,"column":4},"end":{"line":44,"column":null}},"type":"if","locations":[{"start":{"line":40,"column":4},"end":{"line":44,"column":null}},{"start":{"line":42,"column":11},"end":{"line":44,"column":null}}]},"2":{"loc":{"start":{"line":42,"column":11},"end":{"line":44,"column":null}},"type":"if","locations":[{"start":{"line":42,"column":11},"end":{"line":44,"column":null}}]},"3":{"loc":{"start":{"line":46,"column":4},"end":{"line":58,"column":null}},"type":"if","locations":[{"start":{"line":46,"column":4},"end":{"line":58,"column":null}},{"start":{"line":48,"column":11},"end":{"line":58,"column":null}}]},"4":{"loc":{"start":{"line":48,"column":11},"end":{"line":58,"column":null}},"type":"if","locations":[{"start":{"line":48,"column":11},"end":{"line":58,"column":null}},{"start":{"line":50,"column":11},"end":{"line":58,"column":null}}]},"5":{"loc":{"start":{"line":50,"column":11},"end":{"line":58,"column":null}},"type":"if","locations":[{"start":{"line":50,"column":11},"end":{"line":58,"column":null}},{"start":{"line":52,"column":11},"end":{"line":58,"column":null}}]},"6":{"loc":{"start":{"line":52,"column":11},"end":{"line":58,"column":null}},"type":"if","locations":[{"start":{"line":52,"column":11},"end":{"line":58,"column":null}},{"start":{"line":54,"column":11},"end":{"line":58,"column":null}}]},"7":{"loc":{"start":{"line":54,"column":11},"end":{"line":58,"column":null}},"type":"if","locations":[{"start":{"line":54,"column":11},"end":{"line":58,"column":null}},{"start":{"line":56,"column":11},"end":{"line":58,"column":null}}]},"8":{"loc":{"start":{"line":56,"column":11},"end":{"line":58,"column":null}},"type":"if","locations":[{"start":{"line":56,"column":11},"end":{"line":58,"column":null}}]},"9":{"loc":{"start":{"line":60,"column":4},"end":{"line":64,"column":null}},"type":"if","locations":[{"start":{"line":60,"column":4},"end":{"line":64,"column":null}},{"start":{"line":62,"column":11},"end":{"line":64,"column":null}}]},"10":{"loc":{"start":{"line":62,"column":11},"end":{"line":64,"column":null}},"type":"if","locations":[{"start":{"line":62,"column":11},"end":{"line":64,"column":null}}]},"11":{"loc":{"start":{"line":66,"column":4},"end":{"line":68,"column":null}},"type":"if","locations":[{"start":{"line":66,"column":4},"end":{"line":68,"column":null}}]},"12":{"loc":{"start":{"line":66,"column":8},"end":{"line":66,"column":47}},"type":"binary-expr","locations":[{"start":{"line":66,"column":8},"end":{"line":66,"column":23}},{"start":{"line":66,"column":23},"end":{"line":66,"column":47}}]},"13":{"loc":{"start":{"line":77,"column":4},"end":{"line":77,"column":null}},"type":"if","locations":[{"start":{"line":77,"column":4},"end":{"line":77,"column":null}}]},"14":{"loc":{"start":{"line":83,"column":62},"end":{"line":83,"column":82}},"type":"binary-expr","locations":[{"start":{"line":83,"column":62},"end":{"line":83,"column":77}},{"start":{"line":83,"column":77},"end":{"line":83,"column":82}}]},"15":{"loc":{"start":{"line":86,"column":6},"end":{"line":102,"column":null}},"type":"if","locations":[{"start":{"line":86,"column":6},"end":{"line":102,"column":null}}]},"16":{"loc":{"start":{"line":90,"column":23},"end":{"line":92,"column":25}},"type":"cond-expr","locations":[{"start":{"line":91,"column":12},"end":{"line":91,"column":null}},{"start":{"line":92,"column":13},"end":{"line":92,"column":25}}]},"17":{"loc":{"start":{"line":94,"column":8},"end":{"line":100,"column":null}},"type":"if","locations":[{"start":{"line":94,"column":8},"end":{"line":100,"column":null}},{"start":{"line":96,"column":15},"end":{"line":100,"column":null}}]},"18":{"loc":{"start":{"line":96,"column":15},"end":{"line":100,"column":null}},"type":"if","locations":[{"start":{"line":96,"column":15},"end":{"line":100,"column":null}},{"start":{"line":98,"column":15},"end":{"line":100,"column":null}}]},"19":{"loc":{"start":{"line":96,"column":19},"end":{"line":96,"column":87}},"type":"binary-expr","locations":[{"start":{"line":96,"column":19},"end":{"line":96,"column":54}},{"start":{"line":96,"column":54},"end":{"line":96,"column":87}}]},"20":{"loc":{"start":{"line":97,"column":31},"end":{"line":97,"column":62}},"type":"binary-expr","locations":[{"start":{"line":97,"column":31},"end":{"line":97,"column":41}},{"start":{"line":97,"column":41},"end":{"line":97,"column":62}}]},"21":{"loc":{"start":{"line":99,"column":31},"end":{"line":99,"column":63}},"type":"binary-expr","locations":[{"start":{"line":99,"column":31},"end":{"line":99,"column":41}},{"start":{"line":99,"column":41},"end":{"line":99,"column":63}}]},"22":{"loc":{"start":{"line":111,"column":6},"end":{"line":116,"column":null}},"type":"if","locations":[{"start":{"line":111,"column":6},"end":{"line":116,"column":null}},{"start":{"line":113,"column":13},"end":{"line":116,"column":null}}]},"23":{"loc":{"start":{"line":113,"column":13},"end":{"line":116,"column":null}},"type":"if","locations":[{"start":{"line":113,"column":13},"end":{"line":116,"column":null}}]},"24":{"loc":{"start":{"line":130,"column":7},"end":{"line":130,"column":21}},"type":"binary-expr","locations":[{"start":{"line":130,"column":7},"end":{"line":130,"column":21}}]},"25":{"loc":{"start":{"line":155,"column":41},"end":{"line":155,"column":91}},"type":"cond-expr","locations":[{"start":{"line":155,"column":62},"end":{"line":155,"column":79}},{"start":{"line":155,"column":79},"end":{"line":155,"column":91}}]},"26":{"loc":{"start":{"line":157,"column":28},"end":{"line":157,"column":null}},"type":"cond-expr","locations":[{"start":{"line":157,"column":49},"end":{"line":157,"column":58}},{"start":{"line":157,"column":58},"end":{"line":157,"column":null}}]},"27":{"loc":{"start":{"line":158,"column":32},"end":{"line":158,"column":null}},"type":"cond-expr","locations":[{"start":{"line":158,"column":53},"end":{"line":158,"column":75}},{"start":{"line":158,"column":75},"end":{"line":158,"column":null}}]},"28":{"loc":{"start":{"line":161,"column":11},"end":{"line":161,"column":29}},"type":"binary-expr","locations":[{"start":{"line":161,"column":11},"end":{"line":161,"column":29}}]},"29":{"loc":{"start":{"line":185,"column":41},"end":{"line":185,"column":85}},"type":"cond-expr","locations":[{"start":{"line":185,"column":56},"end":{"line":185,"column":73}},{"start":{"line":185,"column":73},"end":{"line":185,"column":85}}]},"30":{"loc":{"start":{"line":187,"column":28},"end":{"line":187,"column":null}},"type":"cond-expr","locations":[{"start":{"line":187,"column":43},"end":{"line":187,"column":52}},{"start":{"line":187,"column":52},"end":{"line":187,"column":null}}]},"31":{"loc":{"start":{"line":188,"column":32},"end":{"line":188,"column":null}},"type":"cond-expr","locations":[{"start":{"line":188,"column":47},"end":{"line":188,"column":63}},{"start":{"line":188,"column":63},"end":{"line":188,"column":null}}]},"32":{"loc":{"start":{"line":191,"column":11},"end":{"line":191,"column":23}},"type":"binary-expr","locations":[{"start":{"line":191,"column":11},"end":{"line":191,"column":23}}]},"33":{"loc":{"start":{"line":215,"column":41},"end":{"line":215,"column":88}},"type":"cond-expr","locations":[{"start":{"line":215,"column":59},"end":{"line":215,"column":76}},{"start":{"line":215,"column":76},"end":{"line":215,"column":88}}]},"34":{"loc":{"start":{"line":217,"column":28},"end":{"line":217,"column":null}},"type":"cond-expr","locations":[{"start":{"line":217,"column":46},"end":{"line":217,"column":55}},{"start":{"line":217,"column":55},"end":{"line":217,"column":null}}]},"35":{"loc":{"start":{"line":218,"column":32},"end":{"line":218,"column":null}},"type":"cond-expr","locations":[{"start":{"line":218,"column":50},"end":{"line":218,"column":69}},{"start":{"line":218,"column":69},"end":{"line":218,"column":null}}]},"36":{"loc":{"start":{"line":222,"column":12},"end":{"line":230,"column":13}},"type":"cond-expr","locations":[{"start":{"line":222,"column":12},"end":{"line":230,"column":13}}]},"37":{"loc":{"start":{"line":252,"column":41},"end":{"line":252,"column":95}},"type":"cond-expr","locations":[{"start":{"line":252,"column":66},"end":{"line":252,"column":83}},{"start":{"line":252,"column":83},"end":{"line":252,"column":95}}]},"38":{"loc":{"start":{"line":254,"column":28},"end":{"line":254,"column":null}},"type":"cond-expr","locations":[{"start":{"line":254,"column":53},"end":{"line":254,"column":62}},{"start":{"line":254,"column":62},"end":{"line":254,"column":null}}]},"39":{"loc":{"start":{"line":255,"column":32},"end":{"line":255,"column":null}},"type":"cond-expr","locations":[{"start":{"line":255,"column":57},"end":{"line":255,"column":83}},{"start":{"line":255,"column":83},"end":{"line":255,"column":null}}]},"40":{"loc":{"start":{"line":258,"column":11},"end":{"line":258,"column":33}},"type":"binary-expr","locations":[{"start":{"line":258,"column":11},"end":{"line":258,"column":33}}]},"41":{"loc":{"start":{"line":271,"column":13},"end":{"line":296,"column":null}},"type":"cond-expr","locations":[{"start":{"line":272,"column":14},"end":{"line":296,"column":null}},{"start":{"line":296,"column":14},"end":{"line":296,"column":null}}]}},"s":{"0":2,"1":2,"2":2,"3":2,"4":2,"5":2,"6":2,"7":2,"8":2,"9":2,"10":767,"11":767,"12":765,"13":765,"14":765,"15":765,"16":765,"17":765,"18":18,"19":18,"20":1,"21":17,"22":1,"23":18,"24":0,"25":18,"26":1,"27":17,"28":1,"29":16,"30":1,"31":15,"32":1,"33":14,"34":14,"35":18,"36":1,"37":17,"38":1,"39":18,"40":0,"41":18,"42":18,"43":765,"44":18,"45":18,"46":18,"47":18,"48":0,"49":0,"50":0,"51":0,"52":0,"53":0,"54":0,"55":0,"56":0,"57":0,"58":0,"59":0,"60":0,"61":0,"62":0,"63":0,"64":0,"65":0,"66":0,"67":0,"68":0,"69":17,"70":281,"71":217,"72":209},"f":{"0":767,"1":18,"2":18,"3":0,"4":17,"5":281,"6":217,"7":209},"b":{"0":[2,2],"1":[1,17],"2":[1],"3":[0,18],"4":[1,17],"5":[1,16],"6":[1,15],"7":[1,14],"8":[14],"9":[1,17],"10":[1],"11":[0],"12":[18,2],"13":[18],"14":[0,0],"15":[0],"16":[0,0],"17":[0,0],"18":[0,0],"19":[0,0],"20":[0,0],"21":[0,0],"22":[0,0],"23":[0],"24":[765],"25":[0,765],"26":[0,765],"27":[0,765],"28":[765],"29":[2,763],"30":[2,763],"31":[2,763],"32":[765],"33":[18,747],"34":[18,747],"35":[18,747],"36":[18],"37":[2,763],"38":[2,763],"39":[2,763],"40":[765],"41":[0,765]}}
,"/Volumes/TOSHIBA EXT/BitPolito/Academy/bitcoin-academy/apps/web/src/app/api/auth/[...nextauth]/route.ts": {"path":"/Volumes/TOSHIBA EXT/BitPolito/Academy/bitcoin-academy/apps/web/src/app/api/auth/[...nextauth]/route.ts","statementMap":{"0":{"start":{"line":9,"column":9},"end":{"line":9,"column":20}},"1":{"start":{"line":9,"column":25},"end":{"line":9,"column":36}},"2":{"start":{"line":4,"column":21},"end":{"line":4,"column":null}},"3":{"start":{"line":5,"column":28},"end":{"line":5,"column":null}},"4":{"start":{"line":7,"column":16},"end":{"line":7,"column":null}}},"fnMap":{},"branchMap":{},"s":{"0":0,"1":0,"2":0,"3":0,"4":0},"f":{},"b":{}}
,"/Volumes/TOSHIBA EXT/BitPolito/Academy/bitcoin-academy/apps/web/src/app/courses/error.tsx": {"path":"/Volumes/TOSHIBA EXT/BitPolito/Academy/bitcoin-academy/apps/web/src/app/courses/error.tsx","statementMap":{"0":{"start":{"line":5,"column":24},"end":{"line":5,"column":37}},"1":{"start":{"line":3,"column":26},"end":{"line":3,"column":null}},"2":{"start":{"line":12,"column":2},"end":{"line":14,"column":null}},"3":{"start":{"line":13,"column":4},"end":{"line":13,"column":null}}},"fnMap":{"0":{"name":"CoursesError","decl":{"start":{"line":5,"column":24},"end":{"line":5,"column":37}},"loc":{"start":{"line":11,"column":1},"end":{"line":27,"column":null}}},"1":{"name":"(anonymous_2)","decl":{"start":{"line":12,"column":12},"end":{"line":12,"column":null}},"loc":{"start":{"line":12,"column":12},"end":{"line":14,"column":5}}}},"branchMap":{},"s":{"0":0,"1":0,"2":0,"3":0},"f":{"0":0,"1":0},"b":{}}
,"/Volumes/TOSHIBA EXT/BitPolito/Academy/bitcoin-academy/apps/web/src/app/courses/layout.tsx": {"path":"/Volumes/TOSHIBA EXT/BitPolito/Academy/bitcoin-academy/apps/web/src/app/courses/layout.tsx","statementMap":{"0":{"start":{"line":4,"column":24},"end":{"line":4,"column":38}},"1":{"start":{"line":1,"column":23},"end":{"line":1,"column":null}},"2":{"start":{"line":2,"column":30},"end":{"line":2,"column":null}}},"fnMap":{"0":{"name":"CoursesLayout","decl":{"start":{"line":4,"column":24},"end":{"line":4,"column":38}},"loc":{"start":{"line":4,"column":81},"end":{"line":13,"column":null}}}},"branchMap":{},"s":{"0":0,"1":0,"2":0},"f":{"0":0},"b":{}}
,"/Volumes/TOSHIBA EXT/BitPolito/Academy/bitcoin-academy/apps/web/src/app/courses/page.tsx": {"path":"/Volumes/TOSHIBA EXT/BitPolito/Academy/bitcoin-academy/apps/web/src/app/courses/page.tsx","statementMap":{"0":{"start":{"line":20,"column":24},"end":{"line":20,"column":null}},"1":{"start":{"line":3,"column":36},"end":{"line":3,"column":null}},"2":{"start":{"line":4,"column":27},"end":{"line":4,"column":null}},"3":{"start":{"line":5,"column":26},"end":{"line":5,"column":null}},"4":{"start":{"line":6,"column":73},"end":{"line":6,"column":null}},"5":{"start":{"line":7,"column":36},"end":{"line":7,"column":null}},"6":{"start":{"line":8,"column":27},"end":{"line":8,"column":null}},"7":{"start":{"line":9,"column":34},"end":{"line":9,"column":null}},"8":{"start":{"line":21,"column":36},"end":{"line":21,"column":null}},"9":{"start":{"line":22,"column":17},"end":{"line":22,"column":null}},"10":{"start":{"line":23,"column":32},"end":{"line":23,"column":null}},"11":{"start":{"line":24,"column":34},"end":{"line":24,"column":null}},"12":{"start":{"line":25,"column":40},"end":{"line":25,"column":null}},"13":{"start":{"line":26,"column":32},"end":{"line":26,"column":null}},"14":{"start":{"line":27,"column":28},"end":{"line":27,"column":null}},"15":{"start":{"line":28,"column":20},"end":{"line":28,"column":null}},"16":{"start":{"line":29,"column":38},"end":{"line":29,"column":null}},"17":{"start":{"line":31,"column":2},"end":{"line":40,"column":null}},"18":{"start":{"line":33,"column":6},"end":{"line":36,"column":null}},"19":{"start":{"line":34,"column":8},"end":{"line":34,"column":null}},"20":{"start":{"line":35,"column":8},"end":{"line":35,"column":null}},"21":{"start":{"line":38,"column":4},"end":{"line":38,"column":null}},"22":{"start":{"line":39,"column":4},"end":{"line":39,"column":null}},"23":{"start":{"line":39,"column":17},"end":{"line":39,"column":null}},"24":{"start":{"line":42,"column":2},"end":{"line":89,"column":null}},"25":{"start":{"line":43,"column":4},"end":{"line":46,"column":null}},"26":{"start":{"line":44,"column":6},"end":{"line":44,"column":null}},"27":{"start":{"line":45,"column":6},"end":{"line":45,"column":null}},"28":{"start":{"line":47,"column":4},"end":{"line":47,"column":null}},"29":{"start":{"line":47,"column":36},"end":{"line":47,"column":null}},"30":{"start":{"line":49,"column":18},"end":{"line":49,"column":null}},"31":{"start":{"line":52,"column":6},"end":{"line":86,"column":null}},"32":{"start":{"line":53,"column":21},"end":{"line":53,"column":null}},"33":{"start":{"line":54,"column":8},"end":{"line":54,"column":null}},"34":{"start":{"line":56,"column":28},"end":{"line":57,"column":null}},"35":{"start":{"line":57,"column":26},"end":{"line":57,"column":null}},"36":{"start":{"line":60,"column":60},"end":{"line":60,"column":null}},"37":{"start":{"line":61,"column":24},"end":{"line":61,"column":null}},"38":{"start":{"line":62,"column":25},"end":{"line":62,"column":null}},"39":{"start":{"line":63,"column":28},"end":{"line":63,"column":null}},"40":{"start":{"line":64,"column":8},"end":{"line":79,"column":null}},"41":{"start":{"line":65,"column":10},"end":{"line":78,"column":null}},"42":{"start":{"line":66,"column":25},"end":{"line":66,"column":32}},"43":{"start":{"line":67,"column":36},"end":{"line":73,"column":null}},"44":{"start":{"line":69,"column":40},"end":{"line":69,"column":62}},"45":{"start":{"line":70,"column":45},"end":{"line":70,"column":null}},"46":{"start":{"line":72,"column":40},"end":{"line":72,"column":62}},"47":{"start":{"line":74,"column":12},"end":{"line":74,"column":null}},"48":{"start":{"line":75,"column":12},"end":{"line":75,"column":null}},"49":{"start":{"line":76,"column":12},"end":{"line":76,"column":null}},"50":{"start":{"line":77,"column":12},"end":{"line":77,"column":null}},"51":{"start":{"line":80,"column":8},"end":{"line":80,"column":null}},"52":{"start":{"line":81,"column":8},"end":{"line":81,"column":null}},"53":{"start":{"line":83,"column":8},"end":{"line":83,"column":null}},"54":{"start":{"line":85,"column":8},"end":{"line":85,"column":null}},"55":{"start":{"line":88,"column":4},"end":{"line":88,"column":null}},"56":{"start":{"line":92,"column":20},"end":{"line":92,"column":null}},"57":{"start":{"line":93,"column":4},"end":{"line":93,"column":null}},"58":{"start":{"line":93,"column":25},"end":{"line":93,"column":null}},"59":{"start":{"line":94,"column":4},"end":{"line":94,"column":null}},"60":{"start":{"line":97,"column":2},"end":{"line":114,"column":null}},"61":{"start":{"line":104,"column":14},"end":{"line":104,"column":27}},"62":{"start":{"line":188,"column":27},"end":{"line":188,"column":null}},"63":{"start":{"line":201,"column":57},"end":{"line":201,"column":78}},"64":{"start":{"line":208,"column":12},"end":{"line":208,"column":40}},"65":{"start":{"line":212,"column":27},"end":{"line":212,"column":null}},"66":{"start":{"line":223,"column":42},"end":{"line":223,"column":64}}},"fnMap":{"0":{"name":"CoursesPage","decl":{"start":{"line":20,"column":24},"end":{"line":20,"column":null}},"loc":{"start":{"line":20,"column":24},"end":{"line":227,"column":null}}},"1":{"name":"(anonymous_2)","decl":{"start":{"line":31,"column":12},"end":{"line":31,"column":null}},"loc":{"start":{"line":31,"column":12},"end":{"line":40,"column":5}}},"2":{"name":"onKey","decl":{"start":{"line":32,"column":13},"end":{"line":32,"column":19}},"loc":{"start":{"line":32,"column":35},"end":{"line":37,"column":null}}},"3":{"name":"(anonymous_4)","decl":{"start":{"line":39,"column":11},"end":{"line":39,"column":17}},"loc":{"start":{"line":39,"column":17},"end":{"line":39,"column":null}}},"4":{"name":"(anonymous_5)","decl":{"start":{"line":42,"column":12},"end":{"line":42,"column":null}},"loc":{"start":{"line":42,"column":12},"end":{"line":89,"column":5}}},"5":{"name":"fetchAll","decl":{"start":{"line":51,"column":19},"end":{"line":51,"column":null}},"loc":{"start":{"line":51,"column":19},"end":{"line":87,"column":null}}},"6":{"name":"(anonymous_7)","decl":{"start":{"line":57,"column":19},"end":{"line":57,"column":20}},"loc":{"start":{"line":57,"column":26},"end":{"line":57,"column":null}}},"7":{"name":"(anonymous_8)","decl":{"start":{"line":64,"column":28},"end":{"line":64,"column":29}},"loc":{"start":{"line":64,"column":32},"end":{"line":79,"column":null}}},"8":{"name":"(anonymous_9)","decl":{"start":{"line":69,"column":33},"end":{"line":69,"column":34}},"loc":{"start":{"line":69,"column":40},"end":{"line":69,"column":62}}},"9":{"name":"(anonymous_10)","decl":{"start":{"line":70,"column":38},"end":{"line":70,"column":39}},"loc":{"start":{"line":70,"column":45},"end":{"line":70,"column":null}}},"10":{"name":"(anonymous_11)","decl":{"start":{"line":72,"column":33},"end":{"line":72,"column":34}},"loc":{"start":{"line":72,"column":40},"end":{"line":72,"column":62}}},"11":{"name":"handleCreate","decl":{"start":{"line":91,"column":17},"end":{"line":91,"column":30}},"loc":{"start":{"line":91,"column":65},"end":{"line":95,"column":null}}},"12":{"name":"(anonymous_13)","decl":{"start":{"line":93,"column":15},"end":{"line":93,"column":16}},"loc":{"start":{"line":93,"column":25},"end":{"line":93,"column":null}}},"13":{"name":"(anonymous_14)","decl":{"start":{"line":103,"column":27},"end":{"line":103,"column":28}},"loc":{"start":{"line":104,"column":14},"end":{"line":104,"column":27}}},"14":{"name":"(anonymous_15)","decl":{"start":{"line":188,"column":21},"end":{"line":188,"column":27}},"loc":{"start":{"line":188,"column":27},"end":{"line":188,"column":null}}},"15":{"name":"(anonymous_16)","decl":{"start":{"line":201,"column":51},"end":{"line":201,"column":57}},"loc":{"start":{"line":201,"column":57},"end":{"line":201,"column":78}}},"16":{"name":"(anonymous_17)","decl":{"start":{"line":207,"column":23},"end":{"line":207,"column":24}},"loc":{"start":{"line":208,"column":12},"end":{"line":208,"column":40}}},"17":{"name":"(anonymous_18)","decl":{"start":{"line":212,"column":21},"end":{"line":212,"column":27}},"loc":{"start":{"line":212,"column":27},"end":{"line":212,"column":null}}},"18":{"name":"(anonymous_19)","decl":{"start":{"line":223,"column":36},"end":{"line":223,"column":42}},"loc":{"start":{"line":223,"column":42},"end":{"line":223,"column":64}}},"19":{"name":"StatBox","decl":{"start":{"line":229,"column":9},"end":{"line":229,"column":17}},"loc":{"start":{"line":229,"column":73},"end":{"line":241,"column":null}}}},"branchMap":{"0":{"loc":{"start":{"line":33,"column":6},"end":{"line":36,"column":null}},"type":"if","locations":[{"start":{"line":33,"column":6},"end":{"line":36,"column":null}}]},"1":{"loc":{"start":{"line":33,"column":10},"end":{"line":33,"column":53}},"type":"binary-expr","locations":[{"start":{"line":33,"column":11},"end":{"line":33,"column":20}},{"start":{"line":33,"column":24},"end":{"line":33,"column":32}},{"start":{"line":33,"column":38},"end":{"line":33,"column":53}}]},"2":{"loc":{"start":{"line":43,"column":4},"end":{"line":46,"column":null}},"type":"if","locations":[{"start":{"line":43,"column":4},"end":{"line":46,"column":null}}]},"3":{"loc":{"start":{"line":47,"column":4},"end":{"line":47,"column":null}},"type":"if","locations":[{"start":{"line":47,"column":4},"end":{"line":47,"column":null}}]},"4":{"loc":{"start":{"line":65,"column":10},"end":{"line":78,"column":null}},"type":"if","locations":[{"start":{"line":65,"column":10},"end":{"line":78,"column":null}}]},"5":{"loc":{"start":{"line":70,"column":45},"end":{"line":70,"column":null}},"type":"binary-expr","locations":[{"start":{"line":70,"column":45},"end":{"line":70,"column":74}},{"start":{"line":70,"column":74},"end":{"line":70,"column":null}}]},"6":{"loc":{"start":{"line":83,"column":17},"end":{"line":83,"column":null}},"type":"cond-expr","locations":[{"start":{"line":83,"column":40},"end":{"line":83,"column":51}},{"start":{"line":83,"column":54},"end":{"line":83,"column":null}}]},"7":{"loc":{"start":{"line":97,"column":2},"end":{"line":114,"column":null}},"type":"if","locations":[{"start":{"line":97,"column":2},"end":{"line":114,"column":null}}]},"8":{"loc":{"start":{"line":97,"column":6},"end":{"line":97,"column":71}},"type":"binary-expr","locations":[{"start":{"line":97,"column":6},"end":{"line":97,"column":31}},{"start":{"line":97,"column":31},"end":{"line":97,"column":61}},{"start":{"line":97,"column":61},"end":{"line":97,"column":71}}]},"9":{"loc":{"start":{"line":136,"column":32},"end":{"line":136,"column":76}},"type":"cond-expr","locations":[{"start":{"line":136,"column":55},"end":{"line":136,"column":66}},{"start":{"line":136,"column":66},"end":{"line":136,"column":76}}]},"10":{"loc":{"start":{"line":182,"column":8},"end":{"line":194,"column":18}},"type":"cond-expr","locations":[{"start":{"line":182,"column":8},"end":{"line":194,"column":18}}]},"11":{"loc":{"start":{"line":195,"column":8},"end":{"line":206,"column":9}},"type":"cond-expr","locations":[{"start":{"line":195,"column":8},"end":{"line":206,"column":9}}]},"12":{"loc":{"start":{"line":208,"column":63},"end":{"line":208,"column":null}},"type":"binary-expr","locations":[{"start":{"line":208,"column":63},"end":{"line":208,"column":82}},{"start":{"line":208,"column":86},"end":{"line":208,"column":null}}]},"13":{"loc":{"start":{"line":222,"column":7},"end":{"line":222,"column":null}},"type":"binary-expr","locations":[{"start":{"line":222,"column":7},"end":{"line":222,"column":null}}]},"14":{"loc":{"start":{"line":233,"column":48},"end":{"line":233,"column":63}},"type":"cond-expr","locations":[{"start":{"line":233,"column":55},"end":{"line":233,"column":60}},{"start":{"line":233,"column":60},"end":{"line":233,"column":63}}]},"15":{"loc":{"start":{"line":234,"column":15},"end":{"line":234,"column":null}},"type":"cond-expr","locations":[{"start":{"line":234,"column":22},"end":{"line":234,"column":45}},{"start":{"line":234,"column":45},"end":{"line":234,"column":null}}]}},"s":{"0":0,"1":0,"2":0,"3":0,"4":0,"5":0,"6":0,"7":0,"8":0,"9":0,"10":0,"11":0,"12":0,"13":0,"14":0,"15":0,"16":0,"17":0,"18":0,"19":0,"20":0,"21":0,"22":0,"23":0,"24":0,"25":0,"26":0,"27":0,"28":0,"29":0,"30":0,"31":0,"32":0,"33":0,"34":0,"35":0,"36":0,"37":0,"38":0,"39":0,"40":0,"41":0,"42":0,"43":0,"44":0,"45":0,"46":0,"47":0,"48":0,"49":0,"50":0,"51":0,"52":0,"53":0,"54":0,"55":0,"56":0,"57":0,"58":0,"59":0,"60":0,"61":0,"62":0,"63":0,"64":0,"65":0,"66":0},"f":{"0":0,"1":0,"2":0,"3":0,"4":0,"5":0,"6":0,"7":0,"8":0,"9":0,"10":0,"11":0,"12":0,"13":0,"14":0,"15":0,"16":0,"17":0,"18":0,"19":0},"b":{"0":[0],"1":[0,0,0],"2":[0],"3":[0],"4":[0],"5":[0,0],"6":[0,0],"7":[0],"8":[0,0,0],"9":[0,0],"10":[0],"11":[0],"12":[0,0],"13":[0],"14":[0,0],"15":[0,0]}}
,"/Volumes/TOSHIBA EXT/BitPolito/Academy/bitcoin-academy/apps/web/src/app/courses/[courseId]/layout.tsx": {"path":"/Volumes/TOSHIBA EXT/BitPolito/Academy/bitcoin-academy/apps/web/src/app/courses/[courseId]/layout.tsx","statementMap":{"0":{"start":{"line":1,"column":24},"end":{"line":1,"column":37}}},"fnMap":{"0":{"name":"CourseLayout","decl":{"start":{"line":1,"column":24},"end":{"line":1,"column":37}},"loc":{"start":{"line":1,"column":80},"end":{"line":3,"column":null}}}},"branchMap":{},"s":{"0":0},"f":{"0":0},"b":{}}
,"/Volumes/TOSHIBA EXT/BitPolito/Academy/bitcoin-academy/apps/web/src/app/courses/[courseId]/page.tsx": {"path":"/Volumes/TOSHIBA EXT/BitPolito/Academy/bitcoin-academy/apps/web/src/app/courses/[courseId]/page.tsx","statementMap":{"0":{"start":{"line":73,"column":24},"end":{"line":73,"column":null}},"1":{"start":{"line":3,"column":49},"end":{"line":3,"column":null}},"2":{"start":{"line":4,"column":37},"end":{"line":4,"column":null}},"3":{"start":{"line":5,"column":27},"end":{"line":5,"column":null}},"4":{"start":{"line":6,"column":39},"end":{"line":6,"column":null}},"5":{"start":{"line":7,"column":31},"end":{"line":7,"column":null}},"6":{"start":{"line":8,"column":30},"end":{"line":8,"column":null}},"7":{"start":{"line":9,"column":36},"end":{"line":9,"column":null}},"8":{"start":{"line":11,"column":40},"end":{"line":11,"column":null}},"9":{"start":{"line":15,"column":59},"end":{"line":20,"column":null}},"10":{"start":{"line":23,"column":2},"end":{"line":23,"column":null}},"11":{"start":{"line":23,"column":20},"end":{"line":23,"column":null}},"12":{"start":{"line":24,"column":2},"end":{"line":24,"column":null}},"13":{"start":{"line":24,"column":27},"end":{"line":24,"column":null}},"14":{"start":{"line":25,"column":2},"end":{"line":25,"column":null}},"15":{"start":{"line":28,"column":42},"end":{"line":33,"column":null}},"16":{"start":{"line":35,"column":25},"end":{"line":35,"column":null}},"17":{"start":{"line":38,"column":17},"end":{"line":38,"column":null}},"18":{"start":{"line":39,"column":14},"end":{"line":39,"column":null}},"19":{"start":{"line":43,"column":21},"end":{"line":43,"column":null}},"20":{"start":{"line":44,"column":21},"end":{"line":44,"column":null}},"21":{"start":{"line":45,"column":8},"end":{"line":46,"column":23}},"22":{"start":{"line":74,"column":17},"end":{"line":74,"column":null}},"23":{"start":{"line":75,"column":17},"end":{"line":75,"column":null}},"24":{"start":{"line":76,"column":19},"end":{"line":76,"column":34}},"25":{"start":{"line":77,"column":28},"end":{"line":77,"column":null}},"26":{"start":{"line":78,"column":22},"end":{"line":78,"column":null}},"27":{"start":{"line":80,"column":30},"end":{"line":80,"column":null}},"28":{"start":{"line":81,"column":26},"end":{"line":81,"column":null}},"29":{"start":{"line":82,"column":32},"end":{"line":82,"column":null}},"30":{"start":{"line":83,"column":40},"end":{"line":83,"column":null}},"31":{"start":{"line":84,"column":28},"end":{"line":84,"column":null}},"32":{"start":{"line":85,"column":38},"end":{"line":85,"column":null}},"33":{"start":{"line":86,"column":30},"end":{"line":86,"column":null}},"34":{"start":{"line":87,"column":38},"end":{"line":87,"column":null}},"35":{"start":{"line":89,"column":27},"end":{"line":89,"column":null}},"36":{"start":{"line":89,"column":45},"end":{"line":89,"column":74}},"37":{"start":{"line":89,"column":66},"end":{"line":89,"column":74}},"38":{"start":{"line":91,"column":2},"end":{"line":103,"column":null}},"39":{"start":{"line":93,"column":6},"end":{"line":100,"column":null}},"40":{"start":{"line":94,"column":27},"end":{"line":94,"column":null}},"41":{"start":{"line":95,"column":8},"end":{"line":95,"column":null}},"42":{"start":{"line":97,"column":8},"end":{"line":97,"column":null}},"43":{"start":{"line":99,"column":8},"end":{"line":99,"column":null}},"44":{"start":{"line":102,"column":4},"end":{"line":102,"column":null}},"45":{"start":{"line":102,"column":18},"end":{"line":102,"column":null}},"46":{"start":{"line":105,"column":2},"end":{"line":119,"column":null}},"47":{"start":{"line":107,"column":6},"end":{"line":116,"column":null}},"48":{"start":{"line":108,"column":8},"end":{"line":108,"column":null}},"49":{"start":{"line":109,"column":21},"end":{"line":109,"column":null}},"50":{"start":{"line":110,"column":8},"end":{"line":110,"column":null}},"51":{"start":{"line":111,"column":8},"end":{"line":111,"column":null}},"52":{"start":{"line":111,"column":44},"end":{"line":111,"column":null}},"53":{"start":{"line":113,"column":8},"end":{"line":113,"column":null}},"54":{"start":{"line":115,"column":8},"end":{"line":115,"column":null}},"55":{"start":{"line":118,"column":4},"end":{"line":118,"column":null}},"56":{"start":{"line":118,"column":18},"end":{"line":118,"column":null}},"57":{"start":{"line":121,"column":2},"end":{"line":136,"column":null}},"58":{"start":{"line":138,"column":2},"end":{"line":155,"column":null}},"59":{"start":{"line":147,"column":27},"end":{"line":147,"column":null}},"60":{"start":{"line":157,"column":18},"end":{"line":157,"column":65}},"61":{"start":{"line":157,"column":37},"end":{"line":157,"column":59}},"62":{"start":{"line":158,"column":21},"end":{"line":160,"column":10}},"63":{"start":{"line":159,"column":11},"end":{"line":159,"column":null}},"64":{"start":{"line":161,"column":17},"end":{"line":161,"column":64}},"65":{"start":{"line":161,"column":36},"end":{"line":161,"column":58}},"66":{"start":{"line":163,"column":19},"end":{"line":169,"column":null}},"67":{"start":{"line":164,"column":4},"end":{"line":164,"column":null}},"68":{"start":{"line":164,"column":26},"end":{"line":164,"column":null}},"69":{"start":{"line":165,"column":4},"end":{"line":165,"column":null}},"70":{"start":{"line":165,"column":28},"end":{"line":165,"column":null}},"71":{"start":{"line":166,"column":4},"end":{"line":166,"column":null}},"72":{"start":{"line":166,"column":33},"end":{"line":166,"column":null}},"73":{"start":{"line":167,"column":4},"end":{"line":167,"column":null}},"74":{"start":{"line":167,"column":28},"end":{"line":167,"column":null}},"75":{"start":{"line":168,"column":4},"end":{"line":168,"column":null}},"76":{"start":{"line":171,"column":19},"end":{"line":171,"column":null}},"77":{"start":{"line":171,"column":36},"end":{"line":171,"column":60}},"78":{"start":{"line":202,"column":14},"end":{"line":202,"column":null}},"79":{"start":{"line":208,"column":57},"end":{"line":208,"column":100}},"80":{"start":{"line":240,"column":14},"end":{"line":241,"column":null}},"81":{"start":{"line":242,"column":31},"end":{"line":242,"column":null}},"82":{"start":{"line":269,"column":18},"end":{"line":269,"column":31}},"83":{"start":{"line":278,"column":16},"end":{"line":279,"column":null}},"84":{"start":{"line":282,"column":34},"end":{"line":282,"column":null}},"85":{"start":{"line":283,"column":32},"end":{"line":283,"column":null}},"86":{"start":{"line":338,"column":24},"end":{"line":338,"column":null}},"87":{"start":{"line":347,"column":24},"end":{"line":347,"column":null}},"88":{"start":{"line":354,"column":37},"end":{"line":354,"column":null}},"89":{"start":{"line":382,"column":14},"end":{"line":382,"column":null}},"90":{"start":{"line":402,"column":14},"end":{"line":402,"column":null}},"91":{"start":{"line":403,"column":19},"end":{"line":403,"column":null}},"92":{"start":{"line":436,"column":10},"end":{"line":436,"column":null}},"93":{"start":{"line":437,"column":10},"end":{"line":437,"column":null}}},"fnMap":{"0":{"name":"formatSize","decl":{"start":{"line":22,"column":9},"end":{"line":22,"column":20}},"loc":{"start":{"line":22,"column":33},"end":{"line":26,"column":null}}},"1":{"name":"Lifecycle","decl":{"start":{"line":37,"column":9},"end":{"line":37,"column":19}},"loc":{"start":{"line":37,"column":49},"end":{"line":71,"column":null}}},"2":{"name":"(anonymous_3)","decl":{"start":{"line":42,"column":28},"end":{"line":42,"column":29}},"loc":{"start":{"line":42,"column":32},"end":{"line":63,"column":null}}},"3":{"name":"CourseWorkspacePage","decl":{"start":{"line":73,"column":24},"end":{"line":73,"column":null}},"loc":{"start":{"line":73,"column":24},"end":{"line":379,"column":null}}},"4":{"name":"(anonymous_5)","decl":{"start":{"line":89,"column":39},"end":{"line":89,"column":45}},"loc":{"start":{"line":89,"column":45},"end":{"line":89,"column":74}}},"5":{"name":"(anonymous_6)","decl":{"start":{"line":89,"column":59},"end":{"line":89,"column":60}},"loc":{"start":{"line":89,"column":66},"end":{"line":89,"column":74}}},"6":{"name":"(anonymous_7)","decl":{"start":{"line":91,"column":12},"end":{"line":91,"column":null}},"loc":{"start":{"line":91,"column":12},"end":{"line":103,"column":5}}},"7":{"name":"load","decl":{"start":{"line":92,"column":19},"end":{"line":92,"column":null}},"loc":{"start":{"line":92,"column":19},"end":{"line":101,"column":null}}},"8":{"name":"(anonymous_9)","decl":{"start":{"line":105,"column":12},"end":{"line":105,"column":null}},"loc":{"start":{"line":105,"column":12},"end":{"line":119,"column":5}}},"9":{"name":"loadDocs","decl":{"start":{"line":106,"column":19},"end":{"line":106,"column":null}},"loc":{"start":{"line":106,"column":19},"end":{"line":117,"column":null}}},"10":{"name":"(anonymous_11)","decl":{"start":{"line":147,"column":21},"end":{"line":147,"column":27}},"loc":{"start":{"line":147,"column":27},"end":{"line":147,"column":null}}},"11":{"name":"(anonymous_12)","decl":{"start":{"line":157,"column":30},"end":{"line":157,"column":31}},"loc":{"start":{"line":157,"column":37},"end":{"line":157,"column":59}}},"12":{"name":"(anonymous_13)","decl":{"start":{"line":159,"column":4},"end":{"line":159,"column":5}},"loc":{"start":{"line":159,"column":11},"end":{"line":159,"column":null}}},"13":{"name":"(anonymous_14)","decl":{"start":{"line":161,"column":29},"end":{"line":161,"column":30}},"loc":{"start":{"line":161,"column":36},"end":{"line":161,"column":58}}},"14":{"name":"(anonymous_15)","decl":{"start":{"line":163,"column":31},"end":{"line":163,"column":32}},"loc":{"start":{"line":163,"column":32},"end":{"line":169,"column":null}}},"15":{"name":"(anonymous_16)","decl":{"start":{"line":171,"column":29},"end":{"line":171,"column":30}},"loc":{"start":{"line":171,"column":36},"end":{"line":171,"column":60}}},"16":{"name":"(anonymous_17)","decl":{"start":{"line":201,"column":21},"end":{"line":201,"column":null}},"loc":{"start":{"line":202,"column":14},"end":{"line":202,"column":null}}},"17":{"name":"(anonymous_18)","decl":{"start":{"line":208,"column":51},"end":{"line":208,"column":57}},"loc":{"start":{"line":208,"column":57},"end":{"line":208,"column":100}}},"18":{"name":"(anonymous_19)","decl":{"start":{"line":239,"column":32},"end":{"line":239,"column":33}},"loc":{"start":{"line":240,"column":14},"end":{"line":241,"column":null}}},"19":{"name":"(anonymous_20)","decl":{"start":{"line":242,"column":25},"end":{"line":242,"column":31}},"loc":{"start":{"line":242,"column":31},"end":{"line":242,"column":null}}},"20":{"name":"(anonymous_21)","decl":{"start":{"line":268,"column":31},"end":{"line":268,"column":32}},"loc":{"start":{"line":269,"column":18},"end":{"line":269,"column":31}}},"21":{"name":"(anonymous_22)","decl":{"start":{"line":277,"column":27},"end":{"line":277,"column":28}},"loc":{"start":{"line":278,"column":16},"end":{"line":279,"column":null}}},"22":{"name":"(anonymous_23)","decl":{"start":{"line":282,"column":28},"end":{"line":282,"column":34}},"loc":{"start":{"line":282,"column":34},"end":{"line":282,"column":null}}},"23":{"name":"(anonymous_24)","decl":{"start":{"line":283,"column":26},"end":{"line":283,"column":32}},"loc":{"start":{"line":283,"column":32},"end":{"line":283,"column":null}}},"24":{"name":"(anonymous_25)","decl":{"start":{"line":337,"column":37},"end":{"line":337,"column":null}},"loc":{"start":{"line":338,"column":24},"end":{"line":338,"column":null}}},"25":{"name":"(anonymous_26)","decl":{"start":{"line":346,"column":31},"end":{"line":346,"column":null}},"loc":{"start":{"line":347,"column":24},"end":{"line":347,"column":null}}},"26":{"name":"(anonymous_27)","decl":{"start":{"line":354,"column":31},"end":{"line":354,"column":37}},"loc":{"start":{"line":354,"column":37},"end":{"line":354,"column":null}}},"27":{"name":"Stat2","decl":{"start":{"line":381,"column":9},"end":{"line":381,"column":15}},"loc":{"start":{"line":381,"column":91},"end":{"line":389,"column":null}}},"28":{"name":"DocRow","decl":{"start":{"line":391,"column":9},"end":{"line":391,"column":16}},"loc":{"start":{"line":401,"column":1},"end":{"line":445,"column":null}}},"29":{"name":"(anonymous_30)","decl":{"start":{"line":435,"column":17},"end":{"line":435,"column":18}},"loc":{"start":{"line":435,"column":18},"end":{"line":438,"column":null}}}},"branchMap":{"0":{"loc":{"start":{"line":23,"column":2},"end":{"line":23,"column":null}},"type":"if","locations":[{"start":{"line":23,"column":2},"end":{"line":23,"column":null}}]},"1":{"loc":{"start":{"line":24,"column":2},"end":{"line":24,"column":null}},"type":"if","locations":[{"start":{"line":24,"column":2},"end":{"line":24,"column":null}}]},"2":{"loc":{"start":{"line":39,"column":14},"end":{"line":39,"column":null}},"type":"cond-expr","locations":[{"start":{"line":39,"column":23},"end":{"line":39,"column":28}},{"start":{"line":39,"column":28},"end":{"line":39,"column":null}}]},"3":{"loc":{"start":{"line":43,"column":21},"end":{"line":43,"column":null}},"type":"binary-expr","locations":[{"start":{"line":43,"column":21},"end":{"line":43,"column":32}},{"start":{"line":43,"column":32},"end":{"line":43,"column":null}}]},"4":{"loc":{"start":{"line":44,"column":21},"end":{"line":44,"column":null}},"type":"binary-expr","locations":[{"start":{"line":44,"column":21},"end":{"line":44,"column":32}},{"start":{"line":44,"column":32},"end":{"line":44,"column":null}}]},"5":{"loc":{"start":{"line":49,"column":16},"end":{"line":53,"column":null}},"type":"cond-expr","locations":[{"start":{"line":50,"column":20},"end":{"line":50,"column":null}},{"start":{"line":51,"column":20},"end":{"line":53,"column":null}}]},"6":{"loc":{"start":{"line":51,"column":20},"end":{"line":53,"column":null}},"type":"cond-expr","locations":[{"start":{"line":52,"column":22},"end":{"line":52,"column":null}},{"start":{"line":53,"column":22},"end":{"line":53,"column":null}}]},"7":{"loc":{"start":{"line":58,"column":13},"end":{"line":58,"column":null}},"type":"binary-expr","locations":[{"start":{"line":58,"column":13},"end":{"line":58,"column":null}}]},"8":{"loc":{"start":{"line":64,"column":7},"end":{"line":64,"column":null}},"type":"binary-expr","locations":[{"start":{"line":64,"column":7},"end":{"line":64,"column":null}}]},"9":{"loc":{"start":{"line":97,"column":17},"end":{"line":97,"column":null}},"type":"cond-expr","locations":[{"start":{"line":97,"column":40},"end":{"line":97,"column":51}},{"start":{"line":97,"column":54},"end":{"line":97,"column":null}}]},"10":{"loc":{"start":{"line":102,"column":4},"end":{"line":102,"column":null}},"type":"if","locations":[{"start":{"line":102,"column":4},"end":{"line":102,"column":null}}]},"11":{"loc":{"start":{"line":111,"column":8},"end":{"line":111,"column":null}},"type":"if","locations":[{"start":{"line":111,"column":8},"end":{"line":111,"column":null}}]},"12":{"loc":{"start":{"line":111,"column":12},"end":{"line":111,"column":44}},"type":"binary-expr","locations":[{"start":{"line":111,"column":12},"end":{"line":111,"column":31}},{"start":{"line":111,"column":31},"end":{"line":111,"column":44}}]},"13":{"loc":{"start":{"line":118,"column":4},"end":{"line":118,"column":null}},"type":"if","locations":[{"start":{"line":118,"column":4},"end":{"line":118,"column":null}}]},"14":{"loc":{"start":{"line":121,"column":2},"end":{"line":136,"column":null}},"type":"if","locations":[{"start":{"line":121,"column":2},"end":{"line":136,"column":null}}]},"15":{"loc":{"start":{"line":138,"column":2},"end":{"line":155,"column":null}},"type":"if","locations":[{"start":{"line":138,"column":2},"end":{"line":155,"column":null}}]},"16":{"loc":{"start":{"line":138,"column":6},"end":{"line":138,"column":24}},"type":"binary-expr","locations":[{"start":{"line":138,"column":6},"end":{"line":138,"column":15}},{"start":{"line":138,"column":15},"end":{"line":138,"column":24}}]},"17":{"loc":{"start":{"line":145,"column":34},"end":{"line":145,"column":null}},"type":"binary-expr","locations":[{"start":{"line":145,"column":34},"end":{"line":145,"column":43}},{"start":{"line":145,"column":43},"end":{"line":145,"column":null}}]},"18":{"loc":{"start":{"line":159,"column":11},"end":{"line":159,"column":null}},"type":"binary-expr","locations":[{"start":{"line":159,"column":11},"end":{"line":159,"column":40}},{"start":{"line":159,"column":40},"end":{"line":159,"column":null}}]},"19":{"loc":{"start":{"line":164,"column":4},"end":{"line":164,"column":null}},"type":"if","locations":[{"start":{"line":164,"column":4},"end":{"line":164,"column":null}}]},"20":{"loc":{"start":{"line":165,"column":4},"end":{"line":165,"column":null}},"type":"if","locations":[{"start":{"line":165,"column":4},"end":{"line":165,"column":null}}]},"21":{"loc":{"start":{"line":166,"column":4},"end":{"line":166,"column":null}},"type":"if","locations":[{"start":{"line":166,"column":4},"end":{"line":166,"column":null}}]},"22":{"loc":{"start":{"line":166,"column":40},"end":{"line":166,"column":null}},"type":"binary-expr","locations":[{"start":{"line":166,"column":40},"end":{"line":166,"column":69}},{"start":{"line":166,"column":69},"end":{"line":166,"column":null}}]},"23":{"loc":{"start":{"line":167,"column":4},"end":{"line":167,"column":null}},"type":"if","locations":[{"start":{"line":167,"column":4},"end":{"line":167,"column":null}}]},"24":{"loc":{"start":{"line":171,"column":19},"end":{"line":171,"column":null}},"type":"binary-expr","locations":[{"start":{"line":171,"column":19},"end":{"line":171,"column":60}},{"start":{"line":171,"column":60},"end":{"line":171,"column":null}}]},"25":{"loc":{"start":{"line":186,"column":11},"end":{"line":186,"column":29}},"type":"binary-expr","locations":[{"start":{"line":186,"column":11},"end":{"line":186,"column":29}}]},"26":{"loc":{"start":{"line":202,"column":14},"end":{"line":202,"column":null}},"type":"binary-expr","locations":[{"start":{"line":202,"column":14},"end":{"line":202,"column":26}},{"start":{"line":202,"column":26},"end":{"line":202,"column":null}}]},"27":{"loc":{"start":{"line":244,"column":18},"end":{"line":246,"column":null}},"type":"cond-expr","locations":[{"start":{"line":245,"column":22},"end":{"line":245,"column":null}},{"start":{"line":246,"column":22},"end":{"line":246,"column":null}}]},"28":{"loc":{"start":{"line":266,"column":13},"end":{"line":279,"column":null}},"type":"cond-expr","locations":[{"start":{"line":267,"column":14},"end":{"line":272,"column":25}},{"start":{"line":272,"column":16},"end":{"line":279,"column":null}}]},"29":{"loc":{"start":{"line":272,"column":16},"end":{"line":279,"column":null}},"type":"cond-expr","locations":[{"start":{"line":273,"column":14},"end":{"line":277,"column":23}},{"start":{"line":277,"column":14},"end":{"line":279,"column":null}}]},"30":{"loc":{"start":{"line":274,"column":17},"end":{"line":274,"column":null}},"type":"cond-expr","locations":[{"start":{"line":274,"column":36},"end":{"line":274,"column":67}},{"start":{"line":274,"column":67},"end":{"line":274,"column":null}}]},"31":{"loc":{"start":{"line":294,"column":14},"end":{"line":365,"column":15}},"type":"cond-expr","locations":[{"start":{"line":294,"column":14},"end":{"line":365,"column":15}}]},"32":{"loc":{"start":{"line":301,"column":21},"end":{"line":301,"column":56}},"type":"binary-expr","locations":[{"start":{"line":301,"column":21},"end":{"line":301,"column":42}},{"start":{"line":301,"column":46},"end":{"line":301,"column":56}}]},"33":{"loc":{"start":{"line":312,"column":21},"end":{"line":312,"column":45}},"type":"binary-expr","locations":[{"start":{"line":312,"column":21},"end":{"line":312,"column":45}}]},"34":{"loc":{"start":{"line":319,"column":19},"end":{"line":319,"column":50}},"type":"binary-expr","locations":[{"start":{"line":319,"column":19},"end":{"line":319,"column":50}},{"start":{"line":319,"column":50},"end":{"line":319,"column":71}}]},"35":{"loc":{"start":{"line":382,"column":14},"end":{"line":382,"column":null}},"type":"cond-expr","locations":[{"start":{"line":382,"column":20},"end":{"line":382,"column":33}},{"start":{"line":382,"column":33},"end":{"line":382,"column":null}}]},"36":{"loc":{"start":{"line":382,"column":33},"end":{"line":382,"column":null}},"type":"cond-expr","locations":[{"start":{"line":382,"column":40},"end":{"line":382,"column":54}},{"start":{"line":382,"column":54},"end":{"line":382,"column":null}}]},"37":{"loc":{"start":{"line":402,"column":14},"end":{"line":402,"column":null}},"type":"binary-expr","locations":[{"start":{"line":402,"column":14},"end":{"line":402,"column":35}},{"start":{"line":402,"column":39},"end":{"line":402,"column":null}}]},"38":{"loc":{"start":{"line":403,"column":19},"end":{"line":403,"column":null}},"type":"binary-expr","locations":[{"start":{"line":403,"column":19},"end":{"line":403,"column":50}},{"start":{"line":403,"column":50},"end":{"line":403,"column":null}}]},"39":{"loc":{"start":{"line":409,"column":8},"end":{"line":409,"column":null}},"type":"cond-expr","locations":[{"start":{"line":409,"column":19},"end":{"line":409,"column":55}},{"start":{"line":409,"column":55},"end":{"line":409,"column":null}}]},"40":{"loc":{"start":{"line":417,"column":13},"end":{"line":417,"column":null}},"type":"binary-expr","locations":[{"start":{"line":417,"column":13},"end":{"line":417,"column":29}},{"start":{"line":417,"column":33},"end":{"line":417,"column":null}}]},"41":{"loc":{"start":{"line":427,"column":64},"end":{"line":427,"column":91}},"type":"cond-expr","locations":[{"start":{"line":427,"column":75},"end":{"line":427,"column":88}},{"start":{"line":427,"column":88},"end":{"line":427,"column":91}}]}},"s":{"0":0,"1":0,"2":0,"3":0,"4":0,"5":0,"6":0,"7":0,"8":0,"9":0,"10":0,"11":0,"12":0,"13":0,"14":0,"15":0,"16":0,"17":0,"18":0,"19":0,"20":0,"21":0,"22":0,"23":0,"24":0,"25":0,"26":0,"27":0,"28":0,"29":0,"30":0,"31":0,"32":0,"33":0,"34":0,"35":0,"36":0,"37":0,"38":0,"39":0,"40":0,"41":0,"42":0,"43":0,"44":0,"45":0,"46":0,"47":0,"48":0,"49":0,"50":0,"51":0,"52":0,"53":0,"54":0,"55":0,"56":0,"57":0,"58":0,"59":0,"60":0,"61":0,"62":0,"63":0,"64":0,"65":0,"66":0,"67":0,"68":0,"69":0,"70":0,"71":0,"72":0,"73":0,"74":0,"75":0,"76":0,"77":0,"78":0,"79":0,"80":0,"81":0,"82":0,"83":0,"84":0,"85":0,"86":0,"87":0,"88":0,"89":0,"90":0,"91":0,"92":0,"93":0},"f":{"0":0,"1":0,"2":0,"3":0,"4":0,"5":0,"6":0,"7":0,"8":0,"9":0,"10":0,"11":0,"12":0,"13":0,"14":0,"15":0,"16":0,"17":0,"18":0,"19":0,"20":0,"21":0,"22":0,"23":0,"24":0,"25":0,"26":0,"27":0,"28":0,"29":0},"b":{"0":[0],"1":[0],"2":[0,0],"3":[0,0],"4":[0,0],"5":[0,0],"6":[0,0],"7":[0],"8":[0],"9":[0,0],"10":[0],"11":[0],"12":[0,0],"13":[0],"14":[0],"15":[0],"16":[0,0],"17":[0,0],"18":[0,0],"19":[0],"20":[0],"21":[0],"22":[0,0],"23":[0],"24":[0,0],"25":[0],"26":[0,0],"27":[0,0],"28":[0,0],"29":[0,0],"30":[0,0],"31":[0],"32":[0,0],"33":[0],"34":[0,0],"35":[0,0],"36":[0,0],"37":[0,0],"38":[0,0],"39":[0,0],"40":[0,0],"41":[0,0]}}
,"/Volumes/TOSHIBA EXT/BitPolito/Academy/bitcoin-academy/apps/web/src/app/courses/[courseId]/debug/page.tsx": {"path":"/Volumes/TOSHIBA EXT/BitPolito/Academy/bitcoin-academy/apps/web/src/app/courses/[courseId]/debug/page.tsx","statementMap":{"0":{"start":{"line":14,"column":24},"end":{"line":14,"column":null}},"1":{"start":{"line":3,"column":49},"end":{"line":3,"column":null}},"2":{"start":{"line":4,"column":37},"end":{"line":4,"column":null}},"3":{"start":{"line":5,"column":27},"end":{"line":5,"column":null}},"4":{"start":{"line":11,"column":7},"end":{"line":11,"column":null}},"5":{"start":{"line":15,"column":17},"end":{"line":15,"column":null}},"6":{"start":{"line":16,"column":17},"end":{"line":16,"column":null}},"7":{"start":{"line":17,"column":19},"end":{"line":17,"column":34}},"8":{"start":{"line":18,"column":28},"end":{"line":18,"column":null}},"9":{"start":{"line":19,"column":22},"end":{"line":19,"column":null}},"10":{"start":{"line":21,"column":30},"end":{"line":21,"column":null}},"11":{"start":{"line":22,"column":40},"end":{"line":22,"column":null}},"12":{"start":{"line":24,"column":28},"end":{"line":24,"column":null}},"13":{"start":{"line":25,"column":30},"end":{"line":25,"column":null}},"14":{"start":{"line":26,"column":48},"end":{"line":26,"column":null}},"15":{"start":{"line":27,"column":42},"end":{"line":27,"column":null}},"16":{"start":{"line":28,"column":34},"end":{"line":28,"column":null}},"17":{"start":{"line":30,"column":21},"end":{"line":37,"column":null}},"18":{"start":{"line":31,"column":4},"end":{"line":36,"column":null}},"19":{"start":{"line":32,"column":16},"end":{"line":32,"column":null}},"20":{"start":{"line":33,"column":6},"end":{"line":33,"column":null}},"21":{"start":{"line":35,"column":6},"end":{"line":35,"column":null}},"22":{"start":{"line":39,"column":2},"end":{"line":41,"column":null}},"23":{"start":{"line":40,"column":4},"end":{"line":40,"column":null}},"24":{"start":{"line":44,"column":4},"end":{"line":44,"column":null}},"25":{"start":{"line":44,"column":23},"end":{"line":44,"column":null}},"26":{"start":{"line":45,"column":4},"end":{"line":45,"column":null}},"27":{"start":{"line":46,"column":4},"end":{"line":53,"column":null}},"28":{"start":{"line":47,"column":21},"end":{"line":47,"column":null}},"29":{"start":{"line":48,"column":6},"end":{"line":48,"column":null}},"30":{"start":{"line":50,"column":6},"end":{"line":50,"column":null}},"31":{"start":{"line":52,"column":6},"end":{"line":52,"column":null}},"32":{"start":{"line":57,"column":4},"end":{"line":57,"column":null}},"33":{"start":{"line":57,"column":23},"end":{"line":57,"column":null}},"34":{"start":{"line":58,"column":4},"end":{"line":58,"column":null}},"35":{"start":{"line":59,"column":4},"end":{"line":66,"column":null}},"36":{"start":{"line":60,"column":19},"end":{"line":60,"column":null}},"37":{"start":{"line":61,"column":6},"end":{"line":61,"column":null}},"38":{"start":{"line":63,"column":6},"end":{"line":63,"column":null}},"39":{"start":{"line":65,"column":6},"end":{"line":65,"column":null}},"40":{"start":{"line":73,"column":25},"end":{"line":73,"column":null}},"41":{"start":{"line":125,"column":20},"end":{"line":125,"column":37}},"42":{"start":{"line":156,"column":31},"end":{"line":156,"column":null}},"43":{"start":{"line":162,"column":31},"end":{"line":162,"column":null}},"44":{"start":{"line":166,"column":16},"end":{"line":166,"column":32}},"45":{"start":{"line":208,"column":18},"end":{"line":209,"column":null}}},"fnMap":{"0":{"name":"DebugPage","decl":{"start":{"line":14,"column":24},"end":{"line":14,"column":null}},"loc":{"start":{"line":14,"column":24},"end":{"line":239,"column":null}}},"1":{"name":"(anonymous_2)","decl":{"start":{"line":30,"column":33},"end":{"line":30,"column":null}},"loc":{"start":{"line":30,"column":33},"end":{"line":37,"column":5}}},"2":{"name":"(anonymous_3)","decl":{"start":{"line":39,"column":12},"end":{"line":39,"column":null}},"loc":{"start":{"line":39,"column":12},"end":{"line":41,"column":5}}},"3":{"name":"handleTestRetrieval","decl":{"start":{"line":43,"column":17},"end":{"line":43,"column":null}},"loc":{"start":{"line":43,"column":17},"end":{"line":54,"column":null}}},"4":{"name":"handleGetEvidence","decl":{"start":{"line":56,"column":17},"end":{"line":56,"column":null}},"loc":{"start":{"line":56,"column":17},"end":{"line":67,"column":null}}},"5":{"name":"(anonymous_6)","decl":{"start":{"line":73,"column":19},"end":{"line":73,"column":25}},"loc":{"start":{"line":73,"column":25},"end":{"line":73,"column":null}}},"6":{"name":"(anonymous_7)","decl":{"start":{"line":124,"column":63},"end":{"line":124,"column":64}},"loc":{"start":{"line":125,"column":20},"end":{"line":125,"column":37}}},"7":{"name":"(anonymous_8)","decl":{"start":{"line":156,"column":24},"end":{"line":156,"column":25}},"loc":{"start":{"line":156,"column":31},"end":{"line":156,"column":null}}},"8":{"name":"(anonymous_9)","decl":{"start":{"line":162,"column":24},"end":{"line":162,"column":25}},"loc":{"start":{"line":162,"column":31},"end":{"line":162,"column":null}}},"9":{"name":"(anonymous_10)","decl":{"start":{"line":165,"column":90},"end":{"line":165,"column":91}},"loc":{"start":{"line":166,"column":16},"end":{"line":166,"column":32}}},"10":{"name":"(anonymous_11)","decl":{"start":{"line":207,"column":41},"end":{"line":207,"column":42}},"loc":{"start":{"line":208,"column":18},"end":{"line":209,"column":null}}}},"branchMap":{"0":{"loc":{"start":{"line":35,"column":21},"end":{"line":35,"column":null}},"type":"cond-expr","locations":[{"start":{"line":35,"column":44},"end":{"line":35,"column":55}},{"start":{"line":35,"column":58},"end":{"line":35,"column":null}}]},"1":{"loc":{"start":{"line":44,"column":4},"end":{"line":44,"column":null}},"type":"if","locations":[{"start":{"line":44,"column":4},"end":{"line":44,"column":null}}]},"2":{"loc":{"start":{"line":50,"column":34},"end":{"line":50,"column":80}},"type":"cond-expr","locations":[{"start":{"line":50,"column":57},"end":{"line":50,"column":68}},{"start":{"line":50,"column":71},"end":{"line":50,"column":80}}]},"3":{"loc":{"start":{"line":57,"column":4},"end":{"line":57,"column":null}},"type":"if","locations":[{"start":{"line":57,"column":4},"end":{"line":57,"column":null}}]},"4":{"loc":{"start":{"line":109,"column":11},"end":{"line":109,"column":26}},"type":"binary-expr","locations":[{"start":{"line":109,"column":11},"end":{"line":109,"column":26}}]},"5":{"loc":{"start":{"line":110,"column":11},"end":{"line":110,"column":null}},"type":"binary-expr","locations":[{"start":{"line":110,"column":11},"end":{"line":110,"column":null}}]},"6":{"loc":{"start":{"line":114,"column":53},"end":{"line":114,"column":115}},"type":"cond-expr","locations":[{"start":{"line":114,"column":85},"end":{"line":114,"column":102}},{"start":{"line":114,"column":102},"end":{"line":114,"column":115}}]},"7":{"loc":{"start":{"line":129,"column":19},"end":{"line":129,"column":null}},"type":"binary-expr","locations":[{"start":{"line":129,"column":19},"end":{"line":129,"column":null}}]},"8":{"loc":{"start":{"line":140,"column":11},"end":{"line":140,"column":22}},"type":"binary-expr","locations":[{"start":{"line":140,"column":11},"end":{"line":140,"column":22}},{"start":{"line":140,"column":22},"end":{"line":140,"column":null}}]},"9":{"loc":{"start":{"line":175,"column":24},"end":{"line":175,"column":null}},"type":"binary-expr","locations":[{"start":{"line":175,"column":24},"end":{"line":175,"column":36}},{"start":{"line":175,"column":36},"end":{"line":175,"column":null}}]},"10":{"loc":{"start":{"line":182,"column":24},"end":{"line":182,"column":null}},"type":"binary-expr","locations":[{"start":{"line":182,"column":24},"end":{"line":182,"column":36}},{"start":{"line":182,"column":36},"end":{"line":182,"column":null}}]},"11":{"loc":{"start":{"line":189,"column":11},"end":{"line":189,"column":null}},"type":"binary-expr","locations":[{"start":{"line":189,"column":11},"end":{"line":189,"column":null}}]},"12":{"loc":{"start":{"line":192,"column":34},"end":{"line":192,"column":69}},"type":"binary-expr","locations":[{"start":{"line":192,"column":34},"end":{"line":192,"column":63}},{"start":{"line":192,"column":67},"end":{"line":192,"column":69}}]},"13":{"loc":{"start":{"line":200,"column":11},"end":{"line":200,"column":null}},"type":"binary-expr","locations":[{"start":{"line":200,"column":11},"end":{"line":200,"column":null}}]},"14":{"loc":{"start":{"line":220,"column":21},"end":{"line":220,"column":41}},"type":"binary-expr","locations":[{"start":{"line":220,"column":21},"end":{"line":220,"column":41}}]},"15":{"loc":{"start":{"line":225,"column":23},"end":{"line":225,"column":null}},"type":"cond-expr","locations":[{"start":{"line":225,"column":49},"end":{"line":225,"column":55}},{"start":{"line":225,"column":55},"end":{"line":225,"column":null}}]}},"s":{"0":0,"1":0,"2":0,"3":0,"4":0,"5":0,"6":0,"7":0,"8":0,"9":0,"10":0,"11":0,"12":0,"13":0,"14":0,"15":0,"16":0,"17":0,"18":0,"19":0,"20":0,"21":0,"22":0,"23":0,"24":0,"25":0,"26":0,"27":0,"28":0,"29":0,"30":0,"31":0,"32":0,"33":0,"34":0,"35":0,"36":0,"37":0,"38":0,"39":0,"40":0,"41":0,"42":0,"43":0,"44":0,"45":0},"f":{"0":0,"1":0,"2":0,"3":0,"4":0,"5":0,"6":0,"7":0,"8":0,"9":0,"10":0},"b":{"0":[0,0],"1":[0],"2":[0,0],"3":[0],"4":[0],"5":[0],"6":[0,0],"7":[0],"8":[0,0],"9":[0,0],"10":[0,0],"11":[0],"12":[0,0],"13":[0],"14":[0],"15":[0,0]}}
[...]
ary-expr","locations":[{"start":{"line":57,"column":28},"end":{"line":57,"column":40}},{"start":{"line":57,"column":44},"end":{"line":57,"column":null}}]},"7":{"loc":{"start":{"line":63,"column":16},"end":{"line":63,"column":40}},"type":"binary-expr","locations":[{"start":{"line":63,"column":16},"end":{"line":63,"column":33}},{"start":{"line":63,"column":33},"end":{"line":63,"column":40}}]},"8":{"loc":{"start":{"line":64,"column":19},"end":{"line":64,"column":56}},"type":"binary-expr","locations":[{"start":{"line":64,"column":19},"end":{"line":64,"column":39}},{"start":{"line":64,"column":39},"end":{"line":64,"column":56}}]},"9":{"loc":{"start":{"line":65,"column":18},"end":{"line":65,"column":null}},"type":"binary-expr","locations":[{"start":{"line":65,"column":18},"end":{"line":65,"column":45}},{"start":{"line":65,"column":45},"end":{"line":65,"column":null}}]},"10":{"loc":{"start":{"line":66,"column":25},"end":{"line":66,"column":null}},"type":"binary-expr","locations":[{"start":{"line":66,"column":25},"end":{"line":66,"column":42}},{"start":{"line":66,"column":46},"end":{"line":66,"column":null}}]},"11":{"loc":{"start":{"line":67,"column":26},"end":{"line":67,"column":null}},"type":"binary-expr","locations":[{"start":{"line":67,"column":26},"end":{"line":67,"column":44}},{"start":{"line":67,"column":48},"end":{"line":67,"column":null}}]},"12":{"loc":{"start":{"line":68,"column":18},"end":{"line":68,"column":null}},"type":"binary-expr","locations":[{"start":{"line":68,"column":18},"end":{"line":68,"column":37}},{"start":{"line":68,"column":37},"end":{"line":68,"column":null}}]},"13":{"loc":{"start":{"line":69,"column":25},"end":{"line":69,"column":null}},"type":"binary-expr","locations":[{"start":{"line":69,"column":25},"end":{"line":69,"column":52}},{"start":{"line":69,"column":52},"end":{"line":69,"column":null}}]},"14":{"loc":{"start":{"line":72,"column":10},"end":{"line":72,"column":null}},"type":"if","locations":[{"start":{"line":72,"column":10},"end":{"line":72,"column":null}}]},"15":{"loc":{"start":{"line":80,"column":6},"end":{"line":89,"column":null}},"type":"if","locations":[{"start":{"line":80,"column":6},"end":{"line":89,"column":null}}]},"16":{"loc":{"start":{"line":92,"column":6},"end":{"line":94,"column":null}},"type":"if","locations":[{"start":{"line":92,"column":6},"end":{"line":94,"column":null}}]},"17":{"loc":{"start":{"line":92,"column":24},"end":{"line":92,"column":57}},"type":"binary-expr","locations":[{"start":{"line":92,"column":24},"end":{"line":92,"column":48}},{"start":{"line":92,"column":52},"end":{"line":92,"column":57}}]}},"s":{"0":0,"1":0,"2":0,"3":0,"4":0,"5":0,"6":0,"7":0,"8":0,"9":0,"10":0,"11":0,"12":0,"13":0,"14":0,"15":0,"16":0,"17":0,"18":0,"19":0,"20":0,"21":0,"22":0,"23":0,"24":0,"25":0,"26":0,"27":0,"28":0,"29":0,"30":0,"31":0,"32":0,"33":0,"34":0,"35":0,"36":0},"f":{"0":0,"1":0,"2":0,"3":0,"4":0},"b":{"0":[0,0],"1":[0],"2":[0,0],"3":[0],"4":[0,0],"5":[0],"6":[0,0],"7":[0,0],"8":[0,0],"9":[0,0],"10":[0,0],"11":[0,0],"12":[0,0],"13":[0,0],"14":[0],"15":[0],"16":[0],"17":[0,0]}}
,"/Volumes/TOSHIBA EXT/BitPolito/Academy/bitcoin-academy/apps/web/src/lib/middleware/auth-guard.ts": {"path":"/Volumes/TOSHIBA EXT/BitPolito/Academy/bitcoin-academy/apps/web/src/lib/middleware/auth-guard.ts","statementMap":{"0":{"start":{"line":7,"column":22},"end":{"line":7,"column":36}},"1":{"start":{"line":32,"column":13},"end":{"line":32,"column":19}},"2":{"start":{"line":1,"column":29},"end":{"line":1,"column":null}},"3":{"start":{"line":2,"column":25},"end":{"line":2,"column":null}},"4":{"start":{"line":5,"column":21},"end":{"line":5,"column":null}},"5":{"start":{"line":8,"column":23},"end":{"line":8,"column":38}},"6":{"start":{"line":10,"column":19},"end":{"line":11,"column":null}},"7":{"start":{"line":11,"column":14},"end":{"line":11,"column":null}},"8":{"start":{"line":14,"column":2},"end":{"line":16,"column":null}},"9":{"start":{"line":15,"column":4},"end":{"line":15,"column":null}},"10":{"start":{"line":18,"column":16},"end":{"line":21,"column":null}},"11":{"start":{"line":23,"column":2},"end":{"line":27,"column":null}},"12":{"start":{"line":24,"column":21},"end":{"line":24,"column":null}},"13":{"start":{"line":25,"column":4},"end":{"line":25,"column":null}},"14":{"start":{"line":26,"column":4},"end":{"line":26,"column":null}},"15":{"start":{"line":29,"column":2},"end":{"line":29,"column":null}},"16":{"start":{"line":32,"column":22},"end":{"line":34,"column":null}}},"fnMap":{"0":{"name":"authMiddleware","decl":{"start":{"line":7,"column":22},"end":{"line":7,"column":36}},"loc":{"start":{"line":7,"column":57},"end":{"line":30,"column":null}}},"1":{"name":"(anonymous_4)","decl":{"start":{"line":11,"column":4},"end":{"line":11,"column":5}},"loc":{"start":{"line":11,"column":14},"end":{"line":11,"column":null}}}},"branchMap":{"0":{"loc":{"start":{"line":11,"column":14},"end":{"line":11,"column":null}},"type":"binary-expr","locations":[{"start":{"line":11,"column":14},"end":{"line":11,"column":35}},{"start":{"line":11,"column":35},"end":{"line":11,"column":null}}]},"1":{"loc":{"start":{"line":14,"column":2},"end":{"line":16,"column":null}},"type":"if","locations":[{"start":{"line":14,"column":2},"end":{"line":16,"column":null}}]},"2":{"loc":{"start":{"line":14,"column":6},"end":{"line":14,"column":84}},"type":"binary-expr","locations":[{"start":{"line":14,"column":6},"end":{"line":14,"column":18}},{"start":{"line":14,"column":18},"end":{"line":14,"column":51}},{"start":{"line":14,"column":51},"end":{"line":14,"column":84}}]},"3":{"loc":{"start":{"line":23,"column":2},"end":{"line":27,"column":null}},"type":"if","locations":[{"start":{"line":23,"column":2},"end":{"line":27,"column":null}}]}},"s":{"0":0,"1":0,"2":0,"3":0,"4":0,"5":0,"6":0,"7":0,"8":0,"9":0,"10":0,"11":0,"12":0,"13":0,"14":0,"15":0,"16":0},"f":{"0":0,"1":0},"b":{"0":[0,0],"1":[0],"2":[0,0,0],"3":[0]}}
,"/Volumes/TOSHIBA EXT/BitPolito/Academy/bitcoin-academy/apps/web/src/lib/services/chat.ts": {"path":"/Volumes/TOSHIBA EXT/BitPolito/Academy/bitcoin-academy/apps/web/src/lib/services/chat.ts","statementMap":{"0":{"start":{"line":14,"column":22},"end":{"line":14,"column":null}},"1":{"start":{"line":1,"column":25},"end":{"line":1,"column":null}},"2":{"start":{"line":19,"column":14},"end":{"line":23,"column":null}},"3":{"start":{"line":24,"column":2},"end":{"line":28,"column":null}}},"fnMap":{"0":{"name":"sendChatMessage","decl":{"start":{"line":14,"column":22},"end":{"line":14,"column":null}},"loc":{"start":{"line":17,"column":22},"end":{"line":29,"column":null}}}},"branchMap":{"0":{"loc":{"start":{"line":26,"column":15},"end":{"line":26,"column":50}},"type":"binary-expr","locations":[{"start":{"line":26,"column":15},"end":{"line":26,"column":29}},{"start":{"line":26,"column":48},"end":{"line":26,"column":50}}]}},"s":{"0":0,"1":0,"2":0,"3":0},"f":{"0":0},"b":{"0":[0,0]}}
,"/Volumes/TOSHIBA EXT/BitPolito/Academy/bitcoin-academy/apps/web/src/lib/services/courses.ts": {"path":"/Volumes/TOSHIBA EXT/BitPolito/Academy/bitcoin-academy/apps/web/src/lib/services/courses.ts","statementMap":{"0":{"start":{"line":5,"column":13},"end":{"line":5,"column":30}},"1":{"start":{"line":41,"column":22},"end":{"line":41,"column":34}},"2":{"start":{"line":29,"column":22},"end":{"line":29,"column":31}},"3":{"start":{"line":33,"column":22},"end":{"line":33,"column":38}},"4":{"start":{"line":23,"column":22},"end":{"line":23,"column":32}},"5":{"start":{"line":37,"column":22},"end":{"line":37,"column":31}},"6":{"start":{"line":1,"column":25},"end":{"line":1,"column":null}},"7":{"start":{"line":5,"column":33},"end":{"line":5,"column":null}},"8":{"start":{"line":24,"column":2},"end":{"line":26,"column":null}},"9":{"start":{"line":30,"column":2},"end":{"line":30,"column":null}},"10":{"start":{"line":34,"column":2},"end":{"line":34,"column":null}},"11":{"start":{"line":38,"column":2},"end":{"line":38,"column":null}},"12":{"start":{"line":42,"column":2},"end":{"line":45,"column":null}}},"fnMap":{"0":{"name":"getCourses","decl":{"start":{"line":23,"column":22},"end":{"line":23,"column":32}},"loc":{"start":{"line":23,"column":76},"end":{"line":27,"column":null}}},"1":{"name":"getCourse","decl":{"start":{"line":29,"column":22},"end":{"line":29,"column":31}},"loc":{"start":{"line":29,"column":70},"end":{"line":31,"column":null}}},"2":{"name":"getCourseLessons","decl":{"start":{"line":33,"column":22},"end":{"line":33,"column":38}},"loc":{"start":{"line":33,"column":77},"end":{"line":35,"column":null}}},"3":{"name":"getLesson","decl":{"start":{"line":37,"column":22},"end":{"line":37,"column":31}},"loc":{"start":{"line":37,"column":70},"end":{"line":39,"column":null}}},"4":{"name":"createCourse","decl":{"start":{"line":41,"column":22},"end":{"line":41,"column":34}},"loc":{"start":{"line":41,"column":70},"end":{"line":46,"column":null}}}},"branchMap":{"0":{"loc":{"start":{"line":23,"column":33},"end":{"line":23,"column":41}},"type":"default-arg","locations":[{"start":{"line":23,"column":40},"end":{"line":23,"column":41}}]},"1":{"loc":{"start":{"line":23,"column":43},"end":{"line":23,"column":54}},"type":"default-arg","locations":[{"start":{"line":23,"column":51},"end":{"line":23,"column":54}}]}},"s":{"0":0,"1":0,"2":0,"3":0,"4":0,"5":0,"6":0,"7":0,"8":0,"9":0,"10":0,"11":0,"12":0},"f":{"0":0,"1":0,"2":0,"3":0,"4":0},"b":{"0":[0],"1":[0]}}
,"/Volumes/TOSHIBA EXT/BitPolito/Academy/bitcoin-academy/apps/web/src/lib/services/debug.ts": {"path":"/Volumes/TOSHIBA EXT/BitPolito/Academy/bitcoin-academy/apps/web/src/lib/services/debug.ts","statementMap":{"0":{"start":{"line":16,"column":22},"end":{"line":16,"column":39}},"1":{"start":{"line":50,"column":22},"end":{"line":50,"column":37}},"2":{"start":{"line":25,"column":22},"end":{"line":25,"column":37}},"3":{"start":{"line":12,"column":22},"end":{"line":12,"column":39}},"4":{"start":{"line":32,"column":22},"end":{"line":32,"column":35}},"5":{"start":{"line":1,"column":25},"end":{"line":1,"column":null}},"6":{"start":{"line":13,"column":2},"end":{"line":13,"column":null}},"7":{"start":{"line":20,"column":2},"end":{"line":22,"column":null}},"8":{"start":{"line":29,"column":2},"end":{"line":29,"column":null}},"9":{"start":{"line":43,"column":17},"end":{"line":43,"column":null}},"10":{"start":{"line":44,"column":2},"end":{"line":47,"column":null}},"11":{"start":{"line":56,"column":17},"end":{"line":56,"column":null}},"12":{"start":{"line":57,"column":2},"end":{"line":57,"column":null}}},"fnMap":{"0":{"name":"getPipelineHealth","decl":{"start":{"line":12,"column":22},"end":{"line":12,"column":39}},"loc":{"start":{"line":12,"column":60},"end":{"line":14,"column":null}}},"1":{"name":"getDocumentChunks","decl":{"start":{"line":16,"column":22},"end":{"line":16,"column":39}},"loc":{"start":{"line":18,"column":22},"end":{"line":23,"column":null}}},"2":{"name":"getParsedOutput","decl":{"start":{"line":25,"column":22},"end":{"line":25,"column":37}},"loc":{"start":{"line":27,"column":22},"end":{"line":30,"column":null}}},"3":{"name":"testRetrieval","decl":{"start":{"line":32,"column":22},"end":{"line":32,"column":35}},"loc":{"start":{"line":36,"column":22},"end":{"line":48,"column":null}}},"4":{"name":"getEvidencePack","decl":{"start":{"line":50,"column":22},"end":{"line":50,"column":37}},"loc":{"start":{"line":54,"column":22},"end":{"line":58,"column":null}}}},"branchMap":{"0":{"loc":{"start":{"line":35,"column":2},"end":{"line":35,"column":10}},"type":"default-arg","locations":[{"start":{"line":35,"column":9},"end":{"line":35,"column":10}}]},"1":{"loc":{"start":{"line":53,"column":2},"end":{"line":53,"column":20}},"type":"default-arg","locations":[{"start":{"line":53,"column":11},"end":{"line":53,"column":20}}]}},"s":{"0":0,"1":0,"2":0,"3":0,"4":0,"5":0,"6":0,"7":0,"8":0,"9":0,"10":0,"11":0,"12":0},"f":{"0":0,"1":0,"2":0,"3":0,"4":0},"b":{"0":[0],"1":[0]}}
,"/Volumes/TOSHIBA EXT/BitPolito/Academy/bitcoin-academy/apps/web/src/lib/services/documents.ts": {"path":"/Volumes/TOSHIBA EXT/BitPolito/Academy/bitcoin-academy/apps/web/src/lib/services/documents.ts","statementMap":{"0":{"start":{"line":54,"column":22},"end":{"line":54,"column":36}},"1":{"start":{"line":45,"column":22},"end":{"line":45,"column":39}},"2":{"start":{"line":21,"column":22},"end":{"line":21,"column":34}},"3":{"start":{"line":68,"column":22},"end":{"line":68,"column":40}},"4":{"start":{"line":30,"column":22},"end":{"line":30,"column":36}},"5":{"start":{"line":1,"column":35},"end":{"line":1,"column":null}},"6":{"start":{"line":25,"column":2},"end":{"line":27,"column":null}},"7":{"start":{"line":35,"column":19},"end":{"line":35,"column":null}},"8":{"start":{"line":36,"column":2},"end":{"line":36,"column":null}},"9":{"start":{"line":38,"column":2},"end":{"line":42,"column":null}},"10":{"start":{"line":49,"column":2},"end":{"line":51,"column":null}},"11":{"start":{"line":58,"column":2},"end":{"line":61,"column":null}},"12":{"start":{"line":74,"column":2},"end":{"line":88,"column":null}},"13":{"start":{"line":74,"column":15},"end":{"line":74,"column":18}},"14":{"start":{"line":75,"column":4},"end":{"line":86,"column":null}},"15":{"start":{"line":76,"column":21},"end":{"line":76,"column":null}},"16":{"start":{"line":77,"column":6},"end":{"line":79,"column":null}},"17":{"start":{"line":78,"column":8},"end":{"line":78,"column":null}},"18":{"start":{"line":81,"column":6},"end":{"line":85,"column":null}},"19":{"start":{"line":84,"column":8},"end":{"line":84,"column":null}},"20":{"start":{"line":87,"column":4},"end":{"line":87,"column":null}},"21":{"start":{"line":87,"column":35},"end":{"line":87,"column":null}},"22":{"start":{"line":89,"column":2},"end":{"line":89,"column":null}}},"fnMap":{"0":{"name":"getDocuments","decl":{"start":{"line":21,"column":22},"end":{"line":21,"column":34}},"loc":{"start":{"line":23,"column":22},"end":{"line":28,"column":null}}},"1":{"name":"uploadDocument","decl":{"start":{"line":30,"column":22},"end":{"line":30,"column":36}},"loc":{"start":{"line":33,"column":22},"end":{"line":43,"column":null}}},"2":{"name":"getDocumentStatus","decl":{"start":{"line":45,"column":22},"end":{"line":45,"column":39}},"loc":{"start":{"line":47,"column":22},"end":{"line":52,"column":null}}},"3":{"name":"deleteDocument","decl":{"start":{"line":54,"column":22},"end":{"line":54,"column":36}},"loc":{"start":{"line":56,"column":22},"end":{"line":62,"column":null}}},"4":{"name":"pollDocumentStatus","decl":{"start":{"line":68,"column":22},"end":{"line":68,"column":40}},"loc":{"start":{"line":72,"column":18},"end":{"line":90,"column":null}}},"5":{"name":"(anonymous_11)","decl":{"start":{"line":87,"column":22},"end":{"line":87,"column":23}},"loc":{"start":{"line":87,"column":35},"end":{"line":87,"column":null}}}},"branchMap":{"0":{"loc":{"start":{"line":71,"column":2},"end":{"line":71,"column":19}},"type":"default-arg","locations":[{"start":{"line":71,"column":15},"end":{"line":71,"column":19}}]},"1":{"loc":{"start":{"line":72,"column":2},"end":{"line":72,"column":18}},"type":"default-arg","locations":[{"start":{"line":72,"column":16},"end":{"line":72,"column":18}}]},"2":{"loc":{"start":{"line":77,"column":6},"end":{"line":79,"column":null}},"type":"if","locations":[{"start":{"line":77,"column":6},"end":{"line":79,"column":null}}]},"3":{"loc":{"start":{"line":77,"column":10},"end":{"line":77,"column":66}},"type":"binary-expr","locations":[{"start":{"line":77,"column":10},"end":{"line":77,"column":39}},{"start":{"line":77,"column":39},"end":{"line":77,"column":66}}]},"4":{"loc":{"start":{"line":81,"column":6},"end":{"line":85,"column":null}},"type":"if","locations":[{"start":{"line":81,"column":6},"end":{"line":85,"column":null}},{"start":{"line":83,"column":13},"end":{"line":85,"column":null}}]},"5":{"loc":{"start":{"line":81,"column":10},"end":{"line":81,"column":56}},"type":"binary-expr","locations":[{"start":{"line":81,"column":10},"end":{"line":81,"column":33}},{"start":{"line":81,"column":37},"end":{"line":81,"column":56}}]}},"s":{"0":0,"1":0,"2":0,"3":0,"4":0,"5":0,"6":0,"7":0,"8":0,"9":0,"10":0,"11":0,"12":0,"13":0,"14":0,"15":0,"16":0,"17":0,"18":0,"19":0,"20":0,"21":0,"22":0},"f":{"0":0,"1":0,"2":0,"3":0,"4":0,"5":0},"b":{"0":[0],"1":[0],"2":[0],"3":[0,0],"4":[0,0],"5":[0,0]}}
,"/Volumes/TOSHIBA EXT/BitPolito/Academy/bitcoin-academy/apps/web/src/lib/services/progress.ts": {"path":"/Volumes/TOSHIBA EXT/BitPolito/Academy/bitcoin-academy/apps/web/src/lib/services/progress.ts","statementMap":{"0":{"start":{"line":60,"column":22},"end":{"line":60,"column":39}},"1":{"start":{"line":94,"column":22},"end":{"line":94,"column":35}},"2":{"start":{"line":68,"column":22},"end":{"line":68,"column":40}},"3":{"start":{"line":1,"column":25},"end":{"line":1,"column":null}},"4":{"start":{"line":39,"column":2},"end":{"line":47,"column":null}},"5":{"start":{"line":51,"column":2},"end":{"line":57,"column":null}},"6":{"start":{"line":64,"column":14},"end":{"line":64,"column":null}},"7":{"start":{"line":65,"column":2},"end":{"line":65,"column":null}},"8":{"start":{"line":73,"column":14},"end":{"line":77,"column":null}},"9":{"start":{"line":79,"column":13},"end":{"line":79,"column":32}},"10":{"start":{"line":80,"column":13},"end":{"line":80,"column":32}},"11":{"start":{"line":81,"column":13},"end":{"line":81,"column":64}},"12":{"start":{"line":83,"column":2},"end":{"line":91,"column":null}},"13":{"start":{"line":95,"column":14},"end":{"line":95,"column":null}},"14":{"start":{"line":96,"column":2},"end":{"line":101,"column":null}},"15":{"start":{"line":96,"column":28},"end":{"line":101,"column":null}}},"fnMap":{"0":{"name":"mapProgress","decl":{"start":{"line":38,"column":9},"end":{"line":38,"column":21}},"loc":{"start":{"line":38,"column":49},"end":{"line":48,"column":null}}},"1":{"name":"mapBadge","decl":{"start":{"line":50,"column":9},"end":{"line":50,"column":18}},"loc":{"start":{"line":50,"column":46},"end":{"line":58,"column":null}}},"2":{"name":"getCourseProgress","decl":{"start":{"line":60,"column":22},"end":{"line":60,"column":39}},"loc":{"start":{"line":62,"column":22},"end":{"line":66,"column":null}}},"3":{"name":"markLessonComplete","decl":{"start":{"line":68,"column":22},"end":{"line":68,"column":40}},"loc":{"start":{"line":71,"column":22},"end":{"line":92,"column":null}}},"4":{"name":"getUserBadges","decl":{"start":{"line":94,"column":22},"end":{"line":94,"column":35}},"loc":{"start":{"line":94,"column":56},"end":{"line":102,"column":null}}},"5":{"name":"(anonymous_9)","decl":{"start":{"line":96,"column":17},"end":{"line":96,"column":18}},"loc":{"start":{"line":96,"column":28},"end":{"line":101,"column":null}}}},"branchMap":{"0":{"loc":{"start":{"line":46,"column":24},"end":{"line":46,"column":68}},"type":"binary-expr","locations":[{"start":{"line":46,"column":24},"end":{"line":46,"column":49}},{"start":{"line":46,"column":66},"end":{"line":46,"column":68}}]},"1":{"loc":{"start":{"line":81,"column":13},"end":{"line":81,"column":64}},"type":"binary-expr","locations":[{"start":{"line":81,"column":13},"end":{"line":81,"column":28}},{"start":{"line":81,"column":62},"end":{"line":81,"column":64}}]}},"s":{"0":0,"1":0,"2":0,"3":0,"4":0,"5":0,"6":0,"7":0,"8":0,"9":0,"10":0,"11":0,"12":0,"13":0,"14":0,"15":0},"f":{"0":0,"1":0,"2":0,"3":0,"4":0,"5":0},"b":{"0":[0,0],"1":[0,0]}}
,"/Volumes/TOSHIBA EXT/BitPolito/Academy/bitcoin-academy/apps/web/src/lib/services/study.ts": {"path":"/Volumes/TOSHIBA EXT/BitPolito/Academy/bitcoin-academy/apps/web/src/lib/services/study.ts","statementMap":{"0":{"start":{"line":6,"column":22},"end":{"line":6,"column":null}},"1":{"start":{"line":1,"column":25},"end":{"line":1,"column":null}},"2":{"start":{"line":12,"column":32},"end":{"line":12,"column":null}},"3":{"start":{"line":13,"column":2},"end":{"line":17,"column":null}}},"fnMap":{"0":{"name":"sendStudyAction","decl":{"start":{"line":6,"column":22},"end":{"line":6,"column":null}},"loc":{"start":{"line":10,"column":22},"end":{"line":18,"column":null}}}},"branchMap":{},"s":{"0":0,"1":2,"2":0,"3":0},"f":{"0":0},"b":{}}
}
