TN:
SF:src/middleware.ts
FNF:0
FNH:0
DA:5,0
LF:1
LH:0
BRF:0
BRH:0
end_of_record
TN:
SF:src/app/error.tsx
FN:5,GlobalError
FN:12,(anonymous_2)
FNF:2
FNH:0
FNDA:0,GlobalError
FNDA:0,(anonymous_2)
DA:3,0
DA:5,0
DA:12,0
DA:13,0
LF:4
LH:0
BRF:0
BRH:0
end_of_record
TN:
SF:src/app/layout.tsx
FN:16,RootLayout
FNF:1
FNH:0
FNDA:0,RootLayout
DA:2,0
DA:3,0
DA:4,0
DA:6,0
DA:11,0
DA:16,0
LF:6
LH:0
BRF:0
BRH:0
end_of_record
TN:
SF:src/app/page.tsx
FN:7,Home
FN:11,(anonymous_2)
FNF:2
FNH:0
FNDA:0,Home
FNDA:0,(anonymous_2)
DA:3,0
DA:4,0
DA:5,0
DA:7,0
DA:8,0
DA:9,0
DA:11,0
DA:12,0
DA:13,0
DA:14,0
DA:15,0
DA:19,0
DA:29,0
LF:13
LH:0
BRDA:12,0,0,0
BRDA:12,0,1,0
BRDA:14,1,0,0
BRDA:19,2,0,0
BRDA:19,3,0,0
BRDA:19,3,1,0
BRF:6
BRH:0
end_of_record
TN:
SF:src/app/(auth)/layout.tsx
FN:8,AuthLayout
FNF:1
FNH:0
FNDA:0,AuthLayout
DA:2,0
DA:8,0
LF:2
LH:0
BRF:0
BRH:0
end_of_record
TN:
SF:src/app/(auth)/login/page.tsx
FN:23,LoginForm
FN:38,(anonymous_3)
FN:52,(anonymous_4)
FN:118,(anonymous_5)
FN:148,(anonymous_6)
FN:221,LoginPage
FNF:6
FNH:6
FNDA:327,LoginForm
FNDA:15,(anonymous_3)
FNDA:15,(anonymous_4)
FNDA:179,(anonymous_5)
FNDA:106,(anonymous_6)
FNDA:20,LoginPage
DA:3,2
DA:4,2
DA:5,2
DA:6,2
DA:15,2
DA:17,2
DA:18,2
DA:21,2
DA:24,327
DA:25,327
DA:26,327
DA:27,327
DA:28,327
DA:30,327
DA:31,325
DA:32,325
DA:33,325
DA:36,325
DA:38,325
DA:39,15
DA:40,15
DA:41,3
DA:42,12
DA:43,2
DA:45,15
DA:46,6
DA:48,15
DA:49,15
DA:52,325
DA:53,15
DA:54,15
DA:55,15
DA:56,9
DA:57,9
DA:58,9
DA:64,8
DA:66,2
DA:69,2
DA:70,6
DA:71,6
DA:72,6
DA:75,0
DA:77,8
DA:118,179
DA:148,106
DA:221,2
LF:46
LH:45
BRDA:26,0,0,327
BRDA:26,0,1,262
BRDA:36,1,0,36
BRDA:36,1,1,289
BRDA:40,2,0,3
BRDA:40,2,1,12
BRDA:42,3,0,2
BRDA:45,4,0,6
BRDA:55,5,0,6
BRDA:64,6,0,2
BRDA:64,6,1,6
BRDA:66,7,0,0
BRDA:66,7,1,2
BRDA:70,8,0,6
BRDA:87,9,0,325
BRDA:93,10,0,325
BRDA:99,11,0,325
BRDA:119,12,0,6
BRDA:119,12,1,319
BRDA:121,13,0,6
BRDA:121,13,1,319
BRDA:122,14,0,6
BRDA:122,14,1,319
BRDA:125,15,0,325
BRDA:149,16,0,7
BRDA:149,16,1,318
BRDA:151,17,0,7
BRDA:151,17,1,318
BRDA:152,18,0,7
BRDA:152,18,1,318
BRDA:155,19,0,325
BRDA:168,20,0,9
BRDA:168,20,1,316
BRF:33
BRH:32
end_of_record
TN:
SF:src/app/(auth)/signup/page.tsx
FN:27,SignupPage
FN:37,(anonymous_3)
FN:74,(anonymous_4)
FN:91,(anonymous_5)
FN:154,(anonymous_6)
FN:184,(anonymous_7)
FN:214,(anonymous_8)
FN:251,(anonymous_9)
FNF:8
FNH:7
FNDA:767,SignupPage
FNDA:18,(anonymous_3)
FNDA:18,(anonymous_4)
FNDA:0,(anonymous_5)
FNDA:17,(anonymous_6)
FNDA:281,(anonymous_7)
FNDA:217,(anonymous_8)
FNDA:209,(anonymous_9)
DA:3,2
DA:4,2
DA:5,2
DA:6,2
DA:8,2
DA:19,2
DA:21,2
DA:22,2
DA:25,2
DA:27,2
DA:28,767
DA:30,767
DA:31,765
DA:32,765
DA:33,765
DA:34,765
DA:35,765
DA:37,765
DA:38,18
DA:40,18
DA:41,1
DA:42,17
DA:43,1
DA:46,18
DA:47,0
DA:48,18
DA:49,1
DA:50,17
DA:51,1
DA:52,16
DA:53,1
DA:54,15
DA:55,1
DA:56,14
DA:57,14
DA:60,18
DA:61,1
DA:62,17
DA:63,1
DA:66,18
DA:67,0
DA:70,18
DA:71,18
DA:74,765
DA:75,18
DA:76,18
DA:77,18
DA:78,0
DA:79,0
DA:80,0
DA:86,0
DA:87,0
DA:90,0
DA:91,0
DA:94,0
DA:95,0
DA:96,0
DA:97,0
DA:99,0
DA:101,0
DA:104,0
DA:111,0
DA:112,0
DA:113,0
DA:114,0
DA:115,0
DA:118,0
DA:120,0
DA:154,17
DA:184,281
DA:214,217
DA:251,209
LF:72
LH:49
BRDA:8,0,0,2
BRDA:8,0,1,2
BRDA:40,1,0,1
BRDA:40,1,1,17
BRDA:42,2,0,1
BRDA:46,3,0,0
BRDA:46,3,1,18
BRDA:48,4,0,1
BRDA:48,4,1,17
BRDA:50,5,0,1
BRDA:50,5,1,16
BRDA:52,6,0,1
BRDA:52,6,1,15
BRDA:54,7,0,1
BRDA:54,7,1,14
BRDA:56,8,0,14
BRDA:60,9,0,1
BRDA:60,9,1,17
BRDA:62,10,0,1
BRDA:66,11,0,0
BRDA:66,12,0,18
BRDA:66,12,1,2
BRDA:77,13,0,18
BRDA:83,14,0,0
BRDA:83,14,1,0
BRDA:86,15,0,0
BRDA:90,16,0,0
BRDA:90,16,1,0
BRDA:94,17,0,0
BRDA:94,17,1,0
BRDA:96,18,0,0
BRDA:96,18,1,0
BRDA:96,19,0,0
BRDA:96,19,1,0
BRDA:97,20,0,0
BRDA:97,20,1,0
BRDA:99,21,0,0
BRDA:99,21,1,0
BRDA:111,22,0,0
BRDA:111,22,1,0
BRDA:113,23,0,0
BRDA:130,24,0,765
BRDA:155,25,0,0
BRDA:155,25,1,765
BRDA:157,26,0,0
BRDA:157,26,1,765
BRDA:158,27,0,0
BRDA:158,27,1,765
BRDA:161,28,0,765
BRDA:185,29,0,2
BRDA:185,29,1,763
BRDA:187,30,0,2
BRDA:187,30,1,763
BRDA:188,31,0,2
BRDA:188,31,1,763
BRDA:191,32,0,765
BRDA:215,33,0,18
BRDA:215,33,1,747
BRDA:217,34,0,18
BRDA:217,34,1,747
BRDA:218,35,0,18
BRDA:218,35,1,747
BRDA:222,36,0,18
BRDA:252,37,0,2
BRDA:252,37,1,763
BRDA:254,38,0,2
BRDA:254,38,1,763
BRDA:255,39,0,2
BRDA:255,39,1,763
BRDA:258,40,0,765
BRDA:271,41,0,0
BRDA:271,41,1,765
BRF:72
BRH:48
end_of_record
TN:
SF:src/app/api/auth/[...nextauth]/route.ts
FNF:0
FNH:0
DA:4,0
DA:5,0
DA:7,0
DA:9,0
LF:4
LH:0
BRF:0
BRH:0
end_of_record
TN:
SF:src/app/courses/error.tsx
FN:5,CoursesError
FN:12,(anonymous_2)
FNF:2
FNH:0
FNDA:0,CoursesError
FNDA:0,(anonymous_2)
DA:3,0
DA:5,0
DA:12,0
DA:13,0
LF:4
LH:0
BRF:0
BRH:0
end_of_record
TN:
SF:src/app/courses/layout.tsx
FN:4,CoursesLayout
FNF:1
FNH:0
FNDA:0,CoursesLayout
DA:1,0
DA:2,0
DA:4,0
LF:3
LH:0
BRF:0
BRH:0
end_of_record
TN:
SF:src/app/courses/page.tsx
FN:20,CoursesPage
FN:31,(anonymous_2)
FN:32,onKey
FN:39,(anonymous_4)
FN:42,(anonymous_5)
FN:51,fetchAll
FN:57,(anonymous_7)
FN:64,(anonymous_8)
FN:69,(anonymous_9)
FN:70,(anonymous_10)
FN:72,(anonymous_11)
FN:91,handleCreate
FN:93,(anonymous_13)
FN:103,(anonymous_14)
FN:188,(anonymous_15)
FN:201,(anonymous_16)
FN:207,(anonymous_17)
FN:212,(anonymous_18)
FN:223,(anonymous_19)
FN:229,StatBox
FNF:20
FNH:0
FNDA:0,CoursesPage
FNDA:0,(anonymous_2)
FNDA:0,onKey
FNDA:0,(anonymous_4)
FNDA:0,(anonymous_5)
FNDA:0,fetchAll
FNDA:0,(anonymous_7)
FNDA:0,(anonymous_8)
FNDA:0,(anonymous_9)
FNDA:0,(anonymous_10)
FNDA:0,(anonymous_11)
FNDA:0,handleCreate
FNDA:0,(anonymous_13)
FNDA:0,(anonymous_14)
FNDA:0,(anonymous_15)
FNDA:0,(anonymous_16)
FNDA:0,(anonymous_17)
FNDA:0,(anonymous_18)
FNDA:0,(anonymous_19)
FNDA:0,StatBox
DA:3,0
DA:4,0
DA:5,0
DA:6,0
DA:7,0
DA:8,0
DA:9,0
DA:20,0
DA:21,0
DA:22,0
DA:23,0
DA:24,0
DA:25,0
DA:26,0
DA:27,0
DA:28,0
DA:29,0
DA:31,0
DA:33,0
DA:34,0
DA:35,0
DA:38,0
DA:39,0
DA:42,0
DA:43,0
DA:44,0
DA:45,0
DA:47,0
DA:49,0
DA:52,0
DA:53,0
DA:54,0
DA:56,0
DA:57,0
DA:60,0
DA:61,0
DA:62,0
DA:63,0
DA:64,0
DA:65,0
DA:66,0
DA:67,0
DA:69,0
DA:70,0
DA:72,0
DA:74,0
DA:75,0
DA:76,0
DA:77,0
DA:80,0
DA:81,0
DA:83,0
DA:85,0
DA:88,0
DA:92,0
DA:93,0
DA:94,0
DA:97,0
DA:104,0
DA:188,0
DA:201,0
DA:208,0
DA:212,0
DA:223,0
LF:64
LH:0
BRDA:33,0,0,0
BRDA:33,1,0,0
BRDA:33,1,1,0
BRDA:33,1,2,0
BRDA:43,2,0,0
BRDA:47,3,0,0
BRDA:65,4,0,0
BRDA:70,5,0,0
BRDA:70,5,1,0
BRDA:83,6,0,0
BRDA:83,6,1,0
BRDA:97,7,0,0
BRDA:97,8,0,0
BRDA:97,8,1,0
BRDA:97,8,2,0
BRDA:136,9,0,0
BRDA:136,9,1,0
BRDA:182,10,0,0
BRDA:195,11,0,0
BRDA:208,12,0,0
BRDA:208,12,1,0
BRDA:222,13,0,0
BRDA:233,14,0,0
BRDA:233,14,1,0
BRDA:234,15,0,0
BRDA:234,15,1,0
BRF:26
BRH:0
end_of_record
TN:
SF:src/app/courses/[courseId]/layout.tsx
FN:1,CourseLayout
FNF:1
FNH:0
FNDA:0,CourseLayout
DA:1,0
LF:1
LH:0
BRF:0
BRH:0
end_of_record
TN:
SF:src/app/courses/[courseId]/page.tsx
FN:22,formatSize
FN:37,Lifecycle
FN:42,(anonymous_3)
FN:73,CourseWorkspacePage
FN:89,(anonymous_5)
FN:89,(anonymous_6)
FN:91,(anonymous_7)
FN:92,load
FN:105,(anonymous_9)
FN:106,loadDocs
FN:147,(anonymous_11)
FN:157,(anonymous_12)
FN:159,(anonymous_13)
FN:161,(anonymous_14)
FN:163,(anonymous_15)
FN:171,(anonymous_16)
FN:201,(anonymous_17)
FN:208,(anonymous_18)
FN:239,(anonymous_19)
FN:242,(anonymous_20)
FN:268,(anonymous_21)
FN:277,(anonymous_22)
FN:282,(anonymous_23)
FN:283,(anonymous_24)
FN:337,(anonymous_25)
FN:346,(anonymous_26)
FN:354,(anonymous_27)
FN:381,Stat2
FN:391,DocRow
FN:435,(anonymous_30)
FNF:30
FNH:0
FNDA:0,formatSize
FNDA:0,Lifecycle
FNDA:0,(anonymous_3)
FNDA:0,CourseWorkspacePage
FNDA:0,(anonymous_5)
FNDA:0,(anonymous_6)
FNDA:0,(anonymous_7)
FNDA:0,load
FNDA:0,(anonymous_9)
FNDA:0,loadDocs
FNDA:0,(anonymous_11)
FNDA:0,(anonymous_12)
FNDA:0,(anonymous_13)
FNDA:0,(anonymous_14)
FNDA:0,(anonymous_15)
FNDA:0,(anonymous_16)
FNDA:0,(anonymous_17)
FNDA:0,(anonymous_18)
FNDA:0,(anonymous_19)
FNDA:0,(anonymous_20)
FNDA:0,(anonymous_21)
FNDA:0,(anonymous_22)
FNDA:0,(anonymous_23)
FNDA:0,(anonymous_24)
FNDA:0,(anonymous_25)
FNDA:0,(anonymous_26)
FNDA:0,(anonymous_27)
FNDA:0,Stat2
FNDA:0,DocRow
FNDA:0,(anonymous_30)
DA:3,0
DA:4,0
DA:5,0
DA:6,0
DA:7,0
DA:8,0
DA:9,0
DA:11,0
DA:15,0
DA:23,0
DA:24,0
DA:25,0
DA:28,0
DA:35,0
DA:38,0
DA:39,0
DA:43,0
DA:44,0
DA:45,0
DA:73,0
DA:74,0
DA:75,0
DA:76,0
DA:77,0
DA:78,0
DA:80,0
DA:81,0
DA:82,0
DA:83,0
DA:84,0
DA:85,0
DA:86,0
DA:87,0
DA:89,0
DA:91,0
DA:93,0
DA:94,0
DA:95,0
DA:97,0
DA:99,0
DA:102,0
DA:105,0
DA:107,0
DA:108,0
DA:109,0
DA:110,0
DA:111,0
DA:113,0
DA:115,0
DA:118,0
DA:121,0
DA:138,0
DA:147,0
DA:157,0
DA:158,0
DA:159,0
DA:161,0
DA:163,0
DA:164,0
DA:165,0
DA:166,0
DA:167,0
DA:168,0
DA:171,0
DA:202,0
DA:208,0
DA:240,0
DA:242,0
DA:269,0
DA:278,0
DA:282,0
DA:283,0
DA:338,0
DA:347,0
DA:354,0
DA:382,0
DA:402,0
DA:403,0
DA:436,0
DA:437,0
LF:80
LH:0
BRDA:23,0,0,0
BRDA:24,1,0,0
BRDA:39,2,0,0
BRDA:39,2,1,0
BRDA:43,3,0,0
BRDA:43,3,1,0
BRDA:44,4,0,0
BRDA:44,4,1,0
BRDA:49,5,0,0
BRDA:49,5,1,0
BRDA:51,6,0,0
BRDA:51,6,1,0
BRDA:58,7,0,0
BRDA:64,8,0,0
BRDA:97,9,0,0
BRDA:97,9,1,0
BRDA:102,10,0,0
BRDA:111,11,0,0
BRDA:111,12,0,0
BRDA:111,12,1,0
BRDA:118,13,0,0
BRDA:121,14,0,0
BRDA:138,15,0,0
BRDA:138,16,0,0
BRDA:138,16,1,0
BRDA:145,17,0,0
BRDA:145,17,1,0
BRDA:159,18,0,0
BRDA:159,18,1,0
BRDA:164,19,0,0
BRDA:165,20,0,0
BRDA:166,21,0,0
BRDA:166,22,0,0
BRDA:166,22,1,0
BRDA:167,23,0,0
BRDA:171,24,0,0
BRDA:171,24,1,0
BRDA:186,25,0,0
BRDA:202,26,0,0
BRDA:202,26,1,0
BRDA:244,27,0,0
BRDA:244,27,1,0
BRDA:266,28,0,0
BRDA:266,28,1,0
BRDA:272,29,0,0
BRDA:272,29,1,0
BRDA:274,30,0,0
BRDA:274,30,1,0
BRDA:294,31,0,0
BRDA:301,32,0,0
BRDA:301,32,1,0
BRDA:312,33,0,0
BRDA:319,34,0,0
BRDA:319,34,1,0
BRDA:382,35,0,0
BRDA:382,35,1,0
BRDA:382,36,0,0
BRDA:382,36,1,0
BRDA:402,37,0,0
BRDA:402,37,1,0
BRDA:403,38,0,0
BRDA:403,38,1,0
BRDA:409,39,0,0
BRDA:409,39,1,0
BRDA:417,40,0,0
BRDA:417,40,1,0
BRDA:427,41,0,0
BRDA:427,41,1,0
BRF:68
BRH:0
end_of_record
TN:
SF:src/app/courses/[courseId]/debug/page.tsx
FN:14,DebugPage
FN:30,(anonymous_2)
FN:39,(anonymous_3)
FN:43,handleTestRetrieval
FN:56,handleGetEvidence
FN:73,(anonymous_6)
FN:124,(anonymous_7)
FN:156,(anonymous_8)
FN:162,(anonymous_9)
FN:165,(anonymous_10)
FN:207,(anonymous_11)
FNF:11
FNH:0
FNDA:0,DebugPage
FNDA:0,(anonymous_2)
FNDA:0,(anonymous_3)
FNDA:0,handleTestRetrieval
FNDA:0,handleGetEvidence
FNDA:0,(anonymous_6)
FNDA:0,(anonymous_7)
FNDA:0,(anonymous_8)
FNDA:0,(anonymous_9)
FNDA:0,(anonymous_10)
FNDA:0,(anonymous_11)
DA:3,0
DA:4,0
DA:5,0
DA:11,0
DA:14,0
DA:15,0
DA:16,0
DA:17,0
DA:18,0
DA:19,0
DA:21,0
DA:22,0
DA:24,0
DA:25,0
DA:26,0
DA:27,0
DA:28,0
DA:30,0
DA:31,0
DA:32,0
DA:33,0
DA:35,0
DA:39,0
DA:40,0
DA:44,0
DA:45,0
DA:46,0
DA:47,0
DA:48,0
DA:50,0
DA:52,0
DA:57,0
DA:58,0
DA:59,0
DA:60,0
DA:61,0
DA:63,0
DA:65,0
DA:73,0
DA:125,0
DA:156,0
DA:162,0
DA:166,0
DA:208,0
LF:44
LH:0
BRDA:35,0,0,0
BRDA:35,0,1,0
BRDA:44,1,0,0
BRDA:50,2,0,0
BRDA:50,2,1,0
BRDA:57,3,0,0
BRDA:109,4,0,0
BRDA:110,5,0,0
BRDA:114,6,0,0
BRDA:114,6,1,0
BRDA:129,7,0,0
BRDA:140,8,0,0
BRDA:140,8,1,0
BRDA:175,9,0,0
BRDA:175,9,1,0
BRDA:182,10,0,0
BRDA:182,10,1,0
BRDA:189,11,0,0
BRDA:192,12,0,0
BRDA:192,12,1,0
BRDA:200,13,0,0
BRDA:220,14,0,0
BRDA:225,15,0,0
BRDA:225,15,1,0
BRF:24
BRH:0
end_of_record
TN:
SF:src/app/courses/[courseId]/documents/[documentId]/preview/page.tsx
FN:12,uniqueSections
FN:14,(anonymous_3)
FN:18,(anonymous_4)
FN:23,Spinner
FN:33,OutlinePane
FN:42,(anonymous_7)
FN:58,(anonymous_8)
FN:63,(anonymous_9)
FN:84,ViewerPane
FN:96,(anonymous_11)
FN:121,(anonymous_12)
FN:128,(anonymous_13)
FN:163,ChunkBrowser
FN:191,(anonymous_15)
FN:196,(anonymous_16)
FN:247,PreviewContent
FN:264,(anonymous_18)
FN:278,(anonymous_19)
FN:283,(anonymous_20)
FN:304,(anonymous_21)
FN:323,(anonymous_22)
FN:356,(anonymous_23)
FN:356,(anonymous_24)
FN:367,(anonymous_25)
FN:367,(anonymous_26)
FN:409,DocumentPreviewPage
FNF:26
FNH:0
FNDA:0,uniqueSections
FNDA:0,(anonymous_3)
FNDA:0,(anonymous_4)
FNDA:0,Spinner
FNDA:0,OutlinePane
FNDA:0,(anonymous_7)
FNDA:0,(anonymous_8)
FNDA:0,(anonymous_9)
FNDA:0,ViewerPane
FNDA:0,(anonymous_11)
FNDA:0,(anonymous_12)
FNDA:0,(anonymous_13)
FNDA:0,ChunkBrowser
FNDA:0,(anonymous_15)
FNDA:0,(anonymous_16)
FNDA:0,PreviewContent
FNDA:0,(anonymous_18)
FNDA:0,(anonymous_19)
FNDA:0,(anonymous_20)
FNDA:0,(anonymous_21)
FNDA:0,(anonymous_22)
FNDA:0,(anonymous_23)
FNDA:0,(anonymous_24)
FNDA:0,(anonymous_25)
FNDA:0,(anonymous_26)
FNDA:0,DocumentPreviewPage
DA:3,0
DA:4,0
DA:5,0
DA:6,0
DA:7,0
DA:13,0
DA:14,0
DA:15,0
DA:16,0
DA:18,0
DA:42,0
DA:59,0
DA:60,0
DA:63,0
DA:93,0
DA:94,0
DA:96,0
DA:97,0
DA:100,0
DA:122,0
DA:123,0
DA:129,0
DA:174,0
DA:175,0
DA:176,0
DA:177,0
DA:192,0
DA:193,0
DA:196,0
DA:248,0
DA:249,0
DA:250,0
DA:251,0
DA:253,0
DA:254,0
DA:255,0
DA:257,0
DA:259,0
DA:260,0
DA:261,0
DA:262,0
DA:264,0
DA:265,0
DA:266,0
DA:267,0
DA:268,0
DA:269,0
DA:270,0
DA:272,0
DA:274,0
DA:278,0
DA:279,0
DA:283,0
DA:284,0
DA:285,0
DA:286,0
DA:290,0
DA:292,0
DA:304,0
DA:315,0
DA:316,0
DA:323,0
DA:356,0
DA:367,0
DA:409,0
LF:65
LH:0
BRDA:15,0,0,0
BRDA:15,0,1,0
BRDA:16,1,0,0
BRDA:52,2,0,0
BRDA:65,3,0,0
BRDA:65,3,1,0
BRDA:70,4,0,0
BRDA:70,4,1,0
BRDA:100,5,0,0
BRDA:104,6,0,0
BRDA:127,7,0,0
BRDA:127,7,1,0
BRDA:134,8,0,0
BRDA:134,8,1,0
BRDA:142,9,0,0
BRDA:142,9,1,0
BRDA:145,10,0,0
BRDA:145,10,1,0
BRDA:147,11,0,0
BRDA:175,12,0,0
BRDA:175,12,1,0
BRDA:175,12,2,0
BRDA:186,13,0,0
BRDA:198,14,0,0
BRDA:198,14,1,0
BRDA:204,15,0,0
BRDA:204,15,1,0
BRDA:206,16,0,0
BRDA:206,16,1,0
BRDA:208,17,0,0
BRDA:208,17,1,0
BRDA:218,18,0,0
BRDA:257,19,0,0
BRDA:257,19,1,0
BRDA:265,20,0,0
BRDA:272,21,0,0
BRDA:272,21,1,0
BRDA:284,22,0,0
BRDA:290,23,0,0
BRDA:292,24,0,0
BRDA:292,25,0,0
BRDA:292,25,1,0
BRDA:297,26,0,0
BRDA:297,26,1,0
BRDA:315,27,0,0
BRDA:315,27,1,0
BRDA:344,28,0,0
BRDA:344,28,1,0
BRDA:346,29,0,0
BRDA:346,29,1,0
BRDA:347,30,0,0
BRDA:347,30,1,0
BRDA:347,31,0,0
BRDA:347,31,1,0
BRDA:348,32,0,0
BRDA:348,32,1,0
BRDA:353,33,0,0
BRF:57
BRH:0
end_of_record
TN:
SF:src/app/courses/[courseId]/study/page.tsx
FN:21,StudyPage
FN:44,(anonymous_2)
FN:47,(anonymous_3)
FN:53,(anonymous_4)
FN:57,(anonymous_5)
FN:58,load
FN:68,(anonymous_7)
FN:76,loadProgress
FN:96,(anonymous_9)
FN:101,(anonymous_10)
FN:105,(anonymous_11)
FN:152,(anonymous_12)
FNF:12
FNH:1
FNDA:69,StudyPage
FNDA:0,(anonymous_2)
FNDA:0,(anonymous_3)
FNDA:0,(anonymous_4)
FNDA:0,(anonymous_5)
FNDA:0,load
FNDA:0,(anonymous_7)
FNDA:0,loadProgress
FNDA:0,(anonymous_9)
FNDA:0,(anonymous_10)
FNDA:0,(anonymous_11)
FNDA:0,(anonymous_12)
DA:3,1
DA:4,1
DA:5,1
DA:7,1
DA:8,1
DA:14,1
DA:15,1
DA:16,1
DA:17,1
DA:18,1
DA:19,1
DA:21,1
DA:22,69
DA:23,69
DA:24,0
DA:25,0
DA:26,0
DA:28,0
DA:29,0
DA:31,0
DA:32,0
DA:33,0
DA:34,0
DA:35,0
DA:36,0
DA:37,0
DA:38,0
DA:39,0
DA:44,0
DA:45,0
DA:46,0
DA:47,0
DA:51,0
DA:53,0
DA:54,0
DA:57,0
DA:59,0
DA:60,0
DA:65,0
DA:66,0
DA:67,0
DA:68,0
DA:72,0
DA:77,0
DA:78,0
DA:79,0
DA:80,0
DA:81,0
DA:82,0
DA:89,0
DA:90,0
DA:91,0
DA:95,0
DA:97,0
DA:98,0
DA:99,0
DA:100,0
DA:101,0
DA:102,0
DA:103,0
DA:104,0
DA:105,0
DA:114,0
DA:153,0
LF:64
LH:14
BRDA:28,0,0,0
BRDA:28,0,1,0
BRDA:29,1,0,0
BRDA:29,1,1,0
BRDA:45,2,0,0
BRDA:51,3,0,0
BRDA:51,3,1,0
BRDA:67,4,0,0
BRDA:77,5,0,0
BRDA:81,6,0,0
BRDA:89,7,0,0
BRDA:97,8,0,0
BRDA:103,9,0,0
BRDA:114,10,0,0
BRDA:128,11,0,0
BRDA:146,12,0,0
BRDA:149,13,0,0
BRDA:149,13,1,0
BRF:18
BRH:0
end_of_record
TN:
SF:src/app/dashboard/error.tsx
FN:5,DashboardError
FN:12,(anonymous_2)
FNF:2
FNH:0
FNDA:0,DashboardError
FNDA:0,(anonymous_2)
DA:3,0
DA:5,0
DA:12,0
DA:13,0
LF:4
LH:0
BRF:0
BRH:0
end_of_record
TN:
SF:src/app/dashboard/page.tsx
FN:9,DashboardPage
FN:15,(anonymous_3)
FN:18,fetchCourses
FN:48,(anonymous_5)
FNF:4
FNH:0
FNDA:0,DashboardPage
FNDA:0,(anonymous_3)
FNDA:0,fetchCourses
FNDA:0,(anonymous_5)
DA:3,0
DA:4,0
DA:5,0
DA:6,0
DA:7,0
DA:9,0
DA:10,0
DA:11,0
DA:12,0
DA:13,0
DA:15,0
DA:16,0
DA:19,0
DA:20,0
DA:21,0
DA:25,0
DA:29,0
DA:32,0
DA:43,0
DA:44,0
DA:45,0
DA:48,0
DA:49,0
LF:23
LH:0
BRDA:16,0,0,0
BRDA:32,1,0,0
BRDA:43,2,0,0
BRDA:72,3,0,0
BRDA:72,3,1,0
BRDA:87,4,0,0
BRDA:87,4,1,0
BRDA:93,5,0,0
BRDA:93,5,1,0
BRDA:106,6,0,0
BRDA:106,6,1,0
BRF:11
BRH:0
end_of_record
TN:
SF:src/components/courses/CourseCard.tsx
FN:18,Mini
FN:29,CourseCard
FNF:2
FNH:0
FNDA:0,Mini
FNDA:0,CourseCard
DA:3,0
DA:29,0
DA:30,0
DA:31,0
DA:33,0
LF:5
LH:0
BRDA:21,0,0,0
BRDA:21,0,1,0
BRDA:29,1,0,0
BRDA:30,2,0,0
BRDA:30,2,1,0
BRDA:31,3,0,0
BRDA:31,3,1,0
BRDA:33,4,0,0
BRDA:33,4,1,0
BRDA:35,5,0,0
BRDA:35,5,1,0
BRDA:37,6,0,0
BRDA:37,6,1,0
BRDA:49,7,0,0
BRDA:49,7,1,0
BRDA:70,8,0,0
BRDA:77,9,0,0
BRDA:81,10,0,0
BRDA:81,10,1,0
BRF:19
BRH:0
end_of_record
TN:
SF:src/components/courses/CreateCourseModal.tsx
FN:10,CreateCourseModal
FN:17,(anonymous_2)
FN:19,onKey
FN:23,(anonymous_4)
FN:26,handleCreate
FN:49,(anonymous_6)
FN:82,(anonymous_7)
FN:86,(anonymous_8)
FN:102,(anonymous_9)
FNF:9
FNH:0
FNDA:0,CreateCourseModal
FNDA:0,(anonymous_2)
FNDA:0,onKey
FNDA:0,(anonymous_4)
FNDA:0,handleCreate
FNDA:0,(anonymous_6)
FNDA:0,(anonymous_7)
FNDA:0,(anonymous_8)
FNDA:0,(anonymous_9)
DA:3,0
DA:10,0
DA:11,0
DA:12,0
DA:13,0
DA:14,0
DA:15,0
DA:17,0
DA:18,0
DA:20,0
DA:22,0
DA:23,0
DA:27,0
DA:28,0
DA:29,0
DA:31,0
DA:32,0
DA:33,0
DA:34,0
DA:36,0
DA:37,0
DA:49,0
DA:83,0
DA:84,0
DA:87,0
DA:102,0
LF:26
LH:0
BRDA:20,0,0,0
BRDA:27,1,0,0
BRDA:34,2,0,0
BRDA:34,2,1,0
BRDA:36,3,0,0
BRDA:36,3,1,0
BRDA:87,4,0,0
BRDA:87,5,0,0
BRDA:87,5,1,0
BRDA:109,6,0,0
BRDA:122,7,0,0
BRDA:122,7,1,0
BRDA:123,8,0,0
BRDA:123,8,1,0
BRF:14
BRH:0
end_of_record
TN:
SF:src/components/courses/ProcessingIndicator.tsx
FN:52,ProcessingIndicator
FNF:1
FNH:0
FNDA:0,ProcessingIndicator
DA:14,0
DA:41,0
DA:52,0
DA:53,0
DA:54,0
LF:5
LH:0
BRDA:52,0,0,0
BRDA:54,1,0,0
BRDA:54,1,1,0
BRDA:54,2,0,0
BRDA:54,2,1,0
BRDA:54,2,2,0
BRDA:62,3,0,0
BRF:7
BRH:0
end_of_record
TN:
SF:src/components/documents/DocumentProcessingPanel.tsx
FN:13,DetailRow
FN:24,DocumentProcessingPanel
FN:33,(anonymous_3)
FN:45,(anonymous_4)
FN:99,(anonymous_5)
FNF:5
FNH:0
FNDA:0,DetailRow
FNDA:0,DocumentProcessingPanel
FNDA:0,(anonymous_3)
FNDA:0,(anonymous_4)
FNDA:0,(anonymous_5)
DA:3,0
DA:4,0
DA:24,0
DA:29,0
DA:30,0
DA:31,0
DA:33,0
DA:34,0
DA:35,0
DA:36,0
DA:37,0
DA:39,0
DA:41,0
DA:45,0
DA:46,0
DA:49,0
DA:59,0
DA:70,0
DA:99,0
LF:19
LH:0
BRDA:18,0,0,0
BRDA:39,1,0,0
BRDA:39,1,1,0
BRDA:49,2,0,0
BRDA:59,3,0,0
BRDA:70,4,0,0
BRDA:81,5,0,0
BRDA:87,6,0,0
BRDA:97,7,0,0
BRDA:97,7,1,0
BRF:10
BRH:0
end_of_record
TN:
SF:src/components/documents/DocumentRow.tsx
FN:15,formatFileSize
FN:27,DocumentRow
FN:35,handleDelete
FN:46,handlePreview
FNF:4
FNH:0
FNDA:0,formatFileSize
FNDA:0,DocumentRow
FNDA:0,handleDelete
FNDA:0,handlePreview
DA:3,0
DA:4,0
DA:6,0
DA:7,0
DA:16,0
DA:17,0
DA:18,0
DA:21,0
DA:27,0
DA:28,0
DA:29,0
DA:30,0
DA:31,0
DA:33,0
DA:36,0
DA:37,0
DA:38,0
DA:39,0
DA:40,0
DA:42,0
DA:47,0
LF:21
LH:0
BRDA:16,0,0,0
BRDA:17,1,0,0
BRDA:33,2,0,0
BRDA:33,2,1,0
BRDA:36,3,0,0
BRF:5
BRH:0
end_of_record
TN:
SF:src/components/documents/DocumentUpload.tsx
FN:64,isSupportedType
FN:71,validateFile
FN:78,runUpload
FN:88,(anonymous_4)
FN:89,(anonymous_5)
FN:89,(anonymous_6)
FN:92,(anonymous_7)
FN:118,(anonymous_8)
FN:133,runRetry
FN:140,(anonymous_10)
FN:141,(anonymous_11)
FN:155,(anonymous_12)
FN:156,(anonymous_13)
FN:156,(anonymous_14)
FN:182,(anonymous_15)
FN:198,JobRow
FN:365,DocumentUpload
FN:374,(anonymous_18)
FN:383,(anonymous_19)
FN:393,(anonymous_20)
FN:408,(anonymous_21)
FN:422,(anonymous_22)
FN:427,(anonymous_23)
FN:428,(anonymous_24)
FN:428,(anonymous_25)
FN:446,(anonymous_26)
FN:452,(anonymous_27)
FN:453,(anonymous_28)
FN:453,(anonymous_29)
FN:456,(anonymous_30)
FN:457,(anonymous_31)
FN:457,(anonymous_32)
FN:461,(anonymous_33)
FN:469,(anonymous_34)
FN:475,(anonymous_35)
FN:478,(anonymous_36)
FN:492,(anonymous_37)
FN:496,(anonymous_38)
FN:498,(anonymous_39)
FN:511,(anonymous_40)
FN:541,(anonymous_41)
FN:545,(anonymous_42)
FN:546,(anonymous_43)
FNF:43
FNH:0
FNDA:0,isSupportedType
FNDA:0,validateFile
FNDA:0,runUpload
FNDA:0,(anonymous_4)
FNDA:0,(anonymous_5)
FNDA:0,(anonymous_6)
FNDA:0,(anonymous_7)
FNDA:0,(anonymous_8)
FNDA:0,runRetry
FNDA:0,(anonymous_10)
FNDA:0,(anonymous_11)
FNDA:0,(anonymous_12)
FNDA:0,(anonymous_13)
FNDA:0,(anonymous_14)
FNDA:0,(anonymous_15)
FNDA:0,JobRow
FNDA:0,DocumentUpload
FNDA:0,(anonymous_18)
FNDA:0,(anonymous_19)
FNDA:0,(anonymous_20)
FNDA:0,(anonymous_21)
FNDA:0,(anonymous_22)
FNDA:0,(anonymous_23)
FNDA:0,(anonymous_24)
FNDA:0,(anonymous_25)
FNDA:0,(anonymous_26)
FNDA:0,(anonymous_27)
FNDA:0,(anonymous_28)
FNDA:0,(anonymous_29)
FNDA:0,(anonymous_30)
FNDA:0,(anonymous_31)
FNDA:0,(anonymous_32)
FNDA:0,(anonymous_33)
FNDA:0,(anonymous_34)
FNDA:0,(anonymous_35)
FNDA:0,(anonymous_36)
FNDA:0,(anonymous_37)
FNDA:0,(anonymous_38)
FNDA:0,(anonymous_39)
FNDA:0,(anonymous_40)
FNDA:0,(anonymous_41)
FNDA:0,(anonymous_42)
FNDA:0,(anonymous_43)
DA:3,0
DA:8,0
DA:9,0
DA:11,0
DA:15,0
DA:16,0
DA:17,0
DA:21,0
DA:23,0
DA:29,0
DA:65,0
DA:66,0
DA:68,0
DA:72,0
DA:73,0
DA:88,0
DA:89,0
DA:91,0
DA:92,0
DA:93,0
DA:95,0
DA:97,0
DA:98,0
DA:99,0
DA:100,0
DA:101,0
DA:102,0
DA:103,0
DA:104,0
DA:106,0
DA:107,0
DA:112,0
DA:113,0
DA:116,0
DA:118,0
DA:120,0
DA:121,0
DA:123,0
DA:129,0
DA:140,0
DA:141,0
DA:142,0
DA:155,0
DA:156,0
DA:158,0
DA:159,0
DA:161,0
DA:162,0
DA:163,0
DA:164,0
DA:165,0
DA:166,0
DA:167,0
DA:168,0
DA:170,0
DA:171,0
DA:176,0
DA:177,0
DA:180,0
DA:182,0
DA:184,0
DA:185,0
DA:187,0
DA:192,0
DA:207,0
DA:208,0
DA:209,0
DA:212,0
DA:365,0
DA:366,0
DA:367,0
DA:368,0
DA:369,0
DA:370,0
DA:371,0
DA:372,0
DA:374,0
DA:375,0
DA:376,0
DA:377,0
DA:378,0
DA:379,0
DA:383,0
DA:384,0
DA:385,0
DA:386,0
DA:388,0
DA:392,0
DA:394,0
DA:395,0
DA:398,0
DA:399,0
DA:400,0
DA:401,0
DA:402,0
DA:404,0
DA:406,0
DA:408,0
DA:409,0
DA:410,0
DA:422,0
DA:424,0
DA:425,0
DA:426,0
DA:427,0
DA:428,0
DA:429,0
DA:445,0
DA:447,0
DA:452,0
DA:453,0
DA:456,0
DA:457,0
DA:460,0
DA:462,0
DA:463,0
DA:464,0
DA:469,0
DA:476,0
DA:478,0
DA:493,0
DA:494,0
DA:496,0
DA:498,0
DA:512,0
DA:513,0
DA:542,0
DA:545,0
DA:546,0
LF:129
LH:0
BRDA:65,0,0,0
BRDA:65,0,1,0
BRDA:66,1,0,0
BRDA:68,2,0,0
BRDA:68,2,1,0
BRDA:72,3,0,0
BRDA:89,4,0,0
BRDA:89,4,1,0
BRDA:101,5,0,0
BRDA:106,6,0,0
BRDA:110,7,0,0
BRDA:110,7,1,0
BRDA:116,8,0,0
BRDA:116,9,0,0
BRDA:116,9,1,0
BRDA:126,10,0,0
BRDA:126,10,1,0
BRDA:142,11,0,0
BRDA:142,11,1,0
BRDA:156,12,0,0
BRDA:156,12,1,0
BRDA:165,13,0,0
BRDA:170,14,0,0
BRDA:174,15,0,0
BRDA:174,15,1,0
BRDA:180,16,0,0
BRDA:180,17,0,0
BRDA:180,17,1,0
BRDA:190,18,0,0
BRDA:190,18,1,0
BRDA:207,19,0,0
BRDA:207,19,1,0
BRDA:209,20,0,0
BRDA:209,20,1,0
BRDA:212,21,0,0
BRDA:212,21,1,0
BRDA:214,22,0,0
BRDA:214,22,1,0
BRDA:215,23,0,0
BRDA:215,23,1,0
BRDA:216,24,0,0
BRDA:216,24,1,0
BRDA:218,25,0,0
BRDA:218,25,1,0
BRDA:220,26,0,0
BRDA:220,26,1,0
BRDA:227,27,0,0
BRDA:227,27,1,0
BRDA:234,28,0,0
BRDA:245,29,0,0
BRDA:260,30,0,0
BRDA:281,31,0,0
BRDA:303,32,0,0
BRDA:303,32,1,0
BRDA:305,33,0,0
BRDA:305,33,1,0
BRDA:314,34,0,0
BRDA:314,34,1,0
BRDA:314,34,2,0
BRDA:324,35,0,0
BRDA:344,36,0,0
BRDA:354,37,0,0
BRDA:354,37,1,0
BRDA:377,38,0,0
BRDA:384,39,0,0
BRDA:384,39,1,0
BRDA:395,40,0,0
BRDA:400,41,0,0
BRDA:406,42,0,0
BRDA:414,43,0,0
BRDA:414,43,1,0
BRDA:416,44,0,0
BRDA:416,44,1,0
BRDA:417,45,0,0
BRDA:417,45,1,0
BRDA:425,46,0,0
BRDA:428,47,0,0
BRDA:428,47,1,0
BRDA:457,48,0,0
BRDA:457,48,1,0
BRDA:464,49,0,0
BRDA:469,50,0,0
BRDA:469,50,1,0
BRDA:480,51,0,0
BRDA:480,51,1,0
BRDA:500,52,0,0
BRDA:500,52,1,0
BRDA:512,53,0,0
BRDA:539,54,0,0
BRDA:545,55,0,0
BRDA:545,55,1,0
BRDA:549,56,0,0
BRF:92
BRH:0
end_of_record
TN:
SF:src/components/providers/AuthProvider.tsx
FN:18,AuthProvider
FNF:1
FNH:0
FNDA:0,AuthProvider
DA:7,0
DA:18,0
DA:22,0
LF:3
LH:0
BRF:0
BRH:0
end_of_record
TN:
SF:src/components/providers/SessionErrorGuard.tsx
FN:6,SessionErrorGuard
FN:9,(anonymous_2)
FNF:2
FNH:0
FNDA:0,SessionErrorGuard
FNDA:0,(anonymous_2)
DA:3,0
DA:4,0
DA:6,0
DA:7,0
DA:9,0
DA:10,0
DA:11,0
DA:15,0
LF:8
LH:0
BRDA:10,0,0,0
BRF:1
BRH:0
end_of_record
TN:
SF:src/components/study/CitationCard.tsx
FN:12,CitationCard
FN:25,handleClick
FNF:2
FNH:0
FNDA:0,CitationCard
FNDA:0,handleClick
DA:3,2
DA:12,0
DA:13,0
DA:15,0
DA:21,0
DA:23,0
DA:26,0
DA:27,0
DA:28,0
DA:29,0
DA:30,0
DA:31,0
LF:12
LH:1
BRDA:15,0,0,0
BRDA:15,0,1,0
BRDA:17,1,0,0
BRDA:17,1,1,0
BRDA:21,2,0,0
BRDA:21,2,1,0
BRDA:21,3,0,0
BRDA:21,3,1,0
BRDA:23,4,0,0
BRDA:23,4,1,0
BRDA:26,5,0,0
BRDA:28,6,0,0
BRDA:28,6,1,0
BRDA:29,7,0,0
BRDA:32,8,0,0
BRDA:32,8,1,0
BRDA:38,9,0,0
BRDA:38,9,1,0
BRDA:39,10,0,0
BRDA:39,10,1,0
BRDA:49,11,0,0
BRDA:53,12,0,0
BRF:22
BRH:0
end_of_record
TN:
SF:src/components/study/ContentChunks.tsx
FN:34,ContentChunks
FN:44,(anonymous_2)
FN:45,fetchContent
FN:48,(anonymous_4)
FN:51,(anonymous_5)
FN:56,(anonymous_6)
FN:57,(anonymous_7)
FN:66,(anonymous_8)
FN:67,(anonymous_9)
FN:84,(anonymous_10)
FN:114,(anonymous_11)
FN:136,(anonymous_12)
FN:146,(anonymous_13)
FNF:13
FNH:0
FNDA:0,ContentChunks
FNDA:0,(anonymous_2)
FNDA:0,fetchContent
FNDA:0,(anonymous_4)
FNDA:0,(anonymous_5)
FNDA:0,(anonymous_6)
FNDA:0,(anonymous_7)
FNDA:0,(anonymous_8)
FNDA:0,(anonymous_9)
FNDA:0,(anonymous_10)
FNDA:0,(anonymous_11)
FNDA:0,(anonymous_12)
FNDA:0,(anonymous_13)
DA:3,1
DA:4,1
DA:5,1
DA:34,0
DA:40,0
DA:41,0
DA:42,0
DA:44,0
DA:46,0
DA:47,0
DA:48,0
DA:50,0
DA:52,0
DA:53,0
DA:56,0
DA:57,0
DA:65,0
DA:66,0
DA:67,0
DA:69,0
DA:71,0
DA:73,0
DA:77,0
DA:80,0
DA:85,0
DA:96,0
DA:104,0
DA:105,0
DA:115,0
DA:116,0
DA:137,0
DA:147,0
LF:32
LH:3
BRDA:56,0,0,0
BRDA:56,0,1,0
BRDA:57,1,0,0
BRDA:57,1,1,0
BRDA:59,2,0,0
BRDA:59,2,1,0
BRDA:66,3,0,0
BRDA:66,3,1,0
BRDA:67,4,0,0
BRDA:67,4,1,0
BRDA:71,5,0,0
BRDA:71,5,1,0
BRDA:80,6,0,0
BRDA:96,7,0,0
BRDA:104,8,0,0
BRDA:119,9,0,0
BRDA:119,9,1,0
BRDA:122,10,0,0
BRDA:134,11,0,0
BRDA:138,12,0,0
BRDA:138,12,1,0
BRDA:154,13,0,0
BRF:22
BRH:0
end_of_record
TN:
SF:src/components/study/LessonNav.tsx
FN:14,LessonNav
FN:25,(anonymous_2)
FN:43,(anonymous_3)
FN:52,(anonymous_4)
FNF:4
FNH:4
FNDA:9,LessonNav
FNDA:3,(anonymous_2)
FNDA:21,(anonymous_3)
FNDA:1,(anonymous_4)
DA:14,9
DA:22,9
DA:26,3
DA:32,8
DA:44,21
DA:45,21
DA:46,21
DA:47,21
DA:49,21
DA:52,1
LF:10
LH:10
BRDA:19,0,0,8
BRDA:22,1,0,1
BRDA:32,2,0,1
BRDA:47,3,0,21
BRDA:47,3,1,0
BRDA:54,4,0,1
BRDA:54,4,1,20
BRDA:58,5,0,1
BRDA:58,5,1,20
BRDA:62,6,0,4
BRDA:62,6,1,17
BRDA:66,7,0,4
BRDA:66,7,1,17
BRDA:85,8,0,21
BRDA:91,9,0,21
BRF:15
BRH:14
end_of_record
TN:
SF:src/components/study/OutputPane.tsx
FN:42,ScoreBar
FN:63,EvidenceDrawer
FN:66,(anonymous_4)
FN:72,(anonymous_5)
FN:82,(anonymous_6)
FN:114,(anonymous_7)
FN:138,(anonymous_8)
FN:159,InspectDrawer
FN:175,(anonymous_10)
FN:175,(anonymous_11)
FN:176,(anonymous_12)
FN:193,(anonymous_13)
FN:218,OutputPane
FN:236,(anonymous_15)
FN:243,(anonymous_16)
FN:245,handleSend
FN:249,(anonymous_18)
FN:254,(anonymous_19)
FN:259,(anonymous_20)
FN:271,handleAction
FN:275,(anonymous_22)
FN:280,(anonymous_23)
FN:287,(anonymous_24)
FN:301,(anonymous_25)
FN:317,handleKeyDown
FN:341,(anonymous_27)
FN:342,(anonymous_28)
FN:354,(anonymous_29)
FN:355,(anonymous_30)
FN:406,(anonymous_31)
FN:424,(anonymous_32)
FN:435,(anonymous_33)
FN:435,(anonymous_34)
FN:438,(anonymous_35)
FN:470,(anonymous_36)
FN:541,(anonymous_37)
FNF:36
FNH:3
FNDA:0,ScoreBar
FNDA:0,EvidenceDrawer
FNDA:0,(anonymous_4)
FNDA:0,(anonymous_5)
FNDA:0,(anonymous_6)
FNDA:0,(anonymous_7)
FNDA:0,(anonymous_8)
FNDA:0,InspectDrawer
FNDA:0,(anonymous_10)
FNDA:0,(anonymous_11)
FNDA:0,(anonymous_12)
FNDA:0,(anonymous_13)
FNDA:18,OutputPane
FNDA:18,(anonymous_15)
FNDA:0,(anonymous_16)
FNDA:0,handleSend
FNDA:0,(anonymous_18)
FNDA:0,(anonymous_19)
FNDA:0,(anonymous_20)
FNDA:0,handleAction
FNDA:0,(anonymous_22)
FNDA:0,(anonymous_23)
FNDA:0,(anonymous_24)
FNDA:18,(anonymous_25)
FNDA:0,handleKeyDown
FNDA:0,(anonymous_27)
FNDA:0,(anonymous_28)
FNDA:0,(anonymous_29)
FNDA:0,(anonymous_30)
FNDA:0,(anonymous_31)
FNDA:0,(anonymous_32)
FNDA:0,(anonymous_33)
FNDA:0,(anonymous_34)
FNDA:0,(anonymous_35)
FNDA:0,(anonymous_36)
FNDA:0,(anonymous_37)
DA:3,2
DA:4,2
DA:5,2
DA:6,2
DA:9,2
DA:10,2
DA:43,0
DA:65,0
DA:66,0
DA:67,0
DA:68,0
DA:69,0
DA:71,0
DA:72,0
DA:83,0
DA:115,0
DA:139,0
DA:160,0
DA:161,0
DA:175,0
DA:176,0
DA:194,0
DA:210,2
DA:218,18
DA:227,18
DA:228,18
DA:229,18
DA:230,18
DA:231,18
DA:232,18
DA:233,18
DA:234,18
DA:236,18
DA:237,18
DA:241,18
DA:243,0
DA:246,0
DA:247,0
DA:248,0
DA:249,0
DA:250,0
DA:251,0
DA:252,0
DA:253,0
DA:254,0
DA:259,0
DA:267,0
DA:272,0
DA:273,0
DA:274,0
DA:275,0
DA:276,0
DA:277,0
DA:278,0
DA:279,0
DA:280,0
DA:284,0
DA:285,0
DA:287,0
DA:295,0
DA:296,0
DA:301,18
DA:302,18
DA:309,18
DA:310,0
DA:311,0
DA:318,0
DA:319,0
DA:320,0
DA:324,18
DA:328,18
DA:342,0
DA:343,0
DA:355,0
DA:356,0
DA:407,0
DA:409,0
DA:410,0
DA:424,0
DA:435,0
DA:436,0
DA:438,0
DA:452,0
DA:471,0
DA:541,0
LF:85
LH:24
BRDA:43,0,0,0
BRDA:43,0,1,0
BRDA:67,1,0,0
BRDA:67,1,1,0
BRDA:68,2,0,0
BRDA:68,3,0,0
BRDA:68,3,1,0
BRDA:68,3,2,0
BRDA:71,4,0,0
BRDA:71,4,1,0
BRDA:87,5,0,0
BRDA:87,5,1,0
BRDA:87,5,2,0
BRDA:89,6,0,0
BRDA:96,7,0,0
BRDA:96,7,1,0
BRDA:97,8,0,0
BRDA:97,8,1,0
BRDA:167,9,0,0
BRDA:167,9,1,0
BRDA:169,10,0,0
BRDA:169,10,1,0
BRDA:175,11,0,0
BRDA:175,11,1,0
BRDA:176,12,0,0
BRDA:176,12,1,0
BRDA:222,13,0,18
BRDA:223,14,0,18
BRDA:224,15,0,18
BRDA:247,16,0,0
BRDA:247,17,0,0
BRDA:247,17,1,0
BRDA:263,18,0,0
BRDA:263,18,1,0
BRDA:272,19,0,0
BRDA:272,19,1,0
BRDA:272,19,2,0
BRDA:272,19,3,0
BRDA:284,20,0,0
BRDA:285,21,0,0
BRDA:285,21,1,0
BRDA:291,22,0,0
BRDA:291,22,1,0
BRDA:302,23,0,18
BRDA:303,24,0,18
BRDA:303,24,1,18
BRDA:303,24,2,0
BRDA:303,24,3,0
BRDA:303,24,4,0
BRDA:318,25,0,0
BRDA:318,26,0,0
BRDA:318,26,1,0
BRDA:324,27,0,1
BRDA:324,27,1,17
BRDA:328,28,0,18
BRDA:328,28,1,18
BRDA:335,29,0,18
BRDA:338,30,0,18
BRDA:346,31,0,0
BRDA:346,31,1,0
BRDA:351,32,0,0
BRDA:351,32,1,0
BRDA:359,33,0,0
BRDA:359,33,1,0
BRDA:364,34,0,0
BRDA:364,34,1,0
BRDA:381,35,0,18
BRDA:381,35,1,18
BRDA:395,36,0,18
BRDA:395,36,1,18
BRDA:409,37,0,0
BRDA:429,38,0,0
BRDA:455,39,0,0
BRDA:455,39,1,0
BRDA:459,40,0,0
BRDA:459,40,1,0
BRDA:465,41,0,0
BRDA:465,41,1,0
BRDA:465,41,2,0
BRDA:490,42,0,18
BRDA:510,43,0,18
BRDA:510,43,1,0
BRDA:515,44,0,18
BRDA:515,44,1,0
BRDA:531,45,0,18
BRDA:534,46,0,0
BRDA:534,46,1,0
BRDA:550,47,0,18
BRDA:550,47,1,0
BRF:89
BRH:21
end_of_record
TN:
SF:src/components/study/SourcePane.tsx
FN:21,SourcePane
FN:97,(anonymous_2)
FNF:2
FNH:0
FNDA:0,SourcePane
FNDA:0,(anonymous_2)
DA:3,1
DA:4,1
DA:21,0
DA:34,0
DA:97,0
LF:5
LH:2
BRDA:30,0,0,0
BRDA:34,1,0,0
BRDA:34,1,1,0
BRDA:41,2,0,0
BRDA:59,3,0,0
BRDA:65,4,0,0
BRDA:80,5,0,0
BRF:7
BRH:0
end_of_record
TN:
SF:src/components/study/SplitPane.tsx
FN:13,SplitPane
FN:26,(anonymous_2)
FN:29,(anonymous_3)
FN:31,(anonymous_4)
FN:35,(anonymous_5)
FN:39,(anonymous_6)
FN:46,(anonymous_7)
FN:68,(anonymous_8)
FN:78,(anonymous_9)
FNF:9
FNH:0
FNDA:0,SplitPane
FNDA:0,(anonymous_2)
FNDA:0,(anonymous_3)
FNDA:0,(anonymous_4)
FNDA:0,(anonymous_5)
FNDA:0,(anonymous_6)
FNDA:0,(anonymous_7)
FNDA:0,(anonymous_8)
FNDA:0,(anonymous_9)
DA:3,1
DA:13,0
DA:20,0
DA:21,0
DA:22,0
DA:23,0
DA:24,0
DA:26,0
DA:27,0
DA:28,0
DA:29,0
DA:30,0
DA:31,0
DA:34,0
DA:36,0
DA:37,0
DA:39,0
DA:40,0
DA:41,0
DA:42,0
DA:43,0
DA:46,0
DA:47,0
DA:48,0
DA:49,0
DA:50,0
DA:51,0
DA:54,0
DA:55,0
DA:56,0
DA:57,0
DA:62,0
DA:68,0
DA:78,0
LF:34
LH:1
BRDA:16,0,0,0
BRDA:17,1,0,0
BRDA:18,2,0,0
BRDA:40,3,0,0
BRDA:40,4,0,0
BRDA:40,4,1,0
BRDA:62,5,0,0
BRDA:70,6,0,0
BRDA:70,6,1,0
BRDA:80,7,0,0
BRDA:80,7,1,0
BRDA:89,8,0,0
BRDA:89,8,1,0
BRF:13
BRH:0
end_of_record
TN:
SF:src/components/study/StudyActionBar.tsx
FN:56,StudyActionBar
FN:76,(anonymous_2)
FN:82,(anonymous_3)
FNF:3
FNH:2
FNDA:18,StudyActionBar
FNDA:144,(anonymous_2)
FNDA:0,(anonymous_3)
DA:13,2
DA:56,18
DA:63,18
DA:77,144
DA:78,144
DA:79,144
DA:82,0
LF:7
LH:6
BRDA:61,0,0,0
BRDA:63,1,0,18
BRDA:63,1,1,18
BRDA:63,1,2,18
BRDA:78,2,0,144
BRDA:78,2,1,0
BRDA:84,3,0,144
BRDA:84,3,1,0
BRDA:86,4,0,0
BRDA:86,4,1,144
BRDA:93,5,0,0
BRF:11
BRH:6
end_of_record
TN:
SF:src/components/study/StudyOutput.tsx
FN:14,StudyOutput
FN:51,(anonymous_3)
FN:51,(anonymous_4)
FN:68,(anonymous_5)
FN:79,(anonymous_6)
FN:96,parseQuizQuestion
FN:99,(anonymous_8)
FN:101,(anonymous_9)
FN:103,(anonymous_10)
FN:104,(anonymous_11)
FN:115,QuizQuestion
FN:118,(anonymous_13)
FN:129,(anonymous_14)
FN:136,(anonymous_15)
FN:162,(anonymous_16)
FN:180,(anonymous_17)
FN:180,(anonymous_18)
FN:201,QuizOutput
FN:202,(anonymous_20)
FN:210,(anonymous_21)
FN:219,OralOutput
FN:221,(anonymous_23)
FN:223,handleSubmit
FN:229,answerBox
FN:234,(anonymous_26)
FN:234,(anonymous_27)
FN:240,(anonymous_28)
FN:259,(anonymous_29)
FN:271,QuestionsOutput
FN:272,(anonymous_31)
FN:275,(anonymous_32)
FNF:31
FNH:0
FNDA:0,StudyOutput
FNDA:0,(anonymous_3)
FNDA:0,(anonymous_4)
FNDA:0,(anonymous_5)
FNDA:0,(anonymous_6)
FNDA:0,parseQuizQuestion
FNDA:0,(anonymous_8)
FNDA:0,(anonymous_9)
FNDA:0,(anonymous_10)
FNDA:0,(anonymous_11)
FNDA:0,QuizQuestion
FNDA:0,(anonymous_13)
FNDA:0,(anonymous_14)
FNDA:0,(anonymous_15)
FNDA:0,(anonymous_16)
FNDA:0,(anonymous_17)
FNDA:0,(anonymous_18)
FNDA:0,QuizOutput
FNDA:0,(anonymous_20)
FNDA:0,(anonymous_21)
FNDA:0,OralOutput
FNDA:0,(anonymous_23)
FNDA:0,handleSubmit
FNDA:0,answerBox
FNDA:0,(anonymous_26)
FNDA:0,(anonymous_27)
FNDA:0,(anonymous_28)
FNDA:0,(anonymous_29)
FNDA:0,QuestionsOutput
FNDA:0,(anonymous_31)
FNDA:0,(anonymous_32)
DA:3,2
DA:4,2
DA:6,2
DA:14,0
DA:15,0
DA:17,0
DA:18,0
DA:51,0
DA:69,0
DA:80,0
DA:97,0
DA:99,0
DA:101,0
DA:102,0
DA:103,0
DA:104,0
DA:105,0
DA:112,0
DA:116,0
DA:117,0
DA:118,0
DA:130,0
DA:131,0
DA:132,0
DA:133,0
DA:136,0
DA:162,0
DA:180,0
DA:202,0
DA:203,0
DA:211,0
DA:220,0
DA:221,0
DA:224,0
DA:225,0
DA:226,0
DA:234,0
DA:240,0
DA:248,0
DA:260,0
DA:272,0
DA:276,0
LF:42
LH:3
BRDA:17,0,0,0
BRDA:17,0,1,0
BRDA:22,1,0,0
BRDA:22,1,1,0
BRDA:28,2,0,0
BRDA:28,2,1,0
BRDA:28,2,2,0
BRDA:37,3,0,0
BRDA:37,3,1,0
BRDA:37,4,0,0
BRDA:37,4,1,0
BRDA:39,5,0,0
BRDA:39,5,1,0
BRDA:39,6,0,0
BRDA:39,6,1,0
BRDA:41,7,0,0
BRDA:41,7,1,0
BRDA:41,8,0,0
BRDA:41,8,1,0
BRDA:43,9,0,0
BRDA:43,9,1,0
BRDA:48,10,0,0
BRDA:48,10,1,0
BRDA:55,11,0,0
BRDA:55,11,1,0
BRDA:63,12,0,0
BRDA:63,12,1,0
BRDA:64,13,0,0
BRDA:64,13,1,0
BRDA:66,14,0,0
BRDA:77,15,0,0
BRDA:77,15,1,0
BRDA:102,16,0,0
BRDA:102,16,1,0
BRDA:105,17,0,0
BRDA:105,17,1,0
BRDA:128,18,0,0
BRDA:136,19,0,0
BRDA:136,19,1,0
BRDA:139,20,0,0
BRDA:139,20,1,0
BRDA:139,21,0,0
BRDA:139,21,1,0
BRDA:141,22,0,0
BRDA:141,22,1,0
BRDA:141,23,0,0
BRDA:141,23,1,0
BRDA:141,23,2,0
BRDA:143,24,0,0
BRDA:143,24,1,0
BRDA:148,25,0,0
BRDA:148,25,1,0
BRDA:148,26,0,0
BRDA:148,26,1,0
BRDA:150,27,0,0
BRDA:150,27,1,0
BRDA:150,28,0,0
BRDA:150,28,1,0
BRDA:150,28,2,0
BRDA:161,29,0,0
BRDA:161,29,1,0
BRDA:166,30,0,0
BRDA:169,31,0,0
BRDA:169,31,1,0
BRDA:171,32,0,0
BRDA:171,32,1,0
BRDA:183,33,0,0
BRDA:183,33,1,0
BRDA:185,34,0,0
BRDA:185,34,1,0
BRDA:203,35,0,0
BRDA:224,36,0,0
BRDA:224,36,1,0
BRDA:225,37,0,0
BRDA:225,38,0,0
BRDA:225,38,1,0
BRDA:233,39,0,0
BRDA:233,39,1,0
BRDA:239,40,0,0
BRDA:239,40,1,0
BRDA:239,41,0,0
BRDA:239,41,1,0
BRDA:248,42,0,0
BRF:83
BRH:0
end_of_record
TN:
SF:src/components/ui/BadgeDisplay.tsx
FN:10,BadgeDisplay
FNF:1
FNH:0
FNDA:0,BadgeDisplay
DA:10,0
DA:11,0
DA:12,0
LF:3
LH:0
BRDA:10,0,0,0
BRDA:11,1,0,0
BRDA:11,1,1,0
BRDA:12,2,0,0
BRDA:12,2,1,0
BRDA:26,3,0,0
BRF:6
BRH:0
end_of_record
TN:
SF:src/components/ui/BrandMark.tsx
FN:3,BrandMark
FNF:1
FNH:0
FNDA:0,BrandMark
DA:1,0
DA:3,0
LF:2
LH:0
BRF:0
BRH:0
end_of_record
TN:
SF:src/components/ui/ErrorBoundary.tsx
FN:17,(anonymous_1)
FN:21,(anonymous_2)
FN:29,(anonymous_3)
FN:25,(anonymous_5)
FNF:4
FNH:0
FNDA:0,(anonymous_1)
FNDA:0,(anonymous_2)
FNDA:0,(anonymous_3)
FNDA:0,(anonymous_5)
DA:3,1
DA:14,0
DA:15,0
DA:18,0
DA:22,0
DA:25,0
DA:26,0
DA:30,0
DA:31,0
DA:59,0
LF:10
LH:1
BRDA:30,0,0,0
BRDA:31,1,0,0
BRF:2
BRH:0
end_of_record
TN:
SF:src/components/ui/ProgressBar.tsx
FN:11,ProgressBar
FNF:1
FNH:1
FNDA:13,ProgressBar
DA:11,13
DA:18,13
DA:19,13
DA:20,13
LF:4
LH:4
BRDA:14,0,0,12
BRDA:15,1,0,13
BRDA:16,2,0,13
BRDA:19,3,0,13
BRDA:19,3,1,0
BRDA:20,4,0,3
BRDA:20,4,1,10
BRDA:24,5,0,13
BRDA:24,5,1,12
BRDA:26,6,0,12
BRDA:27,7,0,12
BRDA:36,8,0,13
BRDA:36,8,1,12
BRF:13
BRH:12
end_of_record
TN:
SF:src/components/ui/Toast.tsx
FN:21,(anonymous_3)
FN:23,useToast
FN:37,ToastProvider
FN:41,(anonymous_6)
FN:43,(anonymous_7)
FN:44,(anonymous_8)
FN:45,(anonymous_9)
FN:45,(anonymous_10)
FN:49,(anonymous_11)
FN:50,(anonymous_12)
FN:50,(anonymous_13)
FN:62,(anonymous_14)
FN:76,(anonymous_15)
FNF:13
FNH:0
FNDA:0,(anonymous_3)
FNDA:0,useToast
FNDA:0,ToastProvider
FNDA:0,(anonymous_6)
FNDA:0,(anonymous_7)
FNDA:0,(anonymous_8)
FNDA:0,(anonymous_9)
FNDA:0,(anonymous_10)
FNDA:0,(anonymous_11)
FNDA:0,(anonymous_12)
FNDA:0,(anonymous_13)
FNDA:0,(anonymous_14)
FNDA:0,(anonymous_15)
DA:3,0
DA:21,0
DA:23,0
DA:24,0
DA:29,0
DA:37,0
DA:38,0
DA:39,0
DA:41,0
DA:42,0
DA:43,0
DA:44,0
DA:45,0
DA:49,0
DA:50,0
DA:63,0
DA:64,0
DA:76,0
LF:18
LH:0
BRDA:41,0,0,0
BRDA:56,1,0,0
BRF:2
BRH:0
end_of_record
TN:
SF:src/components/ui/TopBar.tsx
FN:9,TopBar
FN:15,(anonymous_3)
FN:23,toggleDark
FN:60,(anonymous_5)
FN:71,(anonymous_6)
FNF:5
FNH:0
FNDA:0,TopBar
FNDA:0,(anonymous_3)
FNDA:0,toggleDark
FNDA:0,(anonymous_5)
FNDA:0,(anonymous_6)
DA:3,0
DA:4,0
DA:5,0
DA:6,0
DA:7,0
DA:9,0
DA:10,0
DA:11,0
DA:12,0
DA:15,0
DA:16,0
DA:17,0
DA:18,0
DA:19,0
DA:20,0
DA:24,0
DA:25,0
DA:26,0
DA:27,0
DA:30,0
DA:31,0
DA:33,0
DA:34,0
DA:35,0
DA:36,0
DA:38,0
DA:53,0
DA:55,0
DA:57,0
DA:60,0
DA:72,0
LF:31
LH:0
BRDA:18,0,0,0
BRDA:18,0,1,0
BRDA:18,0,2,0
BRDA:27,1,0,0
BRDA:27,1,1,0
BRDA:33,2,0,0
BRDA:33,2,1,0
BRDA:34,3,0,0
BRDA:34,3,1,0
BRDA:35,4,0,0
BRDA:35,4,1,0
BRDA:35,4,2,0
BRDA:40,5,0,0
BRDA:40,5,1,0
BRDA:53,6,0,0
BRDA:53,6,1,0
BRDA:55,7,0,0
BRDA:55,7,1,0
BRDA:55,7,2,0
BRDA:57,8,0,0
BRDA:57,8,1,0
BRDA:76,9,0,0
BRDA:76,9,1,0
BRDA:86,10,0,0
BRDA:86,10,1,0
BRDA:90,11,0,0
BRDA:90,11,1,0
BRDA:104,12,0,0
BRDA:104,12,1,0
BRDA:109,13,0,0
BRF:30
BRH:0
end_of_record
TN:
SF:src/lib/api.ts
FN:8,(anonymous_3)
FN:23,handleResponse
FN:25,(anonymous_5)
FN:35,apiFetch
FNF:4
FNH:0
FNDA:0,(anonymous_3)
FNDA:0,handleResponse
FNDA:0,(anonymous_5)
FNDA:0,apiFetch
DA:2,2
DA:7,0
DA:9,0
DA:11,0
DA:13,0
DA:14,0
DA:24,0
DA:25,0
DA:26,0
DA:32,0
DA:35,0
DA:36,0
DA:38,0
DA:42,0
DA:43,0
DA:46,0
DA:47,0
DA:50,0
DA:56,0
LF:19
LH:1
BRDA:2,0,0,2
BRDA:2,0,1,2
BRDA:3,1,0,0
BRDA:3,1,1,2
BRDA:24,2,0,0
BRDA:28,3,0,0
BRDA:28,3,1,0
BRDA:28,3,2,0
BRDA:35,4,0,0
BRDA:42,5,0,0
BRDA:46,6,0,0
BRDA:46,7,0,0
BRDA:46,7,1,0
BRDA:53,8,0,0
BRDA:53,8,1,0
BRDA:53,9,0,0
BRDA:53,9,1,0
BRF:17
BRH:3
end_of_record
TN:
SF:src/lib/api/adapters.ts
FN:11,mimeToLabel
FN:26,toDocumentListRow
FN:43,toDocumentDetailView
FN:73,toDocumentPreviewView
FNF:4
FNH:0
FNDA:0,mimeToLabel
FNDA:0,toDocumentListRow
FNDA:0,toDocumentDetailView
FNDA:0,toDocumentPreviewView
DA:12,0
DA:13,0
DA:14,0
DA:15,0
DA:16,0
DA:17,0
DA:18,0
DA:20,0
DA:21,0
DA:24,0
DA:26,0
DA:27,0
DA:43,0
DA:44,0
DA:45,0
DA:46,0
DA:47,0
DA:49,0
DA:53,0
DA:73,0
DA:74,0
LF:21
LH:0
BRDA:12,0,0,0
BRDA:14,1,0,0
BRDA:15,2,0,0
BRDA:16,3,0,0
BRDA:17,4,0,0
BRDA:18,5,0,0
BRDA:21,6,0,0
BRDA:21,6,1,0
BRDA:37,7,0,0
BRDA:37,7,1,0
BRDA:45,8,0,0
BRDA:62,9,0,0
BRDA:62,9,1,0
BRF:13
BRH:0
end_of_record
TN:
SF:src/lib/api/courses.ts
FN:4,fetchCourses
FN:14,fetchCourse
FN:18,fetchCourseLessons
FN:25,createCourse
FNF:4
FNH:0
FNDA:0,fetchCourses
FNDA:0,fetchCourse
FNDA:0,fetchCourseLessons
FNDA:0,createCourse
DA:1,0
DA:4,0
DA:9,0
DA:14,0
DA:15,0
DA:18,0
DA:22,0
DA:25,0
DA:29,0
LF:9
LH:0
BRDA:5,0,0,0
BRDA:6,1,0,0
BRF:2
BRH:0
end_of_record
TN:
SF:src/lib/api/documents.ts
FN:21,fetchDocumentsList
FN:30,fetchDocumentStatus
FN:39,fetchDocumentDetail
FN:48,fetchDocumentPreview
FN:57,uploadDocument
FN:73,retryDocument
FN:83,deleteDocument
FN:93,uploadDocumentWithProgress
FN:100,(anonymous_21)
FN:109,(anonymous_22)
FN:113,(anonymous_23)
FN:132,(anonymous_24)
FN:133,(anonymous_25)
FN:141,getDocumentListRows
FN:149,getDocumentDetailView
FN:157,getDocumentPreviewView
FN:167,pollDocumentUntilTerminal
FN:186,(anonymous_30)
FNF:18
FNH:0
FNDA:0,fetchDocumentsList
FNDA:0,fetchDocumentStatus
FNDA:0,fetchDocumentDetail
FNDA:0,fetchDocumentPreview
FNDA:0,uploadDocument
FNDA:0,retryDocument
FNDA:0,deleteDocument
FNDA:0,uploadDocumentWithProgress
FNDA:0,(anonymous_21)
FNDA:0,(anonymous_22)
FNDA:0,(anonymous_23)
FNDA:0,(anonymous_24)
FNDA:0,(anonymous_25)
FNDA:0,getDocumentListRows
FNDA:0,getDocumentDetailView
FNDA:0,getDocumentPreviewView
FNDA:0,pollDocumentUntilTerminal
FNDA:0,(anonymous_30)
DA:1,0
DA:4,0
DA:17,0
DA:21,0
DA:25,0
DA:30,0
DA:34,0
DA:39,0
DA:43,0
DA:48,0
DA:52,0
DA:57,0
DA:63,0
DA:64,0
DA:65,0
DA:66,0
DA:73,0
DA:77,0
DA:83,0
DA:87,0
DA:93,0
DA:100,0
DA:101,0
DA:102,0
DA:103,0
DA:105,0
DA:106,0
DA:107,0
DA:109,0
DA:110,0
DA:113,0
DA:114,0
DA:115,0
DA:116,0
DA:118,0
DA:121,0
DA:122,0
DA:123,0
DA:124,0
DA:128,0
DA:132,0
DA:133,0
DA:135,0
DA:141,0
DA:145,0
DA:146,0
DA:149,0
DA:153,0
DA:154,0
DA:157,0
DA:161,0
DA:162,0
DA:167,0
DA:173,0
DA:174,0
DA:175,0
DA:176,0
DA:177,0
DA:180,0
DA:183,0
DA:186,0
DA:188,0
LF:62
LH:0
BRDA:4,0,0,0
BRDA:4,0,1,0
BRDA:5,1,0,0
BRDA:5,1,1,0
BRDA:61,2,0,0
BRDA:107,3,0,0
BRDA:110,4,0,0
BRDA:114,5,0,0
BRDA:114,5,1,0
BRDA:114,6,0,0
BRDA:114,6,1,0
BRDA:124,7,0,0
BRDA:170,8,0,0
BRDA:171,9,0,0
BRDA:176,10,0,0
BRDA:176,11,0,0
BRDA:176,11,1,0
BRDA:180,12,0,0
BRDA:180,12,1,0
BRDA:180,13,0,0
BRDA:180,13,1,0
BRF:21
BRH:0
end_of_record
TN:
SF:src/lib/api/index.ts
FNF:0
FNH:0
DA:1,0
DA:2,0
DA:3,0
DA:4,0
LF:4
LH:0
BRF:0
BRH:0
end_of_record
TN:
SF:src/lib/auth/config.ts
FN:9,refreshAccessToken
FN:40,(anonymous_3)
FN:56,(anonymous_4)
FN:79,(anonymous_5)
FN:99,(anonymous_6)
FNF:5
FNH:0
FNDA:0,refreshAccessToken
FNDA:0,(anonymous_3)
FNDA:0,(anonymous_4)
FNDA:0,(anonymous_5)
FNDA:0,(anonymous_6)
DA:3,0
DA:5,0
DA:6,0
DA:7,0
DA:10,0
DA:11,0
DA:17,0
DA:18,0
DA:20,0
DA:28,0
DA:32,0
DA:41,0
DA:42,0
DA:45,0
DA:46,0
DA:55,0
DA:56,0
DA:57,0
DA:60,0
DA:62,0
DA:72,0
DA:73,0
DA:80,0
DA:81,0
DA:92,0
DA:93,0
DA:97,0
DA:100,0
DA:101,0
DA:102,0
DA:103,0
DA:104,0
DA:105,0
LF:33
LH:0
BRDA:5,0,0,0
BRDA:5,0,1,0
BRDA:18,1,0,0
BRDA:23,2,0,0
BRDA:23,2,1,0
BRDA:41,3,0,0
BRDA:41,4,0,0
BRDA:41,4,1,0
BRDA:55,5,0,0
BRDA:57,6,0,0
BRDA:57,6,1,0
BRDA:63,7,0,0
BRDA:63,7,1,0
BRDA:64,8,0,0
BRDA:64,8,1,0
BRDA:65,9,0,0
BRDA:65,9,1,0
BRDA:66,10,0,0
BRDA:66,10,1,0
BRDA:67,11,0,0
BRDA:67,11,1,0
BRDA:68,12,0,0
BRDA:68,12,1,0
BRDA:69,13,0,0
BRDA:69,13,1,0
BRDA:72,14,0,0
BRDA:80,15,0,0
BRDA:92,16,0,0
BRDA:92,17,0,0
BRDA:92,17,1,0
BRF:30
BRH:0
end_of_record
TN:
SF:src/lib/middleware/auth-guard.ts
FN:7,authMiddleware
FN:11,(anonymous_4)
FNF:2
FNH:0
FNDA:0,authMiddleware
FNDA:0,(anonymous_4)
DA:1,0
DA:2,0
DA:5,0
DA:7,0
DA:8,0
DA:10,0
DA:11,0
DA:14,0
DA:15,0
DA:18,0
DA:23,0
DA:24,0
DA:25,0
DA:26,0
DA:29,0
DA:32,0
LF:16
LH:0
BRDA:11,0,0,0
BRDA:11,0,1,0
BRDA:14,1,0,0
BRDA:14,2,0,0
BRDA:14,2,1,0
BRDA:14,2,2,0
BRDA:23,3,0,0
BRF:7
BRH:0
end_of_record
TN:
SF:src/lib/services/chat.ts
FN:14,sendChatMessage
FNF:1
FNH:0
FNDA:0,sendChatMessage
DA:1,0
DA:14,0
DA:19,0
DA:24,0
LF:4
LH:0
BRDA:26,0,0,0
BRDA:26,0,1,0
BRF:2
BRH:0
end_of_record
TN:
SF:src/lib/services/courses.ts
FN:23,getCourses
FN:29,getCourse
FN:33,getCourseLessons
FN:37,getLesson
FN:41,createCourse
FNF:5
FNH:0
FNDA:0,getCourses
FNDA:0,getCourse
FNDA:0,getCourseLessons
FNDA:0,getLesson
FNDA:0,createCourse
DA:1,0
DA:5,0
DA:23,0
DA:24,0
DA:29,0
DA:30,0
DA:33,0
DA:34,0
DA:37,0
DA:38,0
DA:41,0
DA:42,0
LF:12
LH:0
BRDA:23,0,0,0
BRDA:23,1,0,0
BRF:2
BRH:0
end_of_record
TN:
SF:src/lib/services/debug.ts
FN:12,getPipelineHealth
FN:16,getDocumentChunks
FN:25,getParsedOutput
FN:32,testRetrieval
FN:50,getEvidencePack
FNF:5
FNH:0
FNDA:0,getPipelineHealth
FNDA:0,getDocumentChunks
FNDA:0,getParsedOutput
FNDA:0,testRetrieval
FNDA:0,getEvidencePack
DA:1,0
DA:12,0
DA:13,0
DA:16,0
DA:20,0
DA:25,0
DA:29,0
DA:32,0
DA:43,0
DA:44,0
DA:50,0
DA:56,0
DA:57,0
LF:13
LH:0
BRDA:35,0,0,0
BRDA:53,1,0,0
BRF:2
BRH:0
end_of_record
TN:
SF:src/lib/services/documents.ts
FN:21,getDocuments
FN:30,uploadDocument
FN:45,getDocumentStatus
FN:54,deleteDocument
FN:68,pollDocumentStatus
FN:87,(anonymous_11)
FNF:6
FNH:0
FNDA:0,getDocuments
FNDA:0,uploadDocument
FNDA:0,getDocumentStatus
FNDA:0,deleteDocument
FNDA:0,pollDocumentStatus
FNDA:0,(anonymous_11)
DA:1,0
DA:21,0
DA:25,0
DA:30,0
DA:35,0
DA:36,0
DA:38,0
DA:45,0
DA:49,0
DA:54,0
DA:58,0
DA:68,0
DA:74,0
DA:75,0
DA:76,0
DA:77,0
DA:78,0
DA:81,0
DA:84,0
DA:87,0
DA:89,0
LF:21
LH:0
BRDA:71,0,0,0
BRDA:72,1,0,0
BRDA:77,2,0,0
BRDA:77,3,0,0
BRDA:77,3,1,0
BRDA:81,4,0,0
BRDA:81,4,1,0
BRDA:81,5,0,0
BRDA:81,5,1,0
BRF:9
BRH:0
end_of_record
TN:
SF:src/lib/services/progress.ts
FN:38,mapProgress
FN:50,mapBadge
FN:60,getCourseProgress
FN:68,markLessonComplete
FN:94,getUserBadges
FN:96,(anonymous_9)
FNF:6
FNH:0
FNDA:0,mapProgress
FNDA:0,mapBadge
FNDA:0,getCourseProgress
FNDA:0,markLessonComplete
FNDA:0,getUserBadges
FNDA:0,(anonymous_9)
DA:1,0
DA:39,0
DA:51,0
DA:60,0
DA:64,0
DA:65,0
DA:68,0
DA:73,0
DA:79,0
DA:80,0
DA:81,0
DA:83,0
DA:94,0
DA:95,0
DA:96,0
LF:15
LH:0
BRDA:46,0,0,0
BRDA:46,0,1,0
BRDA:81,1,0,0
BRDA:81,1,1,0
BRF:4
BRH:0
end_of_record
TN:
SF:src/lib/services/study.ts
FN:6,sendStudyAction
FNF:1
FNH:0
FNDA:0,sendStudyAction
DA:1,2
DA:6,0
DA:12,0
DA:13,0
LF:4
LH:1
BRF:0
BRH:0
end_of_record
