TN:
SF:src/middleware.ts
FNF:0
FNH:0
DA:5,0
LF:1
LH:0
BRF:0
BRH:0
end_of_record
TN:
SF:src/app/layout.tsx
FN:11,RootLayout
FNF:1
FNH:0
FNDA:0,RootLayout
DA:2,0
DA:3,0
DA:5,0
DA:11,0
LF:4
LH:0
BRF:0
BRH:0
end_of_record
TN:
SF:src/app/page.tsx
FN:7,Home
FN:11,(anonymous_2)
FNF:2
FNH:0
FNDA:0,Home
FNDA:0,(anonymous_2)
DA:3,0
DA:4,0
DA:5,0
DA:7,0
DA:8,0
DA:9,0
DA:11,0
DA:12,0
DA:13,0
DA:14,0
DA:15,0
DA:19,0
DA:29,0
LF:13
LH:0
BRDA:12,0,0,0
BRDA:12,0,1,0
BRDA:14,1,0,0
BRDA:19,2,0,0
BRDA:19,3,0,0
BRDA:19,3,1,0
BRF:6
BRH:0
end_of_record
TN:
SF:src/app/(auth)/layout.tsx
FN:11,AuthLayout
FNF:1
FNH:0
FNDA:0,AuthLayout
DA:11,0
LF:1
LH:0
BRF:0
BRH:0
end_of_record
TN:
SF:src/app/(auth)/login/page.tsx
FN:18,LoginPage
FN:36,(anonymous_3)
FN:58,(anonymous_4)
FN:124,(anonymous_5)
FN:153,(anonymous_6)
FNF:5
FNH:5
FNDA:327,LoginPage
FNDA:15,(anonymous_3)
FNDA:15,(anonymous_4)
FNDA:179,(anonymous_5)
FNDA:106,(anonymous_6)
DA:7,2
DA:8,2
DA:9,2
DA:10,2
DA:18,2
DA:19,327
DA:20,327
DA:21,327
DA:22,327
DA:24,327
DA:25,325
DA:26,325
DA:27,325
DA:31,325
DA:36,325
DA:37,15
DA:40,15
DA:41,3
DA:42,12
DA:43,2
DA:47,15
DA:48,6
DA:51,15
DA:52,15
DA:58,325
DA:59,15
DA:62,15
DA:65,15
DA:66,6
DA:69,9
DA:71,9
DA:72,9
DA:79,8
DA:80,2
DA:81,6
DA:82,6
DA:83,6
DA:86,0
DA:88,8
DA:124,179
DA:153,106
LF:41
LH:40
BRDA:21,0,0,327
BRDA:21,0,1,262
BRDA:31,1,0,36
BRDA:31,1,1,289
BRDA:40,2,0,3
BRDA:40,2,1,12
BRDA:42,3,0,2
BRDA:47,4,0,6
BRDA:65,5,0,6
BRDA:79,6,0,2
BRDA:79,6,1,6
BRDA:81,7,0,6
BRDA:97,8,0,325
BRDA:104,9,0,325
BRDA:126,10,0,6
BRDA:126,10,1,319
BRDA:129,11,0,6
BRDA:129,11,1,319
BRDA:130,12,0,6
BRDA:130,12,1,319
BRDA:133,13,0,325
BRDA:155,14,0,7
BRDA:155,14,1,318
BRDA:158,15,0,7
BRDA:158,15,1,318
BRDA:159,16,0,7
BRDA:159,16,1,318
BRDA:162,17,0,325
BRDA:176,18,0,9
BRDA:176,18,1,316
BRF:30
BRH:30
end_of_record
TN:
SF:src/app/(auth)/signup/page.tsx
FN:23,SignupPage
FN:36,(anonymous_3)
FN:78,(anonymous_4)
FN:164,(anonymous_5)
FN:193,(anonymous_6)
FN:222,(anonymous_7)
FN:255,(anonymous_8)
FNF:7
FNH:7
FNDA:774,SignupPage
FNDA:18,(anonymous_3)
FNDA:18,(anonymous_4)
FNDA:17,(anonymous_5)
FNDA:281,(anonymous_6)
FNDA:217,(anonymous_7)
FNDA:209,(anonymous_8)
DA:7,2
DA:8,2
DA:9,2
DA:10,2
DA:13,2
DA:23,2
DA:24,774
DA:26,774
DA:27,772
DA:28,772
DA:29,772
DA:30,772
DA:31,772
DA:36,772
DA:37,18
DA:40,18
DA:41,1
DA:42,17
DA:43,1
DA:47,18
DA:48,0
DA:49,18
DA:50,1
DA:51,17
DA:52,1
DA:53,16
DA:54,1
DA:55,15
DA:56,1
DA:60,18
DA:61,1
DA:62,17
DA:63,1
DA:67,18
DA:68,0
DA:71,18
DA:72,18
DA:78,772
DA:79,18
DA:82,18
DA:85,18
DA:86,8
DA:89,10
DA:91,10
DA:93,10
DA:105,8
DA:106,3
DA:108,3
DA:109,2
DA:110,1
DA:111,0
DA:113,1
DA:115,3
DA:119,5
DA:126,5
DA:128,0
DA:129,5
DA:130,5
DA:131,5
DA:134,1
DA:136,9
DA:164,17
DA:193,281
DA:222,217
DA:255,209
LF:65
LH:61
BRDA:13,0,0,2
BRDA:13,0,1,2
BRDA:40,1,0,1
BRDA:40,1,1,17
BRDA:42,2,0,1
BRDA:47,3,0,0
BRDA:47,3,1,18
BRDA:49,4,0,1
BRDA:49,4,1,17
BRDA:51,5,0,1
BRDA:51,5,1,16
BRDA:53,6,0,1
BRDA:53,6,1,15
BRDA:55,7,0,1
BRDA:60,8,0,1
BRDA:60,8,1,17
BRDA:62,9,0,1
BRDA:67,10,0,0
BRDA:67,11,0,18
BRDA:67,11,1,2
BRDA:85,12,0,8
BRDA:101,13,0,10
BRDA:101,13,1,8
BRDA:105,14,0,3
BRDA:108,15,0,2
BRDA:108,15,1,1
BRDA:110,16,0,0
BRDA:110,16,1,1
BRDA:111,17,0,0
BRDA:111,17,1,0
BRDA:113,18,0,1
BRDA:113,18,1,0
BRDA:126,19,0,0
BRDA:126,19,1,5
BRDA:129,20,0,5
BRDA:145,21,0,772
BRDA:166,22,0,0
BRDA:166,22,1,772
BRDA:169,23,0,0
BRDA:169,23,1,772
BRDA:170,24,0,0
BRDA:170,24,1,772
BRDA:173,25,0,772
BRDA:195,26,0,4
BRDA:195,26,1,768
BRDA:198,27,0,4
BRDA:198,27,1,768
BRDA:199,28,0,4
BRDA:199,28,1,768
BRDA:202,29,0,772
BRDA:224,30,0,4
BRDA:224,30,1,768
BRDA:227,31,0,4
BRDA:227,31,1,768
BRDA:228,32,0,4
BRDA:228,32,1,768
BRDA:232,33,0,4
BRDA:257,34,0,2
BRDA:257,34,1,770
BRDA:260,35,0,2
BRDA:260,35,1,770
BRDA:261,36,0,2
BRDA:261,36,1,770
BRDA:264,37,0,772
BRDA:278,38,0,10
BRDA:278,38,1,762
BRF:66
BRH:56
end_of_record
TN:
SF:src/app/api/auth/[...nextauth]/route.ts
FNF:0
FNH:0
DA:4,0
DA:5,0
DA:7,0
DA:9,0
LF:4
LH:0
BRF:0
BRH:0
end_of_record
TN:
SF:src/app/courses/page.tsx
FN:10,CoursesPage
FN:17,(anonymous_3)
FN:24,fetchCourses
FN:48,(anonymous_5)
FN:80,(anonymous_6)
FN:96,(anonymous_7)
FNF:6
FNH:0
FNDA:0,CoursesPage
FNDA:0,(anonymous_3)
FNDA:0,fetchCourses
FNDA:0,(anonymous_5)
FNDA:0,(anonymous_6)
FNDA:0,(anonymous_7)
DA:3,0
DA:4,0
DA:5,0
DA:6,0
DA:7,0
DA:8,0
DA:10,0
DA:11,0
DA:12,0
DA:13,0
DA:14,0
DA:15,0
DA:17,0
DA:18,0
DA:19,0
DA:20,0
DA:22,0
DA:25,0
DA:26,0
DA:27,0
DA:29,0
DA:31,0
DA:35,0
DA:38,0
DA:49,0
DA:80,0
DA:97,0
LF:27
LH:0
BRDA:18,0,0,0
BRDA:22,1,0,0
BRDA:29,2,0,0
BRDA:29,2,1,0
BRDA:38,3,0,0
BRDA:38,4,0,0
BRDA:38,4,1,0
BRDA:38,4,2,0
BRDA:77,5,0,0
BRDA:87,6,0,0
BRF:10
BRH:0
end_of_record
TN:
SF:src/app/courses/[courseId]/layout.tsx
FN:11,CourseLayout
FN:21,isActive
FN:43,(anonymous_4)
FNF:3
FNH:0
FNDA:0,CourseLayout
FNDA:0,isActive
FNDA:0,(anonymous_4)
DA:3,0
DA:4,0
DA:11,0
DA:12,0
DA:13,0
DA:14,0
DA:16,0
DA:22,0
DA:44,0
LF:9
LH:0
BRDA:22,0,0,0
BRDA:22,0,1,0
BRDA:48,1,0,0
BRDA:48,1,1,0
BRF:4
BRH:0
end_of_record
TN:
SF:src/app/courses/[courseId]/page.tsx
FN:10,CourseWorkspacePage
FN:23,(anonymous_2)
FN:24,(anonymous_3)
FN:27,handleViewPreview
FN:31,(anonymous_5)
FN:32,load
FN:59,(anonymous_7)
FN:79,(anonymous_8)
FN:115,(anonymous_9)
FNF:9
FNH:0
FNDA:0,CourseWorkspacePage
FNDA:0,(anonymous_2)
FNDA:0,(anonymous_3)
FNDA:0,handleViewPreview
FNDA:0,(anonymous_5)
FNDA:0,load
FNDA:0,(anonymous_7)
FNDA:0,(anonymous_8)
FNDA:0,(anonymous_9)
DA:3,0
DA:4,0
DA:5,0
DA:6,0
DA:7,0
DA:8,0
DA:10,0
DA:11,0
DA:12,0
DA:13,0
DA:14,0
DA:15,0
DA:17,0
DA:18,0
DA:19,0
DA:20,0
DA:21,0
DA:23,0
DA:24,0
DA:28,0
DA:31,0
DA:33,0
DA:34,0
DA:38,0
DA:39,0
DA:41,0
DA:43,0
DA:47,0
DA:50,0
DA:60,0
DA:73,0
DA:79,0
DA:116,0
LF:33
LH:0
BRDA:41,0,0,0
BRDA:41,0,1,0
BRDA:47,1,0,0
BRDA:50,2,0,0
BRDA:73,3,0,0
BRDA:73,4,0,0
BRDA:73,4,1,0
BRDA:77,5,0,0
BRDA:77,5,1,0
BRDA:93,6,0,0
BRDA:107,7,0,0
BRF:11
BRH:0
end_of_record
TN:
SF:src/app/courses/[courseId]/documents/[documentId]/preview/page.tsx
FN:9,DocumentPreviewPage
FN:21,(anonymous_2)
FN:33,(anonymous_3)
FN:62,(anonymous_4)
FN:78,(anonymous_5)
FN:119,(anonymous_6)
FN:142,(anonymous_7)
FNF:7
FNH:0
FNDA:0,DocumentPreviewPage
FNDA:0,(anonymous_2)
FNDA:0,(anonymous_3)
FNDA:0,(anonymous_4)
FNDA:0,(anonymous_5)
FNDA:0,(anonymous_6)
FNDA:0,(anonymous_7)
DA:3,0
DA:4,0
DA:5,0
DA:6,0
DA:9,0
DA:10,0
DA:11,0
DA:12,0
DA:13,0
DA:14,0
DA:15,0
DA:17,0
DA:18,0
DA:19,0
DA:21,0
DA:22,0
DA:23,0
DA:24,0
DA:25,0
DA:27,0
DA:29,0
DA:33,0
DA:34,0
DA:37,0
DA:49,0
DA:62,0
DA:78,0
DA:120,0
DA:143,0
LF:29
LH:0
BRDA:27,0,0,0
BRDA:27,0,1,0
BRDA:37,1,0,0
BRDA:49,2,0,0
BRDA:49,3,0,0
BRDA:49,3,1,0
BRDA:53,4,0,0
BRDA:53,4,1,0
BRDA:88,5,0,0
BRDA:89,6,0,0
BRDA:89,6,1,0
BRDA:102,7,0,0
BRDA:118,8,0,0
BRDA:117,9,0,0
BRDA:117,9,1,0
BRDA:141,10,0,0
BRDA:140,11,0,0
BRDA:140,11,1,0
BRDA:146,12,0,0
BRDA:146,12,1,0
BRF:20
BRH:0
end_of_record
TN:
SF:src/app/courses/[courseId]/study/page.tsx
FN:11,StudyPage
FN:20,(anonymous_2)
FN:21,load
FNF:3
FNH:0
FNDA:0,StudyPage
FNDA:0,(anonymous_2)
FNDA:0,load
DA:3,0
DA:4,0
DA:5,0
DA:6,0
DA:7,0
DA:8,0
DA:9,0
DA:11,0
DA:12,0
DA:13,0
DA:14,0
DA:15,0
DA:17,0
DA:18,0
DA:20,0
DA:22,0
DA:23,0
DA:24,0
DA:28,0
DA:31,0
DA:34,0
LF:21
LH:0
BRDA:31,0,0,0
BRDA:34,1,0,0
BRF:2
BRH:0
end_of_record
TN:
SF:src/app/dashboard/page.tsx
FN:9,DashboardPage
FN:15,(anonymous_3)
FN:18,fetchCourses
FN:48,(anonymous_5)
FNF:4
FNH:0
FNDA:0,DashboardPage
FNDA:0,(anonymous_3)
FNDA:0,fetchCourses
FNDA:0,(anonymous_5)
DA:3,0
DA:4,0
DA:5,0
DA:6,0
DA:7,0
DA:9,0
DA:10,0
DA:11,0
DA:12,0
DA:13,0
DA:15,0
DA:16,0
DA:19,0
DA:20,0
DA:21,0
DA:25,0
DA:29,0
DA:32,0
DA:43,0
DA:44,0
DA:45,0
DA:48,0
DA:49,0
LF:23
LH:0
BRDA:16,0,0,0
BRDA:32,1,0,0
BRDA:43,2,0,0
BRDA:72,3,0,0
BRDA:72,3,1,0
BRDA:87,4,0,0
BRDA:87,4,1,0
BRDA:93,5,0,0
BRDA:93,5,1,0
BRDA:106,6,0,0
BRDA:106,6,1,0
BRF:11
BRH:0
end_of_record
TN:
SF:src/components/courses/CourseCard.tsx
FN:10,CourseCard
FNF:1
FNH:0
FNDA:0,CourseCard
DA:3,0
DA:10,0
LF:2
LH:0
BRDA:22,0,0,0
BRF:1
BRH:0
end_of_record
TN:
SF:src/components/courses/DocumentList.tsx
FN:18,formatFileSize
FN:24,formatTime
FN:37,DocumentList
FN:51,(anonymous_4)
FN:72,(anonymous_5)
FN:76,(anonymous_6)
FN:77,(anonymous_7)
FN:79,(anonymous_8)
FN:81,(anonymous_9)
FN:86,handleRefresh
FN:91,toggleExpand
FN:92,(anonymous_12)
FN:98,(anonymous_13)
FN:116,(anonymous_14)
FN:177,(anonymous_15)
FN:183,(anonymous_16)
FNF:16
FNH:0
FNDA:0,formatFileSize
FNDA:0,formatTime
FNDA:0,DocumentList
FNDA:0,(anonymous_4)
FNDA:0,(anonymous_5)
FNDA:0,(anonymous_6)
FNDA:0,(anonymous_7)
FNDA:0,(anonymous_8)
FNDA:0,(anonymous_9)
FNDA:0,handleRefresh
FNDA:0,toggleExpand
FNDA:0,(anonymous_12)
FNDA:0,(anonymous_13)
FNDA:0,(anonymous_14)
FNDA:0,(anonymous_15)
FNDA:0,(anonymous_16)
DA:3,0
DA:4,0
DA:6,0
DA:7,0
DA:16,0
DA:19,0
DA:20,0
DA:21,0
DA:25,0
DA:26,0
DA:33,0
DA:37,0
DA:43,0
DA:44,0
DA:45,0
DA:46,0
DA:47,0
DA:48,0
DA:50,0
DA:52,0
DA:53,0
DA:54,0
DA:55,0
DA:57,0
DA:58,0
DA:59,0
DA:60,0
DA:61,0
DA:62,0
DA:65,0
DA:66,0
DA:72,0
DA:73,0
DA:76,0
DA:77,0
DA:78,0
DA:79,0
DA:81,0
DA:82,0
DA:87,0
DA:88,0
DA:92,0
DA:95,0
DA:99,0
DA:111,0
DA:116,0
DA:125,0
DA:178,0
DA:179,0
DA:183,0
LF:50
LH:0
BRDA:19,0,0,0
BRDA:20,1,0,0
BRDA:40,2,0,0
BRDA:51,3,0,0
BRDA:53,4,0,0
BRDA:57,5,0,0
BRDA:57,5,1,0
BRDA:58,6,0,0
BRDA:58,6,1,0
BRDA:58,7,0,0
BRDA:58,7,1,0
BRDA:61,8,0,0
BRDA:78,9,0,0
BRDA:82,10,0,0
BRDA:92,11,0,0
BRDA:92,11,1,0
BRDA:95,12,0,0
BRDA:111,13,0,0
BRDA:125,14,0,0
BRDA:151,15,0,0
BRDA:151,15,1,0
BRDA:160,16,0,0
BRDA:160,16,1,0
BRDA:172,17,0,0
BRDA:172,17,1,0
BRDA:190,18,0,0
BRDA:190,18,1,0
BRDA:216,19,0,0
BRDA:216,19,1,0
BRDA:226,20,0,0
BRF:30
BRH:0
end_of_record
TN:
SF:src/components/courses/ProcessingIndicator.tsx
FN:49,ProcessingIndicator
FNF:1
FNH:0
FNDA:0,ProcessingIndicator
DA:11,0
DA:38,0
DA:49,0
DA:50,0
DA:51,0
LF:5
LH:0
BRDA:49,0,0,0
BRDA:51,1,0,0
BRDA:51,1,1,0
BRDA:51,2,0,0
BRDA:51,2,1,0
BRDA:51,2,2,0
BRDA:59,3,0,0
BRDA:59,3,1,0
BRF:8
BRH:0
end_of_record
TN:
SF:src/components/documents/DocumentProcessingPanel.tsx
FN:13,DetailRow
FN:22,DocumentProcessingPanel
FN:31,(anonymous_3)
FN:43,(anonymous_4)
FN:97,(anonymous_5)
FNF:5
FNH:0
FNDA:0,DetailRow
FNDA:0,DocumentProcessingPanel
FNDA:0,(anonymous_3)
FNDA:0,(anonymous_4)
FNDA:0,(anonymous_5)
DA:3,0
DA:4,0
DA:22,0
DA:27,0
DA:28,0
DA:29,0
DA:31,0
DA:32,0
DA:33,0
DA:34,0
DA:35,0
DA:37,0
DA:39,0
DA:43,0
DA:44,0
DA:47,0
DA:57,0
DA:68,0
DA:97,0
LF:19
LH:0
BRDA:17,0,0,0
BRDA:37,1,0,0
BRDA:37,1,1,0
BRDA:47,2,0,0
BRDA:57,3,0,0
BRDA:68,4,0,0
BRDA:79,5,0,0
BRDA:85,6,0,0
BRDA:95,7,0,0
BRDA:95,7,1,0
BRF:10
BRH:0
end_of_record
TN:
SF:src/components/documents/DocumentRow.tsx
FN:14,formatFileSize
FN:20,DocumentRow
FN:23,handleDelete
FNF:3
FNH:0
FNDA:0,formatFileSize
FNDA:0,DocumentRow
FNDA:0,handleDelete
DA:3,0
DA:5,0
DA:6,0
DA:15,0
DA:16,0
DA:17,0
DA:20,0
DA:21,0
DA:24,0
DA:25,0
DA:26,0
DA:27,0
DA:28,0
DA:30,0
LF:14
LH:0
BRDA:15,0,0,0
BRDA:16,1,0,0
BRDA:24,2,0,0
BRF:3
BRH:0
end_of_record
TN:
SF:src/components/documents/DocumentUpload.tsx
FN:18,DocumentUpload
FN:24,(anonymous_2)
FN:28,(anonymous_3)
FN:33,(anonymous_4)
FN:42,(anonymous_5)
FN:50,(anonymous_6)
FN:59,(anonymous_7)
FN:73,(anonymous_8)
FN:83,(anonymous_9)
FN:84,(anonymous_10)
FN:89,(anonymous_11)
FN:93,(anonymous_12)
FN:95,(anonymous_13)
FN:108,(anonymous_14)
FN:124,(anonymous_15)
FN:139,(anonymous_16)
FNF:16
FNH:0
FNDA:0,DocumentUpload
FNDA:0,(anonymous_2)
FNDA:0,(anonymous_3)
FNDA:0,(anonymous_4)
FNDA:0,(anonymous_5)
FNDA:0,(anonymous_6)
FNDA:0,(anonymous_7)
FNDA:0,(anonymous_8)
FNDA:0,(anonymous_9)
FNDA:0,(anonymous_10)
FNDA:0,(anonymous_11)
FNDA:0,(anonymous_12)
FNDA:0,(anonymous_13)
FNDA:0,(anonymous_14)
FNDA:0,(anonymous_15)
FNDA:0,(anonymous_16)
DA:3,0
DA:4,0
DA:18,0
DA:19,0
DA:20,0
DA:21,0
DA:23,0
DA:25,0
DA:26,0
DA:28,0
DA:33,0
DA:35,0
DA:36,0
DA:37,0
DA:39,0
DA:40,0
DA:42,0
DA:43,0
DA:44,0
DA:45,0
DA:48,0
DA:50,0
DA:51,0
DA:52,0
DA:53,0
DA:56,0
DA:58,0
DA:59,0
DA:60,0
DA:61,0
DA:62,0
DA:63,0
DA:65,0
DA:72,0
DA:74,0
DA:75,0
DA:76,0
DA:77,0
DA:83,0
DA:84,0
DA:90,0
DA:91,0
DA:93,0
DA:95,0
DA:109,0
DA:110,0
DA:125,0
DA:140,0
LF:48
LH:0
BRDA:26,0,0,0
BRDA:44,1,0,0
BRDA:52,2,0,0
BRDA:58,3,0,0
BRDA:58,3,1,0
BRDA:61,4,0,0
BRDA:76,5,0,0
BRDA:83,6,0,0
BRDA:83,6,1,0
BRDA:97,7,0,0
BRDA:97,7,1,0
BRDA:109,8,0,0
BRDA:122,9,0,0
BRDA:137,10,0,0
BRF:14
BRH:0
end_of_record
TN:
SF:src/components/providers/AuthProvider.tsx
FN:18,AuthProvider
FNF:1
FNH:0
FNDA:0,AuthProvider
DA:7,0
DA:18,0
DA:22,0
LF:3
LH:0
BRF:0
BRH:0
end_of_record
TN:
SF:src/components/study/OutputPane.tsx
FN:3,OutputPane
FNF:1
FNH:0
FNDA:0,OutputPane
DA:3,0
LF:1
LH:0
BRF:0
BRH:0
end_of_record
TN:
SF:src/components/study/SourcePane.tsx
FN:7,SourcePane
FNF:1
FNH:0
FNDA:0,SourcePane
DA:7,0
LF:1
LH:0
BRDA:14,0,0,0
BRF:1
BRH:0
end_of_record
TN:
SF:src/components/study/SplitPane.tsx
FN:13,SplitPane
FN:25,(anonymous_2)
FN:29,(anonymous_3)
FN:36,(anonymous_4)
FNF:4
FNH:0
FNDA:0,SplitPane
FNDA:0,(anonymous_2)
FNDA:0,(anonymous_3)
FNDA:0,(anonymous_4)
DA:3,0
DA:13,0
DA:20,0
DA:21,0
DA:22,0
DA:24,0
DA:26,0
DA:27,0
DA:29,0
DA:30,0
DA:31,0
DA:32,0
DA:33,0
DA:36,0
DA:37,0
DA:38,0
DA:39,0
DA:40,0
DA:41,0
DA:44,0
DA:45,0
DA:46,0
DA:47,0
LF:23
LH:0
BRDA:16,0,0,0
BRDA:17,1,0,0
BRDA:18,2,0,0
BRDA:30,3,0,0
BRDA:30,4,0,0
BRDA:30,4,1,0
BRF:6
BRH:0
end_of_record
TN:
SF:src/lib/api.ts
FN:8,(anonymous_3)
FN:23,handleResponse
FN:25,(anonymous_5)
FN:35,apiFetch
FNF:4
FNH:0
FNDA:0,(anonymous_3)
FNDA:0,handleResponse
FNDA:0,(anonymous_5)
FNDA:0,apiFetch
DA:2,0
DA:7,0
DA:9,0
DA:11,0
DA:13,0
DA:14,0
DA:24,0
DA:25,0
DA:26,0
DA:32,0
DA:35,0
DA:39,0
DA:41,0
DA:45,0
DA:46,0
DA:49,0
DA:50,0
DA:53,0
DA:59,0
LF:19
LH:0
BRDA:2,0,0,0
BRDA:2,0,1,0
BRDA:3,1,0,0
BRDA:3,1,1,0
BRDA:24,2,0,0
BRDA:28,3,0,0
BRDA:28,3,1,0
BRDA:28,3,2,0
BRDA:37,4,0,0
BRDA:45,5,0,0
BRDA:49,6,0,0
BRDA:49,7,0,0
BRDA:49,7,1,0
BRDA:56,8,0,0
BRDA:56,8,1,0
BRDA:56,9,0,0
BRDA:56,9,1,0
BRF:17
BRH:0
end_of_record
TN:
SF:src/lib/api/adapters.ts
FN:12,mimeToLabel
FN:27,toDocumentListRow
FN:43,toDocumentDetailView
FN:72,toDocumentPreviewView
FNF:4
FNH:0
FNDA:0,mimeToLabel
FNDA:0,toDocumentListRow
FNDA:0,toDocumentDetailView
FNDA:0,toDocumentPreviewView
DA:13,0
DA:14,0
DA:15,0
DA:16,0
DA:17,0
DA:18,0
DA:19,0
DA:21,0
DA:22,0
DA:25,0
DA:27,0
DA:28,0
DA:43,0
DA:44,0
DA:45,0
DA:46,0
DA:47,0
DA:49,0
DA:53,0
DA:72,0
DA:73,0
LF:21
LH:0
BRDA:13,0,0,0
BRDA:15,1,0,0
BRDA:16,2,0,0
BRDA:17,3,0,0
BRDA:18,4,0,0
BRDA:19,5,0,0
BRDA:22,6,0,0
BRDA:22,6,1,0
BRDA:45,7,0,0
BRF:9
BRH:0
end_of_record
TN:
SF:src/lib/api/courses.ts
FN:4,fetchCourses
FN:14,fetchCourse
FN:21,fetchCourseLessons
FN:28,createCourse
FNF:4
FNH:0
FNDA:0,fetchCourses
FNDA:0,fetchCourse
FNDA:0,fetchCourseLessons
FNDA:0,createCourse
DA:1,0
DA:4,0
DA:9,0
DA:14,0
DA:18,0
DA:21,0
DA:25,0
DA:28,0
DA:32,0
LF:9
LH:0
BRDA:5,0,0,0
BRDA:6,1,0,0
BRF:2
BRH:0
end_of_record
TN:
SF:src/lib/api/documents.ts
FN:15,fetchDocumentsList
FN:24,fetchDocumentStatus
FN:33,fetchDocumentDetail
FN:42,fetchDocumentPreview
FN:51,uploadDocument
FN:65,deleteDocument
FN:77,getDocumentListRows
FN:85,getDocumentDetailView
FN:93,getDocumentPreviewView
FN:103,pollDocumentUntilTerminal
FN:122,(anonymous_21)
FNF:11
FNH:0
FNDA:0,fetchDocumentsList
FNDA:0,fetchDocumentStatus
FNDA:0,fetchDocumentDetail
FNDA:0,fetchDocumentPreview
FNDA:0,uploadDocument
FNDA:0,deleteDocument
FNDA:0,getDocumentListRows
FNDA:0,getDocumentDetailView
FNDA:0,getDocumentPreviewView
FNDA:0,pollDocumentUntilTerminal
FNDA:0,(anonymous_21)
DA:1,0
DA:11,0
DA:15,0
DA:19,0
DA:24,0
DA:28,0
DA:33,0
DA:37,0
DA:42,0
DA:46,0
DA:51,0
DA:56,0
DA:57,0
DA:58,0
DA:65,0
DA:69,0
DA:77,0
DA:81,0
DA:82,0
DA:85,0
DA:89,0
DA:90,0
DA:93,0
DA:97,0
DA:98,0
DA:103,0
DA:109,0
DA:110,0
DA:111,0
DA:112,0
DA:113,0
DA:116,0
DA:119,0
DA:122,0
DA:124,0
LF:35
LH:0
BRDA:106,0,0,0
BRDA:107,1,0,0
BRDA:112,2,0,0
BRDA:112,3,0,0
BRDA:112,3,1,0
BRDA:116,4,0,0
BRDA:116,4,1,0
BRDA:116,5,0,0
BRDA:116,5,1,0
BRF:9
BRH:0
end_of_record
TN:
SF:src/lib/api/index.ts
FNF:0
FNH:0
DA:1,0
DA:2,0
DA:3,0
DA:4,0
LF:4
LH:0
BRF:0
BRH:0
end_of_record
TN:
SF:src/lib/auth/config.ts
FN:14,(anonymous_2)
FN:30,(anonymous_3)
FN:55,(anonymous_4)
FN:64,(anonymous_5)
FNF:4
FNH:0
FNDA:0,(anonymous_2)
FNDA:0,(anonymous_3)
FNDA:0,(anonymous_4)
FNDA:0,(anonymous_5)
DA:2,0
DA:4,0
DA:6,0
DA:15,0
DA:16,0
DA:19,0
DA:20,0
DA:29,0
DA:30,0
DA:31,0
DA:34,0
DA:36,0
DA:46,0
DA:47,0
DA:49,0
DA:56,0
DA:57,0
DA:58,0
DA:59,0
DA:60,0
DA:62,0
DA:65,0
DA:66,0
DA:67,0
DA:68,0
DA:69,0
DA:71,0
LF:27
LH:0
BRDA:4,0,0,0
BRDA:4,0,1,0
BRDA:15,1,0,0
BRDA:15,2,0,0
BRDA:15,2,1,0
BRDA:29,3,0,0
BRDA:31,4,0,0
BRDA:31,4,1,0
BRDA:37,5,0,0
BRDA:37,5,1,0
BRDA:38,6,0,0
BRDA:38,6,1,0
BRDA:39,7,0,0
BRDA:39,7,1,0
BRDA:40,8,0,0
BRDA:40,8,1,0
BRDA:41,9,0,0
BRDA:41,9,1,0
BRDA:42,10,0,0
BRDA:42,10,1,0
BRDA:43,11,0,0
BRDA:43,11,1,0
BRDA:46,12,0,0
BRDA:56,13,0,0
BRDA:65,14,0,0
BRF:25
BRH:0
end_of_record
TN:
SF:src/lib/middleware/auth-guard.ts
FN:7,authMiddleware
FN:11,(anonymous_4)
FNF:2
FNH:0
FNDA:0,authMiddleware
FNDA:0,(anonymous_4)
DA:1,0
DA:2,0
DA:5,0
DA:7,0
DA:8,0
DA:10,0
DA:11,0
DA:14,0
DA:15,0
DA:18,0
DA:23,0
DA:24,0
DA:25,0
DA:26,0
DA:29,0
DA:32,0
LF:16
LH:0
BRDA:11,0,0,0
BRDA:11,0,1,0
BRDA:14,1,0,0
BRDA:14,2,0,0
BRDA:14,2,1,0
BRDA:14,2,2,0
BRDA:23,3,0,0
BRF:7
BRH:0
end_of_record
TN:
SF:src/lib/services/courses.ts
FN:19,getCourses
FN:29,getCourse
FN:36,getCourseLessons
FN:43,getLesson
FNF:4
FNH:0
FNDA:0,getCourses
FNDA:0,getCourse
FNDA:0,getCourseLessons
FNDA:0,getLesson
DA:1,0
DA:19,0
DA:24,0
DA:29,0
DA:33,0
DA:36,0
DA:40,0
DA:43,0
DA:47,0
LF:9
LH:0
BRDA:20,0,0,0
BRDA:21,1,0,0
BRF:2
BRH:0
end_of_record
TN:
SF:src/lib/services/documents.ts
FN:21,getDocuments
FN:30,uploadDocument
FN:45,getDocumentStatus
FN:54,deleteDocument
FN:68,pollDocumentStatus
FN:87,(anonymous_11)
FNF:6
FNH:0
FNDA:0,getDocuments
FNDA:0,uploadDocument
FNDA:0,getDocumentStatus
FNDA:0,deleteDocument
FNDA:0,pollDocumentStatus
FNDA:0,(anonymous_11)
DA:1,0
DA:21,0
DA:25,0
DA:30,0
DA:35,0
DA:36,0
DA:38,0
DA:45,0
DA:49,0
DA:54,0
DA:58,0
DA:68,0
DA:74,0
DA:75,0
DA:76,0
DA:77,0
DA:78,0
DA:81,0
DA:84,0
DA:87,0
DA:89,0
LF:21
LH:0
BRDA:71,0,0,0
BRDA:72,1,0,0
BRDA:77,2,0,0
BRDA:77,3,0,0
BRDA:77,3,1,0
BRDA:81,4,0,0
BRDA:81,4,1,0
BRDA:81,5,0,0
BRDA:81,5,1,0
BRF:9
BRH:0
end_of_record
